Build started 13/02/2014 19:14:16.
     1>Project "c:\Users\vdmn\Documents\develop\wxWidgets-git4\wxWidgets-new998\build\msw\wx_vc_vdm_xrc.vcxproj" on node 6 (Build target(s)).
     1>CustomBuild:
         Creating ..\..\lib\vc_Win32_dll\mswud\wx\setup.h
         Creating ..\..\lib\vc_Win32_dll\mswud\wx\msw\rcdefs.h
         The process cannot access the file because it is being used by another process.
       ClCompile:
         C:\Program Files (x86)\Intel\Composer XE 2013 SP1\bin\ia32\icl.exe /c /Qvc11 /Qlocation,link,"C:\Program Files (x86)\Microsoft Visual Studio 11.0\VC\\bin" /I..\..\lib\vc_Win32_dll\mswud /I..\..\include /I..\..\src\tiff\libtiff /I..\..\src\jpeg /I..\..\src\png /I..\..\src\zlib /I..\..\src\regex /I..\..\src\expat\lib /Zi /nologo /W4 /MP /O3 /Ob2 /Oi /Ot /Qipo /Qftz /Qopt-matmul- /Quse-intel-optimized-headers /D __INTEL_COMPILER=1400 /D _HAS_ITERATOR_DEBUGGING=0 /D _ITERATOR_DEBUG_LEVEL=0 /D WIN32 /D _USRDLL /D DLL_EXPORTS /D _DEBUG /D _CRT_SECURE_NO_DEPRECATE=1 /D _CRT_NON_CONFORMING_SWPRINTFS=1 /D _SCL_SECURE_NO_WARNINGS=1 /D __WXMSW__ /D _UNICODE /D WXBUILDING /D WXUSINGDLL /D WXMAKINGDLL_XRC /D _WINDLL /D _UNICODE /D UNICODE /GF /EHsc /MDd /GS- /fp:fast=2 /QxHost /Qcheck-pointers-undimensioned- /Zc:wchar_t /Zc:forScope /GR /Qstd=c99 /Qstd=c++0x /Qansi-alias /Yc"wx/wxprec.h" /Fp"Win32\DLL Debug\wx_vc_vdm_xrc\wxprec_xrcdllvc_vdm.pch" /Fo"Win32\DLL Debug\wx_vc_vdm_xrc\\" /Fd"..\..\lib\vc_Win32_dll\wxmsw31ud_xrc_vc_vdm_vc_vdm.pdb" /Gd /TP ..\..\src\common\dummy.cpp /Gm /Qlong_double /Qopt-class-analysis /Qopt-mem-bandwidth2 /Qopt-streaming-stores:auto /Qno-alias-args 
     1>icl : warning #10121: overriding '/Qstd=c99' with '/Qstd=c++0x'
       icl : message #10134: '/Qcheck-pointers-undimensioned' has no effect without '/Qcheck-pointers' specified
         dummy.cpp
     1>..\..\include\wx/textctrl.h(689): warning #809: exception specification for virtual function "wxTextCtrlBase::~wxTextCtrlBase" is incompatible with that of overridden function "std::basic_streambuf<_Elem, _Traits>::~basic_streambuf [with _Elem=char, _Traits=std::char_traits<char>]"
               virtual ~wxTextCtrlBase() { }
                       ^
         
     1>..\..\include\wx/msw/textctrl.h(40): warning #809: exception specification for virtual function "wxTextCtrl::~wxTextCtrl" is incompatible with that of overridden function "std::basic_streambuf<_Elem, _Traits>::~basic_streambuf [with _Elem=char, _Traits=std::char_traits<char>]"
               virtual ~wxTextCtrl();
                       ^
         
         C:\Program Files (x86)\Intel\Composer XE 2013 SP1\bin\ia32\icl.exe /c /Qvc11 /Qlocation,link,"C:\Program Files (x86)\Microsoft Visual Studio 11.0\VC\\bin" /I..\..\lib\vc_Win32_dll\mswud /I..\..\include /I..\..\src\tiff\libtiff /I..\..\src\jpeg /I..\..\src\png /I..\..\src\zlib /I..\..\src\regex /I..\..\src\expat\lib /Zi /nologo /W4 /MP /O3 /Ob2 /Oi /Ot /Qipo /Qftz /Qopt-matmul- /Quse-intel-optimized-headers /D __INTEL_COMPILER=1400 /D _HAS_ITERATOR_DEBUGGING=0 /D _ITERATOR_DEBUG_LEVEL=0 /D WIN32 /D _USRDLL /D DLL_EXPORTS /D _DEBUG /D _CRT_SECURE_NO_DEPRECATE=1 /D _CRT_NON_CONFORMING_SWPRINTFS=1 /D _SCL_SECURE_NO_WARNINGS=1 /D __WXMSW__ /D _UNICODE /D WXBUILDING /D WXUSINGDLL /D WXMAKINGDLL_XRC /D _WINDLL /D _UNICODE /D UNICODE /GF /EHsc /MDd /GS- /fp:fast=2 /QxHost /Qcheck-pointers-undimensioned- /Zc:wchar_t /Zc:forScope /GR /Qstd=c99 /Qstd=c++0x /Qansi-alias /Yu"wx/wxprec.h" /Fp"Win32\DLL Debug\wx_vc_vdm_xrc\wxprec_xrcdllvc_vdm.pch" /Fo"Win32\DLL Debug\wx_vc_vdm_xrc\\" /Fd"..\..\lib\vc_Win32_dll\wxmsw31ud_xrc_vc_vdm_vc_vdm.pdb" /Gd /TP ..\..\src\xrc\xh_animatctrl.cpp ..\..\src\xrc\xh_bannerwindow.cpp ..\..\src\xrc\xh_bmp.cpp ..\..\src\xrc\xh_bmpbt.cpp ..\..\src\xrc\xh_bmpcbox.cpp ..\..\src\xrc\xh_bttn.cpp ..\..\src\xrc\xh_cald.cpp ..\..\src\xrc\xh_chckb.cpp ..\..\src\xrc\xh_chckl.cpp ..\..\src\xrc\xh_choic.cpp ..\..\src\xrc\xh_choicbk.cpp ..\..\src\xrc\xh_clrpicker.cpp ..\..\src\xrc\xh_cmdlinkbn.cpp ..\..\src\xrc\xh_collpane.cpp ..\..\src\xrc\xh_combo.cpp ..\..\src\xrc\xh_comboctrl.cpp ..\..\src\xrc\xh_datectrl.cpp ..\..\src\xrc\xh_dirpicker.cpp ..\..\src\xrc\xh_dlg.cpp ..\..\src\xrc\xh_editlbox.cpp ..\..\src\xrc\xh_filectrl.cpp ..\..\src\xrc\xh_filepicker.cpp ..\..\src\xrc\xh_fontpicker.cpp ..\..\src\xrc\xh_frame.cpp ..\..\src\xrc\xh_gauge.cpp ..\..\src\xrc\xh_gdctl.cpp ..\..\src\xrc\xh_grid.cpp ..\..\src\xrc\xh_html.cpp ..\..\src\xrc\xh_htmllbox.cpp ..\..\src\xrc\xh_hyperlink.cpp ..\..\src\xrc\xh_listb.cpp ..\..\src\xrc\xh_listbk.cpp ..\..\src\xrc\xh_listc.cpp ..\..\src\xrc\xh_mdi.cpp ..\..\src\xrc\xh_menu.cpp ..\..\src\xrc\xh_notbk.cpp ..\..\src\xrc\xh_odcombo.cpp ..\..\src\xrc\xh_panel.cpp ..\..\src\xrc\xh_propdlg.cpp ..\..\src\xrc\xh_radbt.cpp ..\..\src\xrc\xh_radbx.cpp ..\..\src\xrc\xh_scrol.cpp ..\..\src\xrc\xh_scwin.cpp ..\..\src\xrc\xh_sizer.cpp ..\..\src\xrc\xh_slidr.cpp ..\..\src\xrc\xh_spin.cpp ..\..\src\xrc\xh_split.cpp ..\..\src\xrc\xh_srchctrl.cpp ..\..\src\xrc\xh_statbar.cpp ..\..\src\xrc\xh_stbmp.cpp ..\..\src\xrc\xh_stbox.cpp ..\..\src\xrc\xh_stlin.cpp ..\..\src\xrc\xh_sttxt.cpp ..\..\src\xrc\xh_text.cpp ..\..\src\xrc\xh_tglbtn.cpp ..\..\src\xrc\xh_timectrl.cpp ..\..\src\xrc\xh_toolb.cpp ..\..\src\xrc\xh_toolbk.cpp ..\..\src\xrc\xh_tree.cpp ..\..\src\xrc\xh_treebk.cpp ..\..\src\xrc\xh_unkwn.cpp ..\..\src\xrc\xh_wizrd.cpp ..\..\src\xrc\xmladv.cpp ..\..\src\xrc\xmlres.cpp ..\..\src\xrc\xmlrsall.cpp /Gm /Qlong_double /Qopt-class-analysis /Qopt-mem-bandwidth2 /Qopt-streaming-stores:auto /Qno-alias-args 
     1>icl : warning #10121: overriding '/Qstd=c99' with '/Qstd=c++0x'
       icl : message #10134: '/Qcheck-pointers-undimensioned' has no effect without '/Qcheck-pointers' specified
         xh_animatctrl.cpp
         xh_bannerwindow.cpp
         xh_mdi.cpp
         xh_bmp.cpp
         xh_menu.cpp
         xh_bmpbt.cpp
         xh_notbk.cpp
         xh_bmpcbox.cpp
         xh_odcombo.cpp
         xh_bttn.cpp
         xh_panel.cpp
         xh_cald.cpp
         xh_propdlg.cpp
         xh_chckb.cpp
         xh_radbt.cpp
         xh_chckl.cpp
         xh_radbx.cpp
         xh_choic.cpp
         xh_scrol.cpp
         xh_choicbk.cpp
         xh_scwin.cpp
         xh_clrpicker.cpp
         xh_sizer.cpp
         xh_cmdlinkbn.cpp
         xh_collpane.cpp
         xh_slidr.cpp
         xh_combo.cpp
         xh_spin.cpp
         xh_comboctrl.cpp
         xh_split.cpp
         xh_timectrl.cpp
         xh_datectrl.cpp
         xh_gauge.cpp
         xh_srchctrl.cpp
         xh_toolb.cpp
         xh_dirpicker.cpp
         xh_gdctl.cpp
         xh_statbar.cpp
         xh_toolbk.cpp
         xh_dlg.cpp
         xh_stbmp.cpp
         xh_grid.cpp
         xh_tree.cpp
         xh_editlbox.cpp
         xh_stbox.cpp
         xh_treebk.cpp
         xh_html.cpp
         xh_filectrl.cpp
         xh_stlin.cpp
         xh_unkwn.cpp
         xh_htmllbox.cpp
         xh_sttxt.cpp
         xh_filepicker.cpp
         xh_wizrd.cpp
         xh_text.cpp
         xh_fontpicker.cpp
         xh_hyperlink.cpp
         xmladv.cpp
         xh_tglbtn.cpp
         xh_frame.cpp
         xh_listb.cpp
         xmlres.cpp
         xh_listbk.cpp
         xh_listc.cpp
         xmlrsall.cpp
       ResourceCompile:
         C:\Program Files (x86)\Windows Kits\8.0\bin\x86\rc.exe /D _DEBUG /D _CRT_SECURE_NO_DEPRECATE=1 /D _CRT_NON_CONFORMING_SWPRINTFS=1 /D _SCL_SECURE_NO_WARNINGS=1 /D __WXMSW__ /D _UNICODE /D WXBUILDING /D WXDLLNAME=wxmsw31ud_xrc_vc_vdm /D WXUSINGDLL /D WXMAKINGDLL_XRC /D _UNICODE /D UNICODE /l"0x0409" /I..\..\lib\vc_Win32_dll\mswud /I..\..\include /I..\..\src\tiff\libtiff /I..\..\src\jpeg /I..\..\src\png /I..\..\src\zlib /I..\..\src\regex /I..\..\src\expat\lib /nologo /fo"Win32\DLL Debug\wx_vc_vdm_xrc\version.res" ..\..\src\msw\version.rc 
       Link:
         C:\Program Files (x86)\Intel\Composer XE 2013 SP1\bin\ia32\xilink.exe /OUT:"..\..\lib\vc_Win32_dll\wxmsw31ud_xrc_vc_vdm.dll" /INCREMENTAL /NOLOGO /LIBPATH:..\..\lib\vc_Win32_dll\ wxtiffd_vc_vdm.lib wxjpegd_vc_vdm.lib wxpngd_vc_vdm.lib wxzlibd_vc_vdm.lib wxregexud_vc_vdm.lib wxexpatd_vc_vdm.lib kernel32.lib user32.lib gdi32.lib comdlg32.lib winspool.lib winmm.lib shell32.lib comctl32.lib ole32.lib oleaut32.lib uuid.lib rpcrt4.lib advapi32.lib wsock32.lib wininet.lib ..\..\lib\vc_Win32_dll\wxmsw31ud_html_vc_vdm.lib ..\..\lib\vc_Win32_dll\wxmsw31ud_adv_vc_vdm.lib ..\..\lib\vc_Win32_dll\wxmsw31ud_core_vc_vdm.lib ..\..\lib\vc_Win32_dll\wxbase31ud_xml_vc_vdm.lib ..\..\lib\vc_Win32_dll\wxbase31ud_vc_vdm.lib kernel32.lib user32.lib gdi32.lib winspool.lib comdlg32.lib advapi32.lib shell32.lib ole32.lib oleaut32.lib uuid.lib odbc32.lib odbccp32.lib /MANIFEST /ManifestFile:"Win32\DLL Debug\wx_vc_vdm_xrc\wxmsw31ud_xrc_vc_vdm.dll.intermediate.manifest" /MANIFESTUAC:"level='asInvoker' uiAccess='false'" /DEBUG /PDB:"..\..\lib\vc_Win32_dll\wxmsw31ud_xrc_vc_vdm_vc_vdm.pdb" /LARGEADDRESSAWARE /OPT:REF /OPT:ICF /TLBID:1 /RELEASE /DYNAMICBASE /NXCOMPAT /IMPLIB:"..\..\lib\vc_Win32_dll\wxmsw31ud_xrc_vc_vdm.lib" /MACHINE:X86 /SAFESEH /DLL "Win32\DLL Debug\wx_vc_vdm_xrc\version.res"
         "Win32\DLL Debug\wx_vc_vdm_xrc\dummy.obj"
         "Win32\DLL Debug\wx_vc_vdm_xrc\xh_animatctrl.obj"
         "Win32\DLL Debug\wx_vc_vdm_xrc\xh_bannerwindow.obj"
         "Win32\DLL Debug\wx_vc_vdm_xrc\xh_bmp.obj"
         "Win32\DLL Debug\wx_vc_vdm_xrc\xh_bmpbt.obj"
         "Win32\DLL Debug\wx_vc_vdm_xrc\xh_bmpcbox.obj"
         "Win32\DLL Debug\wx_vc_vdm_xrc\xh_bttn.obj"
         "Win32\DLL Debug\wx_vc_vdm_xrc\xh_cald.obj"
         "Win32\DLL Debug\wx_vc_vdm_xrc\xh_chckb.obj"
         "Win32\DLL Debug\wx_vc_vdm_xrc\xh_chckl.obj"
         "Win32\DLL Debug\wx_vc_vdm_xrc\xh_choic.obj"
         "Win32\DLL Debug\wx_vc_vdm_xrc\xh_choicbk.obj"
         "Win32\DLL Debug\wx_vc_vdm_xrc\xh_clrpicker.obj"
         "Win32\DLL Debug\wx_vc_vdm_xrc\xh_cmdlinkbn.obj"
         "Win32\DLL Debug\wx_vc_vdm_xrc\xh_collpane.obj"
         "Win32\DLL Debug\wx_vc_vdm_xrc\xh_combo.obj"
         "Win32\DLL Debug\wx_vc_vdm_xrc\xh_comboctrl.obj"
         "Win32\DLL Debug\wx_vc_vdm_xrc\xh_datectrl.obj"
         "Win32\DLL Debug\wx_vc_vdm_xrc\xh_dirpicker.obj"
         "Win32\DLL Debug\wx_vc_vdm_xrc\xh_dlg.obj"
         "Win32\DLL Debug\wx_vc_vdm_xrc\xh_editlbox.obj"
         "Win32\DLL Debug\wx_vc_vdm_xrc\xh_filectrl.obj"
         "Win32\DLL Debug\wx_vc_vdm_xrc\xh_filepicker.obj"
         "Win32\DLL Debug\wx_vc_vdm_xrc\xh_fontpicker.obj"
         "Win32\DLL Debug\wx_vc_vdm_xrc\xh_frame.obj"
         "Win32\DLL Debug\wx_vc_vdm_xrc\xh_gauge.obj"
         "Win32\DLL Debug\wx_vc_vdm_xrc\xh_gdctl.obj"
         "Win32\DLL Debug\wx_vc_vdm_xrc\xh_grid.obj"
         "Win32\DLL Debug\wx_vc_vdm_xrc\xh_html.obj"
         "Win32\DLL Debug\wx_vc_vdm_xrc\xh_htmllbox.obj"
         "Win32\DLL Debug\wx_vc_vdm_xrc\xh_hyperlink.obj"
         "Win32\DLL Debug\wx_vc_vdm_xrc\xh_listb.obj"
         "Win32\DLL Debug\wx_vc_vdm_xrc\xh_listbk.obj"
         "Win32\DLL Debug\wx_vc_vdm_xrc\xh_listc.obj"
         "Win32\DLL Debug\wx_vc_vdm_xrc\xh_mdi.obj"
         "Win32\DLL Debug\wx_vc_vdm_xrc\xh_menu.obj"
         "Win32\DLL Debug\wx_vc_vdm_xrc\xh_notbk.obj"
         "Win32\DLL Debug\wx_vc_vdm_xrc\xh_odcombo.obj"
         "Win32\DLL Debug\wx_vc_vdm_xrc\xh_panel.obj"
         "Win32\DLL Debug\wx_vc_vdm_xrc\xh_propdlg.obj"
         "Win32\DLL Debug\wx_vc_vdm_xrc\xh_radbt.obj"
         "Win32\DLL Debug\wx_vc_vdm_xrc\xh_radbx.obj"
         "Win32\DLL Debug\wx_vc_vdm_xrc\xh_scrol.obj"
         "Win32\DLL Debug\wx_vc_vdm_xrc\xh_scwin.obj"
         "Win32\DLL Debug\wx_vc_vdm_xrc\xh_sizer.obj"
         "Win32\DLL Debug\wx_vc_vdm_xrc\xh_slidr.obj"
         "Win32\DLL Debug\wx_vc_vdm_xrc\xh_spin.obj"
         "Win32\DLL Debug\wx_vc_vdm_xrc\xh_split.obj"
         "Win32\DLL Debug\wx_vc_vdm_xrc\xh_srchctrl.obj"
         "Win32\DLL Debug\wx_vc_vdm_xrc\xh_statbar.obj"
         "Win32\DLL Debug\wx_vc_vdm_xrc\xh_stbmp.obj"
         "Win32\DLL Debug\wx_vc_vdm_xrc\xh_stbox.obj"
         "Win32\DLL Debug\wx_vc_vdm_xrc\xh_stlin.obj"
         "Win32\DLL Debug\wx_vc_vdm_xrc\xh_sttxt.obj"
         "Win32\DLL Debug\wx_vc_vdm_xrc\xh_text.obj"
         "Win32\DLL Debug\wx_vc_vdm_xrc\xh_tglbtn.obj"
         "Win32\DLL Debug\wx_vc_vdm_xrc\xh_timectrl.obj"
         "Win32\DLL Debug\wx_vc_vdm_xrc\xh_toolb.obj"
         "Win32\DLL Debug\wx_vc_vdm_xrc\xh_toolbk.obj"
         "Win32\DLL Debug\wx_vc_vdm_xrc\xh_tree.obj"
         "Win32\DLL Debug\wx_vc_vdm_xrc\xh_treebk.obj"
         "Win32\DLL Debug\wx_vc_vdm_xrc\xh_unkwn.obj"
         "Win32\DLL Debug\wx_vc_vdm_xrc\xh_wizrd.obj"
         "Win32\DLL Debug\wx_vc_vdm_xrc\xmladv.obj"
         "Win32\DLL Debug\wx_vc_vdm_xrc\xmlres.obj"
         "Win32\DLL Debug\wx_vc_vdm_xrc\xmlrsall.obj"
         xilink: executing 'link'
     1>LINK : warning LNK4075: ignoring '/INCREMENTAL' due to '/OPT:ICF' specification
            Creating library ..\..\lib\vc_Win32_dll\wxmsw31ud_xrc_vc_vdm.lib and object ..\..\lib\vc_Win32_dll\wxmsw31ud_xrc_vc_vdm.exp
     1>Done Building Project "c:\Users\vdmn\Documents\develop\wxWidgets-git4\wxWidgets-new998\build\msw\wx_vc_vdm_xrc.vcxproj" (Build target(s)).

Build succeeded.

Time Elapsed 00:00:50.78
