Build started 11/02/2014 19:36:25.
     1>Project "c:\Users\vdmn\Documents\develop\wxWidgets-git4\wxWidgets-new998\build\msw\wx_vc_vdm_aui.vcxproj" on node 6 (Build target(s)).
     1>ClCompile:
         C:\Program Files (x86)\Intel\Composer XE 2013 SP1\bin\ia32\icl.exe /c /Qvc11 /Qlocation,link,"C:\Program Files (x86)\Microsoft Visual Studio 11.0\VC\\bin" /I..\..\lib\vc_Win32_dll\mswu /I..\..\include /I..\..\src\tiff\libtiff /I..\..\src\jpeg /I..\..\src\png /I..\..\src\zlib /I..\..\src\regex /I..\..\src\expat\lib /Zi /nologo /W4 /MP /O3 /Ob2 /Oi /Ot /Qipo /Qftz /Qopt-matmul- /Quse-intel-optimized-headers /D __INTEL_COMPILER=1400 /D _HAS_ITERATOR_DEBUGGING=0 /D _ITERATOR_DEBUG_LEVEL=0 /D WIN32 /D _USRDLL /D DLL_EXPORTS /D _CRT_SECURE_NO_DEPRECATE=1 /D _CRT_NON_CONFORMING_SWPRINTFS=1 /D _SCL_SECURE_NO_WARNINGS=1 /D __WXMSW__ /D NDEBUG /D _UNICODE /D WXBUILDING /D WXUSINGDLL /D WXMAKINGDLL_AUI /D _WINDLL /D _UNICODE /D UNICODE /GF /EHsc /MD /GS- /fp:fast=2 /QxHost /Qcheck-pointers-undimensioned- /Zc:wchar_t /Zc:forScope /GR /Qstd=c99 /Qstd=c++0x /Qansi-alias /Yc"wx/wxprec.h" /Fp"Win32\DLL Release\wx_vc_vdm_aui\wxprec_auidllvc_vdm.pch" /Fo"Win32\DLL Release\wx_vc_vdm_aui\\" /Fd"..\..\lib\vc_Win32_dll\wxmsw31u_aui_vc_vdm_vc_vdm.pdb" /Gd /TP ..\..\src\common\dummy.cpp /Gm /Qlong_double /Qopt-class-analysis /Qopt-mem-bandwidth2 /Qopt-streaming-stores:auto /Qno-alias-args 
     1>icl : warning #10121: overriding '/Qstd=c99' with '/Qstd=c++0x'
       icl : message #10134: '/Qcheck-pointers-undimensioned' has no effect without '/Qcheck-pointers' specified
         dummy.cpp
     1>..\..\include\wx/textctrl.h(689): warning #809: exception specification for virtual function "wxTextCtrlBase::~wxTextCtrlBase" is incompatible with that of overridden function "std::basic_streambuf<_Elem, _Traits>::~basic_streambuf [with _Elem=char, _Traits=std::char_traits<char>]"
               virtual ~wxTextCtrlBase() { }
                       ^
         
     1>..\..\include\wx/msw/textctrl.h(40): warning #809: exception specification for virtual function "wxTextCtrl::~wxTextCtrl" is incompatible with that of overridden function "std::basic_streambuf<_Elem, _Traits>::~basic_streambuf [with _Elem=char, _Traits=std::char_traits<char>]"
               virtual ~wxTextCtrl();
                       ^
         
         C:\Program Files (x86)\Intel\Composer XE 2013 SP1\bin\ia32\icl.exe /c /Qvc11 /Qlocation,link,"C:\Program Files (x86)\Microsoft Visual Studio 11.0\VC\\bin" /I..\..\lib\vc_Win32_dll\mswu /I..\..\include /I..\..\src\tiff\libtiff /I..\..\src\jpeg /I..\..\src\png /I..\..\src\zlib /I..\..\src\regex /I..\..\src\expat\lib /Zi /nologo /W4 /MP /O3 /Ob2 /Oi /Ot /Qipo /Qftz /Qopt-matmul- /Quse-intel-optimized-headers /D __INTEL_COMPILER=1400 /D _HAS_ITERATOR_DEBUGGING=0 /D _ITERATOR_DEBUG_LEVEL=0 /D WIN32 /D _USRDLL /D DLL_EXPORTS /D _CRT_SECURE_NO_DEPRECATE=1 /D _CRT_NON_CONFORMING_SWPRINTFS=1 /D _SCL_SECURE_NO_WARNINGS=1 /D __WXMSW__ /D NDEBUG /D _UNICODE /D WXBUILDING /D WXUSINGDLL /D WXMAKINGDLL_AUI /D _WINDLL /D _UNICODE /D UNICODE /GF /EHsc /MD /GS- /fp:fast=2 /QxHost /Qcheck-pointers-undimensioned- /Zc:wchar_t /Zc:forScope /GR /Qstd=c99 /Qstd=c++0x /Qansi-alias /Yu"wx/wxprec.h" /Fp"Win32\DLL Release\wx_vc_vdm_aui\wxprec_auidllvc_vdm.pch" /Fo"Win32\DLL Release\wx_vc_vdm_aui\\" /Fd"..\..\lib\vc_Win32_dll\wxmsw31u_aui_vc_vdm_vc_vdm.pdb" /Gd /TP ..\..\src\aui\auibar.cpp ..\..\src\aui\auibook.cpp ..\..\src\aui\dockart.cpp ..\..\src\aui\floatpane.cpp ..\..\src\aui\framemanager.cpp ..\..\src\aui\tabart.cpp ..\..\src\aui\tabmdi.cpp ..\..\src\xrc\xh_auinotbk.cpp ..\..\src\xrc\xh_auitoolb.cpp /Gm /Qlong_double /Qopt-class-analysis /Qopt-mem-bandwidth2 /Qopt-streaming-stores:auto /Qno-alias-args 
     1>icl : warning #10121: overriding '/Qstd=c99' with '/Qstd=c++0x'
       icl : message #10134: '/Qcheck-pointers-undimensioned' has no effect without '/Qcheck-pointers' specified
         auibar.cpp
     1>..\..\src\aui\auibar.cpp(50): warning #650: this pragma must immediately precede a statement
           WX_DEFINE_OBJARRAY(wxAuiToolBarItemArray)
           ^
         
         auibook.cpp
     1>..\..\src\aui\auibook.cpp(45): warning #650: this pragma must immediately precede a statement
           WX_DEFINE_OBJARRAY(wxAuiNotebookPageArray)
           ^
         
     1>..\..\src\aui\auibook.cpp(46): warning #650: this pragma must immediately precede a statement
           WX_DEFINE_OBJARRAY(wxAuiTabContainerButtonArray)
           ^
         
         dockart.cpp
         floatpane.cpp
         framemanager.cpp
     1>..\..\src\aui\framemanager.cpp(56): warning #650: this pragma must immediately precede a statement
           WX_DEFINE_OBJARRAY(wxAuiRectArray)
           ^
         
     1>..\..\src\aui\framemanager.cpp(57): warning #650: this pragma must immediately precede a statement
           WX_DEFINE_OBJARRAY(wxAuiDockUIPartArray)
           ^
         
     1>..\..\src\aui\framemanager.cpp(58): warning #650: this pragma must immediately precede a statement
           WX_DEFINE_OBJARRAY(wxAuiDockInfoArray)
           ^
         
     1>..\..\src\aui\framemanager.cpp(59): warning #650: this pragma must immediately precede a statement
           WX_DEFINE_OBJARRAY(wxAuiPaneButtonArray)
           ^
         
     1>..\..\src\aui\framemanager.cpp(60): warning #650: this pragma must immediately precede a statement
           WX_DEFINE_OBJARRAY(wxAuiPaneInfoArray)
           ^
         
         tabart.cpp
         tabmdi.cpp
         xh_auinotbk.cpp
         xh_auitoolb.cpp
       ResourceCompile:
         C:\Program Files (x86)\Windows Kits\8.0\bin\x86\rc.exe /D _CRT_SECURE_NO_DEPRECATE=1 /D _CRT_NON_CONFORMING_SWPRINTFS=1 /D _SCL_SECURE_NO_WARNINGS=1 /D __WXMSW__ /D NDEBUG /D _UNICODE /D WXBUILDING /D WXDLLNAME=wxmsw31u_aui_vc_vdm /D WXUSINGDLL /D WXMAKINGDLL_AUI /D _UNICODE /D UNICODE /l"0x0409" /I..\..\lib\vc_Win32_dll\mswu /I..\..\include /I..\..\src\tiff\libtiff /I..\..\src\jpeg /I..\..\src\png /I..\..\src\zlib /I..\..\src\regex /I..\..\src\expat\lib /nologo /fo"Win32\DLL Release\wx_vc_vdm_aui\version.res" ..\..\src\msw\version.rc 
       Link:
         C:\Program Files (x86)\Intel\Composer XE 2013 SP1\bin\ia32\xilink.exe /OUT:"..\..\lib\vc_Win32_dll\wxmsw31u_aui_vc_vdm.dll" /INCREMENTAL:NO /NOLOGO /LIBPATH:..\..\lib\vc_Win32_dll\ wxtiff_vc_vdm.lib wxjpeg_vc_vdm.lib wxpng_vc_vdm.lib wxzlib_vc_vdm.lib wxregexu_vc_vdm.lib wxexpat_vc_vdm.lib kernel32.lib user32.lib gdi32.lib comdlg32.lib winspool.lib winmm.lib shell32.lib comctl32.lib ole32.lib oleaut32.lib uuid.lib rpcrt4.lib advapi32.lib wsock32.lib wininet.lib ..\..\lib\vc_Win32_dll\wxmsw31u_adv_vc_vdm.lib ..\..\lib\vc_Win32_dll\wxmsw31u_core_vc_vdm.lib ..\..\lib\vc_Win32_dll\wxbase31u_vc_vdm.lib kernel32.lib user32.lib gdi32.lib winspool.lib comdlg32.lib advapi32.lib shell32.lib ole32.lib oleaut32.lib uuid.lib odbc32.lib odbccp32.lib /MANIFEST /ManifestFile:"Win32\DLL Release\wx_vc_vdm_aui\wxmsw31u_aui_vc_vdm.dll.intermediate.manifest" /MANIFESTUAC:"level='asInvoker' uiAccess='false'" /DEBUG /PDB:"..\..\lib\vc_Win32_dll\wxmsw31u_aui_vc_vdm_vc_vdm.pdb" /LARGEADDRESSAWARE /OPT:REF /OPT:ICF /TLBID:1 /RELEASE /DYNAMICBASE /NXCOMPAT /IMPLIB:"..\..\lib\vc_Win32_dll\wxmsw31u_aui_vc_vdm.lib" /MACHINE:X86 /SAFESEH /DLL "Win32\DLL Release\wx_vc_vdm_aui\version.res"
         "Win32\DLL Release\wx_vc_vdm_aui\dummy.obj"
         "Win32\DLL Release\wx_vc_vdm_aui\auibar.obj"
         "Win32\DLL Release\wx_vc_vdm_aui\auibook.obj"
         "Win32\DLL Release\wx_vc_vdm_aui\dockart.obj"
         "Win32\DLL Release\wx_vc_vdm_aui\floatpane.obj"
         "Win32\DLL Release\wx_vc_vdm_aui\framemanager.obj"
         "Win32\DLL Release\wx_vc_vdm_aui\tabart.obj"
         "Win32\DLL Release\wx_vc_vdm_aui\tabmdi.obj"
         "Win32\DLL Release\wx_vc_vdm_aui\xh_auinotbk.obj"
         "Win32\DLL Release\wx_vc_vdm_aui\xh_auitoolb.obj"
         xilink: executing 'link'
            Creating library ..\..\lib\vc_Win32_dll\wxmsw31u_aui_vc_vdm.lib and object ..\..\lib\vc_Win32_dll\wxmsw31u_aui_vc_vdm.exp
         wx_vc_vdm_aui.vcxproj -> c:\Users\vdmn\Documents\develop\wxWidgets-git4\wxWidgets-new998\build\msw\..\..\lib\vc_Win32_dll\wxmsw31u_aui_vc_vdm.dll
     1>Done Building Project "c:\Users\vdmn\Documents\develop\wxWidgets-git4\wxWidgets-new998\build\msw\wx_vc_vdm_aui.vcxproj" (Build target(s)).

Build succeeded.

Time Elapsed 00:00:29.07
