C:\USERS\VDMW\DOCUMENTS\VDM\MSYS\1.0\HOME\ROOT\WXWIDGETS-GIT4\WXWIDGETS\SAMPLES\COMBO_ICL\VC_MSWUDLL\COMBO.EXE
C:\USERS\VDMW\DOCUMENTS\VDM\MSYS\1.0\HOME\ROOT\WXWIDGETS-GIT4\WXWIDGETS\SAMPLES\COMBO_ICL\VC_MSWUDLL\COMBO\COMBO.EXE.INTERMEDIATE.MANIFEST
C:\USERS\VDMW\DOCUMENTS\VDM\MSYS\1.0\HOME\ROOT\WXWIDGETS-GIT4\WXWIDGETS\SAMPLES\COMBO_ICL\VC_MSWUDLL\COMBO\COMBO.OBJ
c:\Users\vdmw\Documents\vdm\msys\1.0\home\root\wxWidgets-git4\wxWidgets\samples\combo_icl\vc_mswudll\combo\icl.command.1.tlog
c:\Users\vdmw\Documents\vdm\msys\1.0\home\root\wxWidgets-git4\wxWidgets\samples\combo_icl\vc_mswudll\combo\icl.read.1.tlog
c:\Users\vdmw\Documents\vdm\msys\1.0\home\root\wxWidgets-git4\wxWidgets\samples\combo_icl\vc_mswudll\combo\icl.write.1.tlog
c:\Users\vdmw\Documents\vdm\msys\1.0\home\root\wxWidgets-git4\wxWidgets\samples\combo_icl\vc_mswudll\combo\icl-mcpcom.read.1.tlog
c:\Users\vdmw\Documents\vdm\msys\1.0\home\root\wxWidgets-git4\wxWidgets\samples\combo_icl\vc_mswudll\combo\icl-mcpcom.write.1.tlog
c:\Users\vdmw\Documents\vdm\msys\1.0\home\root\wxWidgets-git4\wxWidgets\samples\combo_icl\vc_mswudll\combo\mt.command.1.tlog
c:\Users\vdmw\Documents\vdm\msys\1.0\home\root\wxWidgets-git4\wxWidgets\samples\combo_icl\vc_mswudll\combo\mt.read.1.tlog
c:\Users\vdmw\Documents\vdm\msys\1.0\home\root\wxWidgets-git4\wxWidgets\samples\combo_icl\vc_mswudll\combo\mt.write.1.tlog
c:\Users\vdmw\Documents\vdm\msys\1.0\home\root\wxWidgets-git4\wxWidgets\samples\combo_icl\vc_mswudll\combo\rc.command.1.tlog
c:\Users\vdmw\Documents\vdm\msys\1.0\home\root\wxWidgets-git4\wxWidgets\samples\combo_icl\vc_mswudll\combo\rc.read.1.tlog
c:\Users\vdmw\Documents\vdm\msys\1.0\home\root\wxWidgets-git4\wxWidgets\samples\combo_icl\vc_mswudll\combo\rc.write.1.tlog
C:\USERS\VDMW\DOCUMENTS\VDM\MSYS\1.0\HOME\ROOT\WXWIDGETS-GIT4\WXWIDGETS\SAMPLES\COMBO_ICL\VC_MSWUDLL\COMBO\SAMPLE.RES
c:\Users\vdmw\Documents\vdm\msys\1.0\home\root\wxWidgets-git4\wxWidgets\samples\combo_icl\vc_mswudll\combo\xilink.command.1.tlog
c:\Users\vdmw\Documents\vdm\msys\1.0\home\root\wxWidgets-git4\wxWidgets\samples\combo_icl\vc_mswudll\combo\xilink.read.1.tlog
c:\Users\vdmw\Documents\vdm\msys\1.0\home\root\wxWidgets-git4\wxWidgets\samples\combo_icl\vc_mswudll\combo\xilink.write.1.tlog
c:\Users\vdmw\Documents\vdm\msys\1.0\home\root\wxWidgets-git4\wxWidgets\samples\combo_icl\vc_mswudll\combo\xilink-link.read.1.tlog
c:\Users\vdmw\Documents\vdm\msys\1.0\home\root\wxWidgets-git4\wxWidgets\samples\combo_icl\vc_mswudll\combo\xilink-link.write.1.tlog
c:\Users\vdmw\Documents\vdm\msys\1.0\home\root\wxWidgets-git4\wxWidgets\samples\combo_icl\vc_mswudll\combo\xilink-link-cvtres.read.1.tlog
c:\Users\vdmw\Documents\vdm\msys\1.0\home\root\wxWidgets-git4\wxWidgets\samples\combo_icl\vc_mswudll\combo\xilink-link-cvtres.write.1.tlog
c:\Users\vdmw\Documents\vdm\msys\1.0\home\root\wxWidgets-git4\wxWidgets\samples\combo_icl\vc_mswudll\combo\xilink-mcpcom.read.1.tlog
c:\Users\vdmw\Documents\vdm\msys\1.0\home\root\wxWidgets-git4\wxWidgets\samples\combo_icl\vc_mswudll\combo\xilink-mcpcom.write.1.tlog
vc_mswudll\combo.pdb
