c:\users\vdmn\documents\develop\wxwidgets-git4\wxwidgets-new998\build\msw\win32\dll release\vc_mswudll\wxjpeg\jcapimin.obj
c:\users\vdmn\documents\develop\wxwidgets-git4\wxwidgets-new998\build\msw\win32\dll release\vc_mswudll\wxjpeg\jcapistd.obj
c:\users\vdmn\documents\develop\wxwidgets-git4\wxwidgets-new998\build\msw\win32\dll release\vc_mswudll\wxjpeg\jccoefct.obj
c:\users\vdmn\documents\develop\wxwidgets-git4\wxwidgets-new998\build\msw\win32\dll release\vc_mswudll\wxjpeg\jccolor.obj
c:\users\vdmn\documents\develop\wxwidgets-git4\wxwidgets-new998\build\msw\win32\dll release\vc_mswudll\wxjpeg\jcdctmgr.obj
c:\users\vdmn\documents\develop\wxwidgets-git4\wxwidgets-new998\build\msw\win32\dll release\vc_mswudll\wxjpeg\jchuff.obj
c:\users\vdmn\documents\develop\wxwidgets-git4\wxwidgets-new998\build\msw\win32\dll release\vc_mswudll\wxjpeg\jcinit.obj
c:\users\vdmn\documents\develop\wxwidgets-git4\wxwidgets-new998\build\msw\win32\dll release\vc_mswudll\wxjpeg\jcmainct.obj
c:\users\vdmn\documents\develop\wxwidgets-git4\wxwidgets-new998\build\msw\win32\dll release\vc_mswudll\wxjpeg\jcmarker.obj
c:\users\vdmn\documents\develop\wxwidgets-git4\wxwidgets-new998\build\msw\win32\dll release\vc_mswudll\wxjpeg\jcmaster.obj
c:\users\vdmn\documents\develop\wxwidgets-git4\wxwidgets-new998\build\msw\win32\dll release\vc_mswudll\wxjpeg\jcomapi.obj
c:\users\vdmn\documents\develop\wxwidgets-git4\wxwidgets-new998\build\msw\win32\dll release\vc_mswudll\wxjpeg\jcparam.obj
c:\users\vdmn\documents\develop\wxwidgets-git4\wxwidgets-new998\build\msw\win32\dll release\vc_mswudll\wxjpeg\jcphuff.obj
c:\users\vdmn\documents\develop\wxwidgets-git4\wxwidgets-new998\build\msw\win32\dll release\vc_mswudll\wxjpeg\jcprepct.obj
c:\users\vdmn\documents\develop\wxwidgets-git4\wxwidgets-new998\build\msw\win32\dll release\vc_mswudll\wxjpeg\jcsample.obj
c:\users\vdmn\documents\develop\wxwidgets-git4\wxwidgets-new998\build\msw\win32\dll release\vc_mswudll\wxjpeg\jctrans.obj
c:\users\vdmn\documents\develop\wxwidgets-git4\wxwidgets-new998\build\msw\win32\dll release\vc_mswudll\wxjpeg\jdapimin.obj
c:\users\vdmn\documents\develop\wxwidgets-git4\wxwidgets-new998\build\msw\win32\dll release\vc_mswudll\wxjpeg\jdapistd.obj
c:\users\vdmn\documents\develop\wxwidgets-git4\wxwidgets-new998\build\msw\win32\dll release\vc_mswudll\wxjpeg\jdatadst.obj
c:\users\vdmn\documents\develop\wxwidgets-git4\wxwidgets-new998\build\msw\win32\dll release\vc_mswudll\wxjpeg\jdatasrc.obj
c:\users\vdmn\documents\develop\wxwidgets-git4\wxwidgets-new998\build\msw\win32\dll release\vc_mswudll\wxjpeg\jdcoefct.obj
c:\users\vdmn\documents\develop\wxwidgets-git4\wxwidgets-new998\build\msw\win32\dll release\vc_mswudll\wxjpeg\jdcolor.obj
c:\users\vdmn\documents\develop\wxwidgets-git4\wxwidgets-new998\build\msw\win32\dll release\vc_mswudll\wxjpeg\jddctmgr.obj
c:\users\vdmn\documents\develop\wxwidgets-git4\wxwidgets-new998\build\msw\win32\dll release\vc_mswudll\wxjpeg\jfdctint.obj
c:\users\vdmn\documents\develop\wxwidgets-git4\wxwidgets-new998\build\msw\win32\dll release\vc_mswudll\wxjpeg\jidctflt.obj
c:\users\vdmn\documents\develop\wxwidgets-git4\wxwidgets-new998\build\msw\win32\dll release\vc_mswudll\wxjpeg\jidctfst.obj
c:\users\vdmn\documents\develop\wxwidgets-git4\wxwidgets-new998\build\msw\win32\dll release\vc_mswudll\wxjpeg\jidctint.obj
c:\users\vdmn\documents\develop\wxwidgets-git4\wxwidgets-new998\build\msw\win32\dll release\vc_mswudll\wxjpeg\jidctred.obj
c:\users\vdmn\documents\develop\wxwidgets-git4\wxwidgets-new998\build\msw\win32\dll release\vc_mswudll\wxjpeg\jmemmgr.obj
c:\users\vdmn\documents\develop\wxwidgets-git4\wxwidgets-new998\build\msw\win32\dll release\vc_mswudll\wxjpeg\jmemnobs.obj
c:\users\vdmn\documents\develop\wxwidgets-git4\wxwidgets-new998\build\msw\win32\dll release\vc_mswudll\wxjpeg\jquant1.obj
c:\users\vdmn\documents\develop\wxwidgets-git4\wxwidgets-new998\build\msw\win32\dll release\vc_mswudll\wxjpeg\jquant2.obj
c:\users\vdmn\documents\develop\wxwidgets-git4\wxwidgets-new998\build\msw\win32\dll release\vc_mswudll\wxjpeg\jutils.obj
c:\users\vdmn\documents\develop\wxwidgets-git4\wxwidgets-new998\build\msw\win32\dll release\vc_mswudll\wxjpeg\jdhuff.obj
c:\users\vdmn\documents\develop\wxwidgets-git4\wxwidgets-new998\build\msw\win32\dll release\vc_mswudll\wxjpeg\jdinput.obj
c:\users\vdmn\documents\develop\wxwidgets-git4\wxwidgets-new998\build\msw\win32\dll release\vc_mswudll\wxjpeg\jdmainct.obj
c:\users\vdmn\documents\develop\wxwidgets-git4\wxwidgets-new998\build\msw\win32\dll release\vc_mswudll\wxjpeg\jdmarker.obj
c:\users\vdmn\documents\develop\wxwidgets-git4\wxwidgets-new998\build\msw\win32\dll release\vc_mswudll\wxjpeg\jdmaster.obj
c:\users\vdmn\documents\develop\wxwidgets-git4\wxwidgets-new998\build\msw\win32\dll release\vc_mswudll\wxjpeg\jdmerge.obj
c:\users\vdmn\documents\develop\wxwidgets-git4\wxwidgets-new998\build\msw\win32\dll release\vc_mswudll\wxjpeg\jdphuff.obj
c:\users\vdmn\documents\develop\wxwidgets-git4\wxwidgets-new998\build\msw\win32\dll release\vc_mswudll\wxjpeg\jdpostct.obj
c:\users\vdmn\documents\develop\wxwidgets-git4\wxwidgets-new998\build\msw\win32\dll release\vc_mswudll\wxjpeg\jdsample.obj
c:\users\vdmn\documents\develop\wxwidgets-git4\wxwidgets-new998\build\msw\win32\dll release\vc_mswudll\wxjpeg\jdtrans.obj
c:\users\vdmn\documents\develop\wxwidgets-git4\wxwidgets-new998\build\msw\win32\dll release\vc_mswudll\wxjpeg\jerror.obj
c:\users\vdmn\documents\develop\wxwidgets-git4\wxwidgets-new998\build\msw\win32\dll release\vc_mswudll\wxjpeg\jfdctflt.obj
c:\users\vdmn\documents\develop\wxwidgets-git4\wxwidgets-new998\build\msw\win32\dll release\vc_mswudll\wxjpeg\jfdctfst.obj
c:\users\vdmn\documents\develop\wxwidgets-git4\wxwidgets-new998\lib\vc_win32_dll\wxjpeg_vc_vdm.lib
c:\users\vdmn\documents\develop\wxwidgets-git4\wxwidgets-new998\build\msw\win32\dll release\wx_vc_vdm_wxjpeg\icl-mcpcom.1600.read.1.tlog
c:\users\vdmn\documents\develop\wxwidgets-git4\wxwidgets-new998\build\msw\win32\dll release\wx_vc_vdm_wxjpeg\icl-mcpcom.1600.write.1.tlog
c:\users\vdmn\documents\develop\wxwidgets-git4\wxwidgets-new998\build\msw\win32\dll release\wx_vc_vdm_wxjpeg\icl-mcpcom.5312.1760.read.1.tlog
c:\users\vdmn\documents\develop\wxwidgets-git4\wxwidgets-new998\build\msw\win32\dll release\wx_vc_vdm_wxjpeg\icl-mcpcom.5312.1760.write.1.tlog
c:\users\vdmn\documents\develop\wxwidgets-git4\wxwidgets-new998\build\msw\win32\dll release\wx_vc_vdm_wxjpeg\icl-mcpcom.5312.read.1.tlog
c:\users\vdmn\documents\develop\wxwidgets-git4\wxwidgets-new998\build\msw\win32\dll release\wx_vc_vdm_wxjpeg\icl-mcpcom.5312.write.1.tlog
c:\users\vdmn\documents\develop\wxwidgets-git4\wxwidgets-new998\build\msw\win32\dll release\wx_vc_vdm_wxjpeg\icl-mcpcom.read.1.tlog
c:\users\vdmn\documents\develop\wxwidgets-git4\wxwidgets-new998\build\msw\win32\dll release\wx_vc_vdm_wxjpeg\icl-mcpcom.write.1.tlog
c:\users\vdmn\documents\develop\wxwidgets-git4\wxwidgets-new998\build\msw\win32\dll release\wx_vc_vdm_wxjpeg\icl.command.1.tlog
c:\users\vdmn\documents\develop\wxwidgets-git4\wxwidgets-new998\build\msw\win32\dll release\wx_vc_vdm_wxjpeg\icl.read.1.tlog
c:\users\vdmn\documents\develop\wxwidgets-git4\wxwidgets-new998\build\msw\win32\dll release\wx_vc_vdm_wxjpeg\icl.write.1.tlog
c:\users\vdmn\documents\develop\wxwidgets-git4\wxwidgets-new998\build\msw\win32\dll release\wx_vc_vdm_wxjpeg\xilib-xilink-lib-link.read.1.tlog
c:\users\vdmn\documents\develop\wxwidgets-git4\wxwidgets-new998\build\msw\win32\dll release\wx_vc_vdm_wxjpeg\xilib-xilink-lib-link.write.1.tlog
c:\users\vdmn\documents\develop\wxwidgets-git4\wxwidgets-new998\build\msw\win32\dll release\wx_vc_vdm_wxjpeg\xilib-xilink-mcpcom.100.read.1.tlog
c:\users\vdmn\documents\develop\wxwidgets-git4\wxwidgets-new998\build\msw\win32\dll release\wx_vc_vdm_wxjpeg\xilib-xilink-mcpcom.100.write.1.tlog
c:\users\vdmn\documents\develop\wxwidgets-git4\wxwidgets-new998\build\msw\win32\dll release\wx_vc_vdm_wxjpeg\xilib-xilink-mcpcom.1896.read.1.tlog
c:\users\vdmn\documents\develop\wxwidgets-git4\wxwidgets-new998\build\msw\win32\dll release\wx_vc_vdm_wxjpeg\xilib-xilink-mcpcom.1896.write.1.tlog
c:\users\vdmn\documents\develop\wxwidgets-git4\wxwidgets-new998\build\msw\win32\dll release\wx_vc_vdm_wxjpeg\xilib-xilink-mcpcom.2380.read.1.tlog
c:\users\vdmn\documents\develop\wxwidgets-git4\wxwidgets-new998\build\msw\win32\dll release\wx_vc_vdm_wxjpeg\xilib-xilink-mcpcom.2380.write.1.tlog
c:\users\vdmn\documents\develop\wxwidgets-git4\wxwidgets-new998\build\msw\win32\dll release\wx_vc_vdm_wxjpeg\xilib-xilink-mcpcom.2832.read.1.tlog
c:\users\vdmn\documents\develop\wxwidgets-git4\wxwidgets-new998\build\msw\win32\dll release\wx_vc_vdm_wxjpeg\xilib-xilink-mcpcom.2832.write.1.tlog
c:\users\vdmn\documents\develop\wxwidgets-git4\wxwidgets-new998\build\msw\win32\dll release\wx_vc_vdm_wxjpeg\xilib-xilink-mcpcom.2932.read.1.tlog
c:\users\vdmn\documents\develop\wxwidgets-git4\wxwidgets-new998\build\msw\win32\dll release\wx_vc_vdm_wxjpeg\xilib-xilink-mcpcom.2932.write.1.tlog
c:\users\vdmn\documents\develop\wxwidgets-git4\wxwidgets-new998\build\msw\win32\dll release\wx_vc_vdm_wxjpeg\xilib-xilink-mcpcom.3104.read.1.tlog
c:\users\vdmn\documents\develop\wxwidgets-git4\wxwidgets-new998\build\msw\win32\dll release\wx_vc_vdm_wxjpeg\xilib-xilink-mcpcom.3104.write.1.tlog
c:\users\vdmn\documents\develop\wxwidgets-git4\wxwidgets-new998\build\msw\win32\dll release\wx_vc_vdm_wxjpeg\xilib-xilink-mcpcom.3132.read.1.tlog
c:\users\vdmn\documents\develop\wxwidgets-git4\wxwidgets-new998\build\msw\win32\dll release\wx_vc_vdm_wxjpeg\xilib-xilink-mcpcom.3132.write.1.tlog
c:\users\vdmn\documents\develop\wxwidgets-git4\wxwidgets-new998\build\msw\win32\dll release\wx_vc_vdm_wxjpeg\xilib-xilink-mcpcom.3160.read.1.tlog
c:\users\vdmn\documents\develop\wxwidgets-git4\wxwidgets-new998\build\msw\win32\dll release\wx_vc_vdm_wxjpeg\xilib-xilink-mcpcom.3160.write.1.tlog
c:\users\vdmn\documents\develop\wxwidgets-git4\wxwidgets-new998\build\msw\win32\dll release\wx_vc_vdm_wxjpeg\xilib-xilink-mcpcom.3644.read.1.tlog
c:\users\vdmn\documents\develop\wxwidgets-git4\wxwidgets-new998\build\msw\win32\dll release\wx_vc_vdm_wxjpeg\xilib-xilink-mcpcom.3644.write.1.tlog
c:\users\vdmn\documents\develop\wxwidgets-git4\wxwidgets-new998\build\msw\win32\dll release\wx_vc_vdm_wxjpeg\xilib-xilink-mcpcom.3808.read.1.tlog
c:\users\vdmn\documents\develop\wxwidgets-git4\wxwidgets-new998\build\msw\win32\dll release\wx_vc_vdm_wxjpeg\xilib-xilink-mcpcom.3808.write.1.tlog
c:\users\vdmn\documents\develop\wxwidgets-git4\wxwidgets-new998\build\msw\win32\dll release\wx_vc_vdm_wxjpeg\xilib-xilink-mcpcom.4288.read.1.tlog
c:\users\vdmn\documents\develop\wxwidgets-git4\wxwidgets-new998\build\msw\win32\dll release\wx_vc_vdm_wxjpeg\xilib-xilink-mcpcom.4288.write.1.tlog
c:\users\vdmn\documents\develop\wxwidgets-git4\wxwidgets-new998\build\msw\win32\dll release\wx_vc_vdm_wxjpeg\xilib-xilink-mcpcom.4428.read.1.tlog
c:\users\vdmn\documents\develop\wxwidgets-git4\wxwidgets-new998\build\msw\win32\dll release\wx_vc_vdm_wxjpeg\xilib-xilink-mcpcom.4428.write.1.tlog
c:\users\vdmn\documents\develop\wxwidgets-git4\wxwidgets-new998\build\msw\win32\dll release\wx_vc_vdm_wxjpeg\xilib-xilink-mcpcom.4508.read.1.tlog
c:\users\vdmn\documents\develop\wxwidgets-git4\wxwidgets-new998\build\msw\win32\dll release\wx_vc_vdm_wxjpeg\xilib-xilink-mcpcom.4508.write.1.tlog
c:\users\vdmn\documents\develop\wxwidgets-git4\wxwidgets-new998\build\msw\win32\dll release\wx_vc_vdm_wxjpeg\xilib-xilink-mcpcom.4532.read.1.tlog
c:\users\vdmn\documents\develop\wxwidgets-git4\wxwidgets-new998\build\msw\win32\dll release\wx_vc_vdm_wxjpeg\xilib-xilink-mcpcom.4532.write.1.tlog
c:\users\vdmn\documents\develop\wxwidgets-git4\wxwidgets-new998\build\msw\win32\dll release\wx_vc_vdm_wxjpeg\xilib-xilink-mcpcom.4588.read.1.tlog
c:\users\vdmn\documents\develop\wxwidgets-git4\wxwidgets-new998\build\msw\win32\dll release\wx_vc_vdm_wxjpeg\xilib-xilink-mcpcom.4588.write.1.tlog
c:\users\vdmn\documents\develop\wxwidgets-git4\wxwidgets-new998\build\msw\win32\dll release\wx_vc_vdm_wxjpeg\xilib-xilink-mcpcom.4808.read.1.tlog
c:\users\vdmn\documents\develop\wxwidgets-git4\wxwidgets-new998\build\msw\win32\dll release\wx_vc_vdm_wxjpeg\xilib-xilink-mcpcom.4808.write.1.tlog
c:\users\vdmn\documents\develop\wxwidgets-git4\wxwidgets-new998\build\msw\win32\dll release\wx_vc_vdm_wxjpeg\xilib-xilink-mcpcom.4884.read.1.tlog
c:\users\vdmn\documents\develop\wxwidgets-git4\wxwidgets-new998\build\msw\win32\dll release\wx_vc_vdm_wxjpeg\xilib-xilink-mcpcom.4884.write.1.tlog
c:\users\vdmn\documents\develop\wxwidgets-git4\wxwidgets-new998\build\msw\win32\dll release\wx_vc_vdm_wxjpeg\xilib-xilink-mcpcom.5020.read.1.tlog
c:\users\vdmn\documents\develop\wxwidgets-git4\wxwidgets-new998\build\msw\win32\dll release\wx_vc_vdm_wxjpeg\xilib-xilink-mcpcom.5020.write.1.tlog
c:\users\vdmn\documents\develop\wxwidgets-git4\wxwidgets-new998\build\msw\win32\dll release\wx_vc_vdm_wxjpeg\xilib-xilink-mcpcom.5136.read.1.tlog
c:\users\vdmn\documents\develop\wxwidgets-git4\wxwidgets-new998\build\msw\win32\dll release\wx_vc_vdm_wxjpeg\xilib-xilink-mcpcom.5136.write.1.tlog
c:\users\vdmn\documents\develop\wxwidgets-git4\wxwidgets-new998\build\msw\win32\dll release\wx_vc_vdm_wxjpeg\xilib-xilink-mcpcom.5164.read.1.tlog
c:\users\vdmn\documents\develop\wxwidgets-git4\wxwidgets-new998\build\msw\win32\dll release\wx_vc_vdm_wxjpeg\xilib-xilink-mcpcom.5164.write.1.tlog
c:\users\vdmn\documents\develop\wxwidgets-git4\wxwidgets-new998\build\msw\win32\dll release\wx_vc_vdm_wxjpeg\xilib-xilink-mcpcom.5324.read.1.tlog
c:\users\vdmn\documents\develop\wxwidgets-git4\wxwidgets-new998\build\msw\win32\dll release\wx_vc_vdm_wxjpeg\xilib-xilink-mcpcom.5324.write.1.tlog
c:\users\vdmn\documents\develop\wxwidgets-git4\wxwidgets-new998\build\msw\win32\dll release\wx_vc_vdm_wxjpeg\xilib-xilink-mcpcom.5584.read.1.tlog
c:\users\vdmn\documents\develop\wxwidgets-git4\wxwidgets-new998\build\msw\win32\dll release\wx_vc_vdm_wxjpeg\xilib-xilink-mcpcom.5584.write.1.tlog
c:\users\vdmn\documents\develop\wxwidgets-git4\wxwidgets-new998\build\msw\win32\dll release\wx_vc_vdm_wxjpeg\xilib-xilink-mcpcom.5836.read.1.tlog
c:\users\vdmn\documents\develop\wxwidgets-git4\wxwidgets-new998\build\msw\win32\dll release\wx_vc_vdm_wxjpeg\xilib-xilink-mcpcom.5836.write.1.tlog
c:\users\vdmn\documents\develop\wxwidgets-git4\wxwidgets-new998\build\msw\win32\dll release\wx_vc_vdm_wxjpeg\xilib-xilink-mcpcom.5856.read.1.tlog
c:\users\vdmn\documents\develop\wxwidgets-git4\wxwidgets-new998\build\msw\win32\dll release\wx_vc_vdm_wxjpeg\xilib-xilink-mcpcom.5856.write.1.tlog
c:\users\vdmn\documents\develop\wxwidgets-git4\wxwidgets-new998\build\msw\win32\dll release\wx_vc_vdm_wxjpeg\xilib-xilink-mcpcom.6104.read.1.tlog
c:\users\vdmn\documents\develop\wxwidgets-git4\wxwidgets-new998\build\msw\win32\dll release\wx_vc_vdm_wxjpeg\xilib-xilink-mcpcom.6104.write.1.tlog
c:\users\vdmn\documents\develop\wxwidgets-git4\wxwidgets-new998\build\msw\win32\dll release\wx_vc_vdm_wxjpeg\xilib-xilink-mcpcom.6216.read.1.tlog
c:\users\vdmn\documents\develop\wxwidgets-git4\wxwidgets-new998\build\msw\win32\dll release\wx_vc_vdm_wxjpeg\xilib-xilink-mcpcom.6216.write.1.tlog
c:\users\vdmn\documents\develop\wxwidgets-git4\wxwidgets-new998\build\msw\win32\dll release\wx_vc_vdm_wxjpeg\xilib-xilink-mcpcom.6240.read.1.tlog
c:\users\vdmn\documents\develop\wxwidgets-git4\wxwidgets-new998\build\msw\win32\dll release\wx_vc_vdm_wxjpeg\xilib-xilink-mcpcom.6240.write.1.tlog
c:\users\vdmn\documents\develop\wxwidgets-git4\wxwidgets-new998\build\msw\win32\dll release\wx_vc_vdm_wxjpeg\xilib-xilink-mcpcom.6328.read.1.tlog
c:\users\vdmn\documents\develop\wxwidgets-git4\wxwidgets-new998\build\msw\win32\dll release\wx_vc_vdm_wxjpeg\xilib-xilink-mcpcom.6328.write.1.tlog
c:\users\vdmn\documents\develop\wxwidgets-git4\wxwidgets-new998\build\msw\win32\dll release\wx_vc_vdm_wxjpeg\xilib-xilink-mcpcom.6372.read.1.tlog
c:\users\vdmn\documents\develop\wxwidgets-git4\wxwidgets-new998\build\msw\win32\dll release\wx_vc_vdm_wxjpeg\xilib-xilink-mcpcom.6372.write.1.tlog
c:\users\vdmn\documents\develop\wxwidgets-git4\wxwidgets-new998\build\msw\win32\dll release\wx_vc_vdm_wxjpeg\xilib-xilink-mcpcom.6468.read.1.tlog
c:\users\vdmn\documents\develop\wxwidgets-git4\wxwidgets-new998\build\msw\win32\dll release\wx_vc_vdm_wxjpeg\xilib-xilink-mcpcom.6468.write.1.tlog
c:\users\vdmn\documents\develop\wxwidgets-git4\wxwidgets-new998\build\msw\win32\dll release\wx_vc_vdm_wxjpeg\xilib-xilink-mcpcom.6552.read.1.tlog
c:\users\vdmn\documents\develop\wxwidgets-git4\wxwidgets-new998\build\msw\win32\dll release\wx_vc_vdm_wxjpeg\xilib-xilink-mcpcom.6552.write.1.tlog
c:\users\vdmn\documents\develop\wxwidgets-git4\wxwidgets-new998\build\msw\win32\dll release\wx_vc_vdm_wxjpeg\xilib-xilink-mcpcom.6656.read.1.tlog
c:\users\vdmn\documents\develop\wxwidgets-git4\wxwidgets-new998\build\msw\win32\dll release\wx_vc_vdm_wxjpeg\xilib-xilink-mcpcom.6656.write.1.tlog
c:\users\vdmn\documents\develop\wxwidgets-git4\wxwidgets-new998\build\msw\win32\dll release\wx_vc_vdm_wxjpeg\xilib-xilink-mcpcom.6688.read.1.tlog
c:\users\vdmn\documents\develop\wxwidgets-git4\wxwidgets-new998\build\msw\win32\dll release\wx_vc_vdm_wxjpeg\xilib-xilink-mcpcom.6688.write.1.tlog
c:\users\vdmn\documents\develop\wxwidgets-git4\wxwidgets-new998\build\msw\win32\dll release\wx_vc_vdm_wxjpeg\xilib-xilink-mcpcom.6700.read.1.tlog
c:\users\vdmn\documents\develop\wxwidgets-git4\wxwidgets-new998\build\msw\win32\dll release\wx_vc_vdm_wxjpeg\xilib-xilink-mcpcom.6700.write.1.tlog
c:\users\vdmn\documents\develop\wxwidgets-git4\wxwidgets-new998\build\msw\win32\dll release\wx_vc_vdm_wxjpeg\xilib-xilink-mcpcom.6736.read.1.tlog
c:\users\vdmn\documents\develop\wxwidgets-git4\wxwidgets-new998\build\msw\win32\dll release\wx_vc_vdm_wxjpeg\xilib-xilink-mcpcom.6736.write.1.tlog
c:\users\vdmn\documents\develop\wxwidgets-git4\wxwidgets-new998\build\msw\win32\dll release\wx_vc_vdm_wxjpeg\xilib-xilink-mcpcom.6788.read.1.tlog
c:\users\vdmn\documents\develop\wxwidgets-git4\wxwidgets-new998\build\msw\win32\dll release\wx_vc_vdm_wxjpeg\xilib-xilink-mcpcom.6788.write.1.tlog
c:\users\vdmn\documents\develop\wxwidgets-git4\wxwidgets-new998\build\msw\win32\dll release\wx_vc_vdm_wxjpeg\xilib-xilink-mcpcom.6804.read.1.tlog
c:\users\vdmn\documents\develop\wxwidgets-git4\wxwidgets-new998\build\msw\win32\dll release\wx_vc_vdm_wxjpeg\xilib-xilink-mcpcom.6804.write.1.tlog
c:\users\vdmn\documents\develop\wxwidgets-git4\wxwidgets-new998\build\msw\win32\dll release\wx_vc_vdm_wxjpeg\xilib-xilink-mcpcom.6868.read.1.tlog
c:\users\vdmn\documents\develop\wxwidgets-git4\wxwidgets-new998\build\msw\win32\dll release\wx_vc_vdm_wxjpeg\xilib-xilink-mcpcom.6868.write.1.tlog
c:\users\vdmn\documents\develop\wxwidgets-git4\wxwidgets-new998\build\msw\win32\dll release\wx_vc_vdm_wxjpeg\xilib-xilink-mcpcom.6932.read.1.tlog
c:\users\vdmn\documents\develop\wxwidgets-git4\wxwidgets-new998\build\msw\win32\dll release\wx_vc_vdm_wxjpeg\xilib-xilink-mcpcom.6932.write.1.tlog
c:\users\vdmn\documents\develop\wxwidgets-git4\wxwidgets-new998\build\msw\win32\dll release\wx_vc_vdm_wxjpeg\xilib-xilink-mcpcom.7064.read.1.tlog
c:\users\vdmn\documents\develop\wxwidgets-git4\wxwidgets-new998\build\msw\win32\dll release\wx_vc_vdm_wxjpeg\xilib-xilink-mcpcom.7064.write.1.tlog
c:\users\vdmn\documents\develop\wxwidgets-git4\wxwidgets-new998\build\msw\win32\dll release\wx_vc_vdm_wxjpeg\xilib-xilink-mcpcom.7112.read.1.tlog
c:\users\vdmn\documents\develop\wxwidgets-git4\wxwidgets-new998\build\msw\win32\dll release\wx_vc_vdm_wxjpeg\xilib-xilink-mcpcom.7112.write.1.tlog
c:\users\vdmn\documents\develop\wxwidgets-git4\wxwidgets-new998\build\msw\win32\dll release\wx_vc_vdm_wxjpeg\xilib-xilink-mcpcom.844.read.1.tlog
c:\users\vdmn\documents\develop\wxwidgets-git4\wxwidgets-new998\build\msw\win32\dll release\wx_vc_vdm_wxjpeg\xilib-xilink-mcpcom.844.write.1.tlog
c:\users\vdmn\documents\develop\wxwidgets-git4\wxwidgets-new998\build\msw\win32\dll release\wx_vc_vdm_wxjpeg\xilib-xilink-mcpcom.960.read.1.tlog
c:\users\vdmn\documents\develop\wxwidgets-git4\wxwidgets-new998\build\msw\win32\dll release\wx_vc_vdm_wxjpeg\xilib-xilink-mcpcom.960.write.1.tlog
c:\users\vdmn\documents\develop\wxwidgets-git4\wxwidgets-new998\build\msw\win32\dll release\wx_vc_vdm_wxjpeg\xilib-xilink-mcpcom.read.1.tlog
c:\users\vdmn\documents\develop\wxwidgets-git4\wxwidgets-new998\build\msw\win32\dll release\wx_vc_vdm_wxjpeg\xilib-xilink-mcpcom.write.1.tlog
c:\users\vdmn\documents\develop\wxwidgets-git4\wxwidgets-new998\build\msw\win32\dll release\wx_vc_vdm_wxjpeg\xilib-xilink.read.1.tlog
c:\users\vdmn\documents\develop\wxwidgets-git4\wxwidgets-new998\build\msw\win32\dll release\wx_vc_vdm_wxjpeg\xilib-xilink.write.1.tlog
c:\users\vdmn\documents\develop\wxwidgets-git4\wxwidgets-new998\build\msw\win32\dll release\wx_vc_vdm_wxjpeg\xilib.command.1.tlog
