Build started 13/02/2014 19:07:11.
     1>Project "c:\Users\vdmn\Documents\develop\wxWidgets-git4\wxWidgets-new998\build\msw\wx_vc_vdm_net.vcxproj" on node 5 (Build target(s)).
     1>CustomBuild:
         Creating ..\..\lib\vc_Win32_dll\mswud\wx\setup.h
         Creating ..\..\lib\vc_Win32_dll\mswud\wx\msw\rcdefs.h
       ClCompile:
         C:\Program Files (x86)\Intel\Composer XE 2013 SP1\bin\ia32\icl.exe /c /Qvc11 /Qlocation,link,"C:\Program Files (x86)\Microsoft Visual Studio 11.0\VC\\bin" /I..\..\lib\vc_Win32_dll\mswud /I..\..\include /I..\..\src\tiff\libtiff /I..\..\src\jpeg /I..\..\src\png /I..\..\src\zlib /I..\..\src\regex /I..\..\src\expat\lib /Zi /nologo /W4 /MP /O3 /Ob2 /Oi /Ot /Qipo /Qftz /Quse-intel-optimized-headers /D __INTEL_COMPILER=1400 /D _HAS_ITERATOR_DEBUGGING=0 /D _ITERATOR_DEBUG_LEVEL=0 /D WIN32 /D _USRDLL /D DLL_EXPORTS /D _CRT_SECURE_NO_DEPRECATE=1 /D _CRT_NON_CONFORMING_SWPRINTFS=1 /D _SCL_SECURE_NO_WARNINGS=1 /D __WXMSW__ /D _UNICODE /D WXBUILDING /D _DEBUG /D _CRT_SECURE_NO_DEPRECATE=1 /D _CRT_NON_CONFORMING_SWPRINTFS=1 /D _SCL_SECURE_NO_WARNINGS=1 /D __WXMSW__ /D _UNICODE /D WXBUILDING /D wxUSE_GUI=0 /D WXUSINGDLL /D WXMAKINGDLL_NET /D _WINDLL /D _UNICODE /D UNICODE /GF /EHsc /MDd /GS- /fp:fast=2 /QxHost /Zc:wchar_t /Zc:forScope /GR /Qstd=c99 /Qstd=c++0x /Qansi-alias /Yc"wx/wxprec.h" /Fp"Win32\DLL Debug\vc_mswuddll\wxprec_netdllvc_vdm.pch" /Fo"Win32\DLL Debug\vc_mswuddll\net\\" /Fd"..\..\lib\vc_Win32_dll\wxbase31ud_net_vc_vdm_vc_vdm.pdb" /Gd /TP /Qdiag-disable:1744,809,650 ..\..\src\common\dummy.cpp /Gm /Qlong_double /Qopt-class-analysis /Qopt-mem-bandwidth2 /Qopt-streaming-stores:auto /Qno-alias-args 
     1>icl : warning #10121: overriding '/Qstd=c99' with '/Qstd=c++0x'
         dummy.cpp
         C:\Program Files (x86)\Intel\Composer XE 2013 SP1\bin\ia32\icl.exe /c /Qvc11 /Qlocation,link,"C:\Program Files (x86)\Microsoft Visual Studio 11.0\VC\\bin" /I..\..\lib\vc_Win32_dll\mswud /I..\..\include /I..\..\src\tiff\libtiff /I..\..\src\jpeg /I..\..\src\png /I..\..\src\zlib /I..\..\src\regex /I..\..\src\expat\lib /Zi /nologo /W4 /MP /O3 /Ob2 /Oi /Ot /Qipo /Qftz /Quse-intel-optimized-headers /D __INTEL_COMPILER=1400 /D _HAS_ITERATOR_DEBUGGING=0 /D _ITERATOR_DEBUG_LEVEL=0 /D WIN32 /D _USRDLL /D DLL_EXPORTS /D _CRT_SECURE_NO_DEPRECATE=1 /D _CRT_NON_CONFORMING_SWPRINTFS=1 /D _SCL_SECURE_NO_WARNINGS=1 /D __WXMSW__ /D _UNICODE /D WXBUILDING /D _DEBUG /D _CRT_SECURE_NO_DEPRECATE=1 /D _CRT_NON_CONFORMING_SWPRINTFS=1 /D _SCL_SECURE_NO_WARNINGS=1 /D __WXMSW__ /D _UNICODE /D WXBUILDING /D wxUSE_GUI=0 /D WXUSINGDLL /D WXMAKINGDLL_NET /D _WINDLL /D _UNICODE /D UNICODE /GF /EHsc /MDd /GS- /fp:fast=2 /QxHost /Zc:wchar_t /Zc:forScope /GR /Qstd=c99 /Qstd=c++0x /Qansi-alias /Yu"wx/wxprec.h" /Fp"Win32\DLL Debug\vc_mswuddll\wxprec_netdllvc_vdm.pch" /Fo"Win32\DLL Debug\vc_mswuddll\net\\" /Fd"..\..\lib\vc_Win32_dll\wxbase31ud_net_vc_vdm_vc_vdm.pdb" /Gd /TP /Qdiag-disable:1744,809,650 ..\..\src\common\fs_inet.cpp ..\..\src\common\ftp.cpp ..\..\src\common\http.cpp ..\..\src\common\protocol.cpp ..\..\src\common\sckaddr.cpp ..\..\src\common\sckfile.cpp ..\..\src\common\sckipc.cpp ..\..\src\common\sckstrm.cpp ..\..\src\common\socket.cpp ..\..\src\common\url.cpp ..\..\src\msw\sockmsw.cpp ..\..\src\msw\urlmsw.cpp /Gm /Qlong_double /Qopt-class-analysis /Qopt-mem-bandwidth2 /Qopt-streaming-stores:auto /Qno-alias-args 
     1>icl : warning #10121: overriding '/Qstd=c99' with '/Qstd=c++0x'
         fs_inet.cpp
         ftp.cpp
         sckipc.cpp
         sckstrm.cpp
         url.cpp
         http.cpp
         socket.cpp
         sockmsw.cpp
         protocol.cpp
         sckaddr.cpp
         urlmsw.cpp
         sckfile.cpp
       ResourceCompile:
         C:\Program Files (x86)\Windows Kits\8.0\bin\x86\rc.exe /D _DEBUG /D _CRT_SECURE_NO_DEPRECATE=1 /D _CRT_NON_CONFORMING_SWPRINTFS=1 /D _SCL_SECURE_NO_WARNINGS=1 /D __WXMSW__ /D _UNICODE /D WXBUILDING /D WXDLLNAME=wxbase31ud_net_vc_vdm /D wxUSE_GUI=0 /D WXUSINGDLL /D WXMAKINGDLL_NET /D _UNICODE /D UNICODE /l"0x0409" /I..\..\lib\vc_Win32_dll\mswud /I..\..\include /I..\..\src\tiff\libtiff /I..\..\src\jpeg /I..\..\src\png /I..\..\src\zlib /I..\..\src\regex /I..\..\src\expat\lib /nologo /fo"Win32\DLL Debug\wx_vc_vdm_net\version.res" ..\..\src\msw\version.rc 
       Link:
         C:\Program Files (x86)\Intel\Composer XE 2013 SP1\bin\ia32\xilink.exe /OUT:"..\..\lib\vc_Win32_dll\wxbase31ud_net_vc_vdm.dll" /INCREMENTAL:NO /NOLOGO /LIBPATH:..\..\lib\vc_Win32_dll\ wxzlibd_vc_vdm.lib wxregexud_vc_vdm.lib wxexpatd_vc_vdm.lib kernel32.lib user32.lib gdi32.lib comdlg32.lib winspool.lib winmm.lib shell32.lib comctl32.lib ole32.lib oleaut32.lib uuid.lib rpcrt4.lib advapi32.lib Ws2_32.lib wininet.lib ..\..\lib\vc_Win32_dll\wxbase31ud_vc_vdm.lib kernel32.lib user32.lib gdi32.lib winspool.lib comdlg32.lib advapi32.lib shell32.lib ole32.lib oleaut32.lib uuid.lib odbc32.lib odbccp32.lib /MANIFEST /ManifestFile:"Win32\DLL Debug\wx_vc_vdm_net\wxbase31ud_net_vc_vdm.dll.intermediate.manifest" /MANIFESTUAC:"level='asInvoker' uiAccess='false'" /DEBUG /PDB:"..\..\lib\vc_Win32_dll\wxbase31ud_net_vc_vdm_vc_vdm.pdb" /LARGEADDRESSAWARE /OPT:REF /OPT:ICF /TLBID:1 /WINMD /RELEASE /DYNAMICBASE /NXCOMPAT /IMPLIB:"..\..\lib\vc_Win32_dll\wxbase31ud_net_vc_vdm.lib" /MACHINE:X86 /SAFESEH /DLL "Win32\DLL Debug\wx_vc_vdm_net\version.res"
         "Win32\DLL Debug\vc_mswuddll\net\dummy.obj"
         "Win32\DLL Debug\vc_mswuddll\net\fs_inet.obj"
         "Win32\DLL Debug\vc_mswuddll\net\ftp.obj"
         "Win32\DLL Debug\vc_mswuddll\net\http.obj"
         "Win32\DLL Debug\vc_mswuddll\net\protocol.obj"
         "Win32\DLL Debug\vc_mswuddll\net\sckaddr.obj"
         "Win32\DLL Debug\vc_mswuddll\net\sckfile.obj"
         "Win32\DLL Debug\vc_mswuddll\net\sckipc.obj"
         "Win32\DLL Debug\vc_mswuddll\net\sckstrm.obj"
         "Win32\DLL Debug\vc_mswuddll\net\socket.obj"
         "Win32\DLL Debug\vc_mswuddll\net\url.obj"
         "Win32\DLL Debug\vc_mswuddll\net\sockmsw.obj"
         "Win32\DLL Debug\vc_mswuddll\net\urlmsw.obj" /Qvec-report1 
       c:\Users\vdmn\Documents\develop\wxWidgets-git4\wxWidgets-new998\src\common\sckaddr.cpp(984): message : PARTIAL LOOP WAS VECTORIZED
       c:\Users\vdmn\Documents\develop\wxWidgets-git4\wxWidgets-new998\src\common\sckaddr.cpp(984): message : PARTIAL LOOP WAS VECTORIZED
       c:\Users\vdmn\Documents\develop\wxWidgets-git4\wxWidgets-new998\src\common\sckaddr.cpp(984): message : PARTIAL LOOP WAS VECTORIZED
       c:\Users\vdmn\Documents\develop\wxWidgets-git4\wxWidgets-new998\src\common\ftp.cpp(259): message : LOOP WAS VECTORIZED
       c:\Users\vdmn\Documents\develop\wxWidgets-git4\wxWidgets-new998\src\common\sckaddr.cpp(937): message : PARTIAL LOOP WAS VECTORIZED
       c:\Users\vdmn\Documents\develop\wxWidgets-git4\wxWidgets-new998\src\common\sckaddr.cpp(937): message : PARTIAL LOOP WAS VECTORIZED
       c:\Users\vdmn\Documents\develop\wxWidgets-git4\wxWidgets-new998\src\common\sckipc.cpp(693): message : BLOCK WAS VECTORIZED
       c:\Users\vdmn\Documents\develop\wxWidgets-git4\wxWidgets-new998\src\common\socket.cpp(321): message : BLOCK WAS VECTORIZED
       c:\Users\vdmn\Documents\develop\wxWidgets-git4\wxWidgets-new998\src\msw\sockmsw.cpp(285): message : BLOCK WAS VECTORIZED
         xilink: executing 'link'
            Creating library ..\..\lib\vc_Win32_dll\wxbase31ud_net_vc_vdm.lib and object ..\..\lib\vc_Win32_dll\wxbase31ud_net_vc_vdm.exp
         wx_vc_vdm_net.vcxproj -> c:\Users\vdmn\Documents\develop\wxWidgets-git4\wxWidgets-new998\build\msw\..\..\lib\vc_Win32_dll\wxbase31ud_net_vc_vdm.dll
     1>Done Building Project "c:\Users\vdmn\Documents\develop\wxWidgets-git4\wxWidgets-new998\build\msw\wx_vc_vdm_net.vcxproj" (Build target(s)).

Build succeeded.

Time Elapsed 00:00:15.65
