c:\users\vdmn\documents\develop\wxwidgets-git4\wxwidgets-new998\build\msw\win32\dll release\vc_mswudll\wxpng\png.obj
c:\users\vdmn\documents\develop\wxwidgets-git4\wxwidgets-new998\build\msw\win32\dll release\vc_mswudll\wxpng\pngerror.obj
c:\users\vdmn\documents\develop\wxwidgets-git4\wxwidgets-new998\build\msw\win32\dll release\vc_mswudll\wxpng\pngget.obj
c:\users\vdmn\documents\develop\wxwidgets-git4\wxwidgets-new998\build\msw\win32\dll release\vc_mswudll\wxpng\pngmem.obj
c:\users\vdmn\documents\develop\wxwidgets-git4\wxwidgets-new998\build\msw\win32\dll release\vc_mswudll\wxpng\pngpread.obj
c:\users\vdmn\documents\develop\wxwidgets-git4\wxwidgets-new998\build\msw\win32\dll release\vc_mswudll\wxpng\pngread.obj
c:\users\vdmn\documents\develop\wxwidgets-git4\wxwidgets-new998\build\msw\win32\dll release\vc_mswudll\wxpng\pngrio.obj
c:\users\vdmn\documents\develop\wxwidgets-git4\wxwidgets-new998\build\msw\win32\dll release\vc_mswudll\wxpng\pngrtran.obj
c:\users\vdmn\documents\develop\wxwidgets-git4\wxwidgets-new998\build\msw\win32\dll release\vc_mswudll\wxpng\pngwrite.obj
c:\users\vdmn\documents\develop\wxwidgets-git4\wxwidgets-new998\build\msw\win32\dll release\vc_mswudll\wxpng\pngwtran.obj
c:\users\vdmn\documents\develop\wxwidgets-git4\wxwidgets-new998\build\msw\win32\dll release\vc_mswudll\wxpng\pngwutil.obj
c:\users\vdmn\documents\develop\wxwidgets-git4\wxwidgets-new998\build\msw\win32\dll release\vc_mswudll\wxpng\pngrutil.obj
c:\users\vdmn\documents\develop\wxwidgets-git4\wxwidgets-new998\build\msw\win32\dll release\vc_mswudll\wxpng\pngset.obj
c:\users\vdmn\documents\develop\wxwidgets-git4\wxwidgets-new998\build\msw\win32\dll release\vc_mswudll\wxpng\pngtrans.obj
c:\users\vdmn\documents\develop\wxwidgets-git4\wxwidgets-new998\build\msw\win32\dll release\vc_mswudll\wxpng\pngwio.obj
c:\users\vdmn\documents\develop\wxwidgets-git4\wxwidgets-new998\lib\vc_win32_dll\wxpng_vc_vdm.lib
c:\users\vdmn\documents\develop\wxwidgets-git4\wxwidgets-new998\build\msw\win32\dll release\wx_vc_vdm_wxpng\icl-mcpcom.5492.read.1.tlog
c:\users\vdmn\documents\develop\wxwidgets-git4\wxwidgets-new998\build\msw\win32\dll release\wx_vc_vdm_wxpng\icl-mcpcom.5492.write.1.tlog
c:\users\vdmn\documents\develop\wxwidgets-git4\wxwidgets-new998\build\msw\win32\dll release\wx_vc_vdm_wxpng\icl-mcpcom.7000.3768.read.1.tlog
c:\users\vdmn\documents\develop\wxwidgets-git4\wxwidgets-new998\build\msw\win32\dll release\wx_vc_vdm_wxpng\icl-mcpcom.7000.3768.write.1.tlog
c:\users\vdmn\documents\develop\wxwidgets-git4\wxwidgets-new998\build\msw\win32\dll release\wx_vc_vdm_wxpng\icl-mcpcom.7000.read.1.tlog
c:\users\vdmn\documents\develop\wxwidgets-git4\wxwidgets-new998\build\msw\win32\dll release\wx_vc_vdm_wxpng\icl-mcpcom.7000.write.1.tlog
c:\users\vdmn\documents\develop\wxwidgets-git4\wxwidgets-new998\build\msw\win32\dll release\wx_vc_vdm_wxpng\icl-mcpcom.read.1.tlog
c:\users\vdmn\documents\develop\wxwidgets-git4\wxwidgets-new998\build\msw\win32\dll release\wx_vc_vdm_wxpng\icl-mcpcom.write.1.tlog
c:\users\vdmn\documents\develop\wxwidgets-git4\wxwidgets-new998\build\msw\win32\dll release\wx_vc_vdm_wxpng\icl.command.1.tlog
c:\users\vdmn\documents\develop\wxwidgets-git4\wxwidgets-new998\build\msw\win32\dll release\wx_vc_vdm_wxpng\icl.read.1.tlog
c:\users\vdmn\documents\develop\wxwidgets-git4\wxwidgets-new998\build\msw\win32\dll release\wx_vc_vdm_wxpng\icl.write.1.tlog
c:\users\vdmn\documents\develop\wxwidgets-git4\wxwidgets-new998\build\msw\win32\dll release\wx_vc_vdm_wxpng\xilib-xilink-lib-link.read.1.tlog
c:\users\vdmn\documents\develop\wxwidgets-git4\wxwidgets-new998\build\msw\win32\dll release\wx_vc_vdm_wxpng\xilib-xilink-lib-link.write.1.tlog
c:\users\vdmn\documents\develop\wxwidgets-git4\wxwidgets-new998\build\msw\win32\dll release\wx_vc_vdm_wxpng\xilib-xilink-mcpcom.1136.read.1.tlog
c:\users\vdmn\documents\develop\wxwidgets-git4\wxwidgets-new998\build\msw\win32\dll release\wx_vc_vdm_wxpng\xilib-xilink-mcpcom.1136.write.1.tlog
c:\users\vdmn\documents\develop\wxwidgets-git4\wxwidgets-new998\build\msw\win32\dll release\wx_vc_vdm_wxpng\xilib-xilink-mcpcom.1536.read.1.tlog
c:\users\vdmn\documents\develop\wxwidgets-git4\wxwidgets-new998\build\msw\win32\dll release\wx_vc_vdm_wxpng\xilib-xilink-mcpcom.1536.write.1.tlog
c:\users\vdmn\documents\develop\wxwidgets-git4\wxwidgets-new998\build\msw\win32\dll release\wx_vc_vdm_wxpng\xilib-xilink-mcpcom.1760.read.1.tlog
c:\users\vdmn\documents\develop\wxwidgets-git4\wxwidgets-new998\build\msw\win32\dll release\wx_vc_vdm_wxpng\xilib-xilink-mcpcom.1760.write.1.tlog
c:\users\vdmn\documents\develop\wxwidgets-git4\wxwidgets-new998\build\msw\win32\dll release\wx_vc_vdm_wxpng\xilib-xilink-mcpcom.2932.read.1.tlog
c:\users\vdmn\documents\develop\wxwidgets-git4\wxwidgets-new998\build\msw\win32\dll release\wx_vc_vdm_wxpng\xilib-xilink-mcpcom.2932.write.1.tlog
c:\users\vdmn\documents\develop\wxwidgets-git4\wxwidgets-new998\build\msw\win32\dll release\wx_vc_vdm_wxpng\xilib-xilink-mcpcom.364.read.1.tlog
c:\users\vdmn\documents\develop\wxwidgets-git4\wxwidgets-new998\build\msw\win32\dll release\wx_vc_vdm_wxpng\xilib-xilink-mcpcom.364.write.1.tlog
c:\users\vdmn\documents\develop\wxwidgets-git4\wxwidgets-new998\build\msw\win32\dll release\wx_vc_vdm_wxpng\xilib-xilink-mcpcom.5072.read.1.tlog
c:\users\vdmn\documents\develop\wxwidgets-git4\wxwidgets-new998\build\msw\win32\dll release\wx_vc_vdm_wxpng\xilib-xilink-mcpcom.5072.write.1.tlog
c:\users\vdmn\documents\develop\wxwidgets-git4\wxwidgets-new998\build\msw\win32\dll release\wx_vc_vdm_wxpng\xilib-xilink-mcpcom.5100.read.1.tlog
c:\users\vdmn\documents\develop\wxwidgets-git4\wxwidgets-new998\build\msw\win32\dll release\wx_vc_vdm_wxpng\xilib-xilink-mcpcom.5100.write.1.tlog
c:\users\vdmn\documents\develop\wxwidgets-git4\wxwidgets-new998\build\msw\win32\dll release\wx_vc_vdm_wxpng\xilib-xilink-mcpcom.5712.read.1.tlog
c:\users\vdmn\documents\develop\wxwidgets-git4\wxwidgets-new998\build\msw\win32\dll release\wx_vc_vdm_wxpng\xilib-xilink-mcpcom.5712.write.1.tlog
c:\users\vdmn\documents\develop\wxwidgets-git4\wxwidgets-new998\build\msw\win32\dll release\wx_vc_vdm_wxpng\xilib-xilink-mcpcom.5720.read.1.tlog
c:\users\vdmn\documents\develop\wxwidgets-git4\wxwidgets-new998\build\msw\win32\dll release\wx_vc_vdm_wxpng\xilib-xilink-mcpcom.5720.write.1.tlog
c:\users\vdmn\documents\develop\wxwidgets-git4\wxwidgets-new998\build\msw\win32\dll release\wx_vc_vdm_wxpng\xilib-xilink-mcpcom.6296.read.1.tlog
c:\users\vdmn\documents\develop\wxwidgets-git4\wxwidgets-new998\build\msw\win32\dll release\wx_vc_vdm_wxpng\xilib-xilink-mcpcom.6296.write.1.tlog
c:\users\vdmn\documents\develop\wxwidgets-git4\wxwidgets-new998\build\msw\win32\dll release\wx_vc_vdm_wxpng\xilib-xilink-mcpcom.6360.read.1.tlog
c:\users\vdmn\documents\develop\wxwidgets-git4\wxwidgets-new998\build\msw\win32\dll release\wx_vc_vdm_wxpng\xilib-xilink-mcpcom.6360.write.1.tlog
c:\users\vdmn\documents\develop\wxwidgets-git4\wxwidgets-new998\build\msw\win32\dll release\wx_vc_vdm_wxpng\xilib-xilink-mcpcom.6752.read.1.tlog
c:\users\vdmn\documents\develop\wxwidgets-git4\wxwidgets-new998\build\msw\win32\dll release\wx_vc_vdm_wxpng\xilib-xilink-mcpcom.6752.write.1.tlog
c:\users\vdmn\documents\develop\wxwidgets-git4\wxwidgets-new998\build\msw\win32\dll release\wx_vc_vdm_wxpng\xilib-xilink-mcpcom.6780.read.1.tlog
c:\users\vdmn\documents\develop\wxwidgets-git4\wxwidgets-new998\build\msw\win32\dll release\wx_vc_vdm_wxpng\xilib-xilink-mcpcom.6780.write.1.tlog
c:\users\vdmn\documents\develop\wxwidgets-git4\wxwidgets-new998\build\msw\win32\dll release\wx_vc_vdm_wxpng\xilib-xilink-mcpcom.6852.read.1.tlog
c:\users\vdmn\documents\develop\wxwidgets-git4\wxwidgets-new998\build\msw\win32\dll release\wx_vc_vdm_wxpng\xilib-xilink-mcpcom.6852.write.1.tlog
c:\users\vdmn\documents\develop\wxwidgets-git4\wxwidgets-new998\build\msw\win32\dll release\wx_vc_vdm_wxpng\xilib-xilink-mcpcom.read.1.tlog
c:\users\vdmn\documents\develop\wxwidgets-git4\wxwidgets-new998\build\msw\win32\dll release\wx_vc_vdm_wxpng\xilib-xilink-mcpcom.write.1.tlog
c:\users\vdmn\documents\develop\wxwidgets-git4\wxwidgets-new998\build\msw\win32\dll release\wx_vc_vdm_wxpng\xilib-xilink.read.1.tlog
c:\users\vdmn\documents\develop\wxwidgets-git4\wxwidgets-new998\build\msw\win32\dll release\wx_vc_vdm_wxpng\xilib-xilink.write.1.tlog
c:\users\vdmn\documents\develop\wxwidgets-git4\wxwidgets-new998\build\msw\win32\dll release\wx_vc_vdm_wxpng\xilib.command.1.tlog
