Build started 11/02/2014 20:05:55.
     1>Project "c:\Users\vdmn\Documents\develop\wxWidgets-git4\wxWidgets-new998\build\msw\wx_vc_vdm_aui.vcxproj" on node 4 (Build target(s)).
     1>Link:
         C:\Program Files (x86)\Intel\Composer XE 2013 SP1\bin\ia32\xilink.exe /OUT:"..\..\lib\vc_Win32_dll\wxmsw31ud_aui_vc_vdm.dll" /INCREMENTAL /NOLOGO /LIBPATH:..\..\lib\vc_Win32_dll\ wxtiffd_vc_vdm.lib wxjpegd_vc_vdm.lib wxpngd_vc_vdm.lib wxzlibd_vc_vdm.lib wxregexud_vc_vdm.lib wxexpatd_vc_vdm.lib kernel32.lib user32.lib gdi32.lib comdlg32.lib winspool.lib winmm.lib shell32.lib comctl32.lib ole32.lib oleaut32.lib uuid.lib rpcrt4.lib advapi32.lib wsock32.lib wininet.lib ..\..\lib\vc_Win32_dll\wxmsw31ud_adv_vc_vdm.lib ..\..\lib\vc_Win32_dll\wxmsw31ud_core_vc_vdm.lib ..\..\lib\vc_Win32_dll\wxbase31ud_vc_vdm.lib kernel32.lib user32.lib gdi32.lib winspool.lib comdlg32.lib advapi32.lib shell32.lib ole32.lib oleaut32.lib uuid.lib odbc32.lib odbccp32.lib /MANIFEST /ManifestFile:"Win32\DLL Debug\wx_vc_vdm_aui\wxmsw31ud_aui_vc_vdm.dll.intermediate.manifest" /MANIFESTUAC:"level='asInvoker' uiAccess='false'" /DEBUG /PDB:"..\..\lib\vc_Win32_dll\wxmsw31ud_aui_vc_vdm_vc_vdm.pdb" /LARGEADDRESSAWARE /OPT:REF /OPT:ICF /TLBID:1 /RELEASE /DYNAMICBASE /NXCOMPAT /IMPLIB:"..\..\lib\vc_Win32_dll\wxmsw31ud_aui_vc_vdm.lib" /MACHINE:X86 /SAFESEH /DLL "Win32\DLL Debug\wx_vc_vdm_aui\version.res"
         "Win32\DLL Debug\wx_vc_vdm_aui\dummy.obj"
         "Win32\DLL Debug\wx_vc_vdm_aui\auibar.obj"
         "Win32\DLL Debug\wx_vc_vdm_aui\auibook.obj"
         "Win32\DLL Debug\wx_vc_vdm_aui\dockart.obj"
         "Win32\DLL Debug\wx_vc_vdm_aui\floatpane.obj"
         "Win32\DLL Debug\wx_vc_vdm_aui\framemanager.obj"
         "Win32\DLL Debug\wx_vc_vdm_aui\tabart.obj"
         "Win32\DLL Debug\wx_vc_vdm_aui\tabmdi.obj"
         "Win32\DLL Debug\wx_vc_vdm_aui\xh_auinotbk.obj"
         "Win32\DLL Debug\wx_vc_vdm_aui\xh_auitoolb.obj"
         xilink: executing 'link'
     1>LINK : warning LNK4075: ignoring '/INCREMENTAL' due to '/OPT:ICF' specification
            Creating library ..\..\lib\vc_Win32_dll\wxmsw31ud_aui_vc_vdm.lib and object ..\..\lib\vc_Win32_dll\wxmsw31ud_aui_vc_vdm.exp
       LinkEmbedManifest:
         C:\Program Files (x86)\Intel\Composer XE 2013 SP1\bin\ia32\xilink.exe /OUT:"..\..\lib\vc_Win32_dll\wxmsw31ud_aui_vc_vdm.dll" /INCREMENTAL /NOLOGO /LIBPATH:..\..\lib\vc_Win32_dll\ wxtiffd_vc_vdm.lib wxjpegd_vc_vdm.lib wxpngd_vc_vdm.lib wxzlibd_vc_vdm.lib wxregexud_vc_vdm.lib wxexpatd_vc_vdm.lib kernel32.lib user32.lib gdi32.lib comdlg32.lib winspool.lib winmm.lib shell32.lib comctl32.lib ole32.lib oleaut32.lib uuid.lib rpcrt4.lib advapi32.lib wsock32.lib wininet.lib ..\..\lib\vc_Win32_dll\wxmsw31ud_adv_vc_vdm.lib ..\..\lib\vc_Win32_dll\wxmsw31ud_core_vc_vdm.lib ..\..\lib\vc_Win32_dll\wxbase31ud_vc_vdm.lib kernel32.lib user32.lib gdi32.lib winspool.lib comdlg32.lib advapi32.lib shell32.lib ole32.lib oleaut32.lib uuid.lib odbc32.lib odbccp32.lib /MANIFEST /ManifestFile:"Win32\DLL Debug\wx_vc_vdm_aui\wxmsw31ud_aui_vc_vdm.dll.intermediate.manifest" /MANIFESTUAC:"level='asInvoker' uiAccess='false'" /DEBUG /PDB:"..\..\lib\vc_Win32_dll\wxmsw31ud_aui_vc_vdm_vc_vdm.pdb" /LARGEADDRESSAWARE /OPT:REF /OPT:ICF /TLBID:1 /RELEASE /DYNAMICBASE /NXCOMPAT /IMPLIB:"..\..\lib\vc_Win32_dll\wxmsw31ud_aui_vc_vdm.lib" /MACHINE:X86 /SAFESEH /DLL "Win32\DLL Debug\wx_vc_vdm_aui\version.res"
         "Win32\DLL Debug\wx_vc_vdm_aui\dummy.obj"
         "Win32\DLL Debug\wx_vc_vdm_aui\auibar.obj"
         "Win32\DLL Debug\wx_vc_vdm_aui\auibook.obj"
         "Win32\DLL Debug\wx_vc_vdm_aui\dockart.obj"
         "Win32\DLL Debug\wx_vc_vdm_aui\floatpane.obj"
         "Win32\DLL Debug\wx_vc_vdm_aui\framemanager.obj"
         "Win32\DLL Debug\wx_vc_vdm_aui\tabart.obj"
         "Win32\DLL Debug\wx_vc_vdm_aui\tabmdi.obj"
         "Win32\DLL Debug\wx_vc_vdm_aui\xh_auinotbk.obj"
         "Win32\DLL Debug\wx_vc_vdm_aui\xh_auitoolb.obj"
         xilink: executing 'link'
     1>LINK : warning LNK4075: ignoring '/INCREMENTAL' due to '/OPT:ICF' specification
            Creating library ..\..\lib\vc_Win32_dll\wxmsw31ud_aui_vc_vdm.lib and object ..\..\lib\vc_Win32_dll\wxmsw31ud_aui_vc_vdm.exp
         wx_vc_vdm_aui.vcxproj -> c:\Users\vdmn\Documents\develop\wxWidgets-git4\wxWidgets-new998\build\msw\..\..\lib\vc_Win32_dll\wxmsw31ud_aui_vc_vdm.dll
     1>Done Building Project "c:\Users\vdmn\Documents\develop\wxWidgets-git4\wxWidgets-new998\build\msw\wx_vc_vdm_aui.vcxproj" (Build target(s)).

Build succeeded.

Time Elapsed 00:00:27.88
