Build started 2012-12-15 17:14:21.
     1>Project "c:\Users\vdmw\Documents\vdm\msys\1.0\home\root\wxWidgets-git4\wxWidgets-new003\wxWidgets_vdm_patch\wxWidgets_vdm_patch.vcxproj" on node 2 (build target(s)).
     1>InitializeBuildStatus:
         Creating "X64\Release\wxWidgets_vdm_patch.unsuccessfulbuild" because "AlwaysCreate" was specified.
       ClCompile:
         c:\Program Files (x86)\Microsoft Visual Studio 10.0\VC\bin\x86_amd64\CL.exe /c /Zi /nologo /W3 /WX- /O2 /Oi /GL /D WIN32 /D NDEBUG /D _CONSOLE /D _CRT_SECURE_NO_WARNINGS /Gm- /EHsc /MD /GS /Gy /fp:precise /Zc:wchar_t /Zc:forScope /Yc"StdAfx.h" /Fp"X64\Release\wxWidgets_vdm_patch.pch" /Fo"X64\Release\\" /Fd"X64\Release\vc100.pdb" /Gd /TP /errorReport:prompt stdafx.cpp
         stdafx.cpp
         c:\Program Files (x86)\Microsoft Visual Studio 10.0\VC\bin\x86_amd64\CL.exe /c /Zi /nologo /W3 /WX- /O2 /Oi /GL /D WIN32 /D NDEBUG /D _CONSOLE /D _CRT_SECURE_NO_WARNINGS /Gm- /EHsc /MD /GS /Gy /fp:precise /Zc:wchar_t /Zc:forScope /Fo"X64\Release\\" /Fd"X64\Release\vc100.pdb" /Gd /TP /errorReport:prompt wxWidgets_vdm_patch.cpp
         wxWidgets_vdm_patch.cpp
       Link:
         c:\Program Files (x86)\Microsoft Visual Studio 10.0\VC\bin\x86_amd64\link.exe /ERRORREPORT:PROMPT /OUT:"C:\Users\vdmw\Documents\vdm\msys\1.0\home\root\wxWidgets-git4\wxWidgets-new003\wxWidgets_vdm_patch\X64\Release\wxWidgets_vdm_patch.exe" /INCREMENTAL:NO /NOLOGO kernel32.lib user32.lib gdi32.lib winspool.lib comdlg32.lib advapi32.lib shell32.lib ole32.lib oleaut32.lib uuid.lib odbc32.lib odbccp32.lib /MANIFEST /ManifestFile:"X64\Release\wxWidgets_vdm_patch.exe.intermediate.manifest" /MANIFESTUAC:"level='asInvoker' uiAccess='false'" /DEBUG /PDB:"C:\Users\vdmw\Documents\vdm\msys\1.0\home\root\wxWidgets-git4\wxWidgets-new003\wxWidgets_vdm_patch\X64\Release\wxWidgets_vdm_patch.pdb" /SUBSYSTEM:CONSOLE /OPT:REF /OPT:ICF /LTCG /TLBID:1 /DYNAMICBASE /NXCOMPAT /IMPLIB:"C:\Users\vdmw\Documents\vdm\msys\1.0\home\root\wxWidgets-git4\wxWidgets-new003\wxWidgets_vdm_patch\X64\Release\wxWidgets_vdm_patch.lib" /MACHINE:X64 X64\Release\stdafx.obj
         X64\Release\wxWidgets_vdm_patch.obj
         Generating code
         Finished generating code
         wxWidgets_vdm_patch.vcxproj -> C:\Users\vdmw\Documents\vdm\msys\1.0\home\root\wxWidgets-git4\wxWidgets-new003\wxWidgets_vdm_patch\X64\Release\wxWidgets_vdm_patch.exe
       Manifest:
         C:\Program Files (x86)\Microsoft SDKs\Windows\v7.0A\bin\mt.exe /nologo /verbose /outputresource:"C:\Users\vdmw\Documents\vdm\msys\1.0\home\root\wxWidgets-git4\wxWidgets-new003\wxWidgets_vdm_patch\X64\Release\wxWidgets_vdm_patch.exe;#1" /manifest X64\Release\wxWidgets_vdm_patch.exe.intermediate.manifest
       FinalizeBuildStatus:
         Deleting file "X64\Release\wxWidgets_vdm_patch.unsuccessfulbuild".
         Touching "X64\Release\wxWidgets_vdm_patch.lastbuildstate".
     1>Done Building Project "c:\Users\vdmw\Documents\vdm\msys\1.0\home\root\wxWidgets-git4\wxWidgets-new003\wxWidgets_vdm_patch\wxWidgets_vdm_patch.vcxproj" (build target(s)).

Build succeeded.

Time Elapsed 00:00:10.21
