Build started 11/02/2014 19:26:31.
     1>Project "c:\Users\vdmn\Documents\develop\wxWidgets-git4\wxWidgets-new998\build\msw\wx_vc_vdm_wxtiff.vcxproj" on node 8 (Build target(s)).
     1>ClCompile:
         C:\Program Files (x86)\Intel\Composer XE 2013 SP1\bin\ia32\icl.exe /c /Qvc11 /Qlocation,link,"C:\Program Files (x86)\Microsoft Visual Studio 11.0\VC\\bin" /I..\..\src\zlib /I..\..\src\jpeg /I..\..\src\tiff\libtiff /Zi /nologo /W3 /MP /O3 /Ob2 /Oi /Ot /Qipo /Qftz /Quse-intel-optimized-headers /D __INTEL_COMPILER=1400 /D _HAS_ITERATOR_DEBUGGING=0 /D _ITERATOR_DEBUG_LEVEL=0 /D WIN32 /D _LIB /D _CRT_SECURE_NO_DEPRECATE=1 /D _CRT_NON_CONFORMING_SWPRINTFS=1 /D _SCL_SECURE_NO_WARNINGS=1 /D __WXMSW__ /D _UNICODE /D WXBUILDING /D _CRT_SECURE_NO_DEPRECATE=1 /D _CRT_NON_CONFORMING_SWPRINTFS=1 /D _SCL_SECURE_NO_WARNINGS=1 /D NDEBUG /D _CRT_SECURE_NO_WARNINGS /D _CRT_SECURE_NO_DEPRECATE=1 /D _CRT_NON_CONFORMING_SWPRINTFS=1 /D _SCL_SECURE_NO_WARNINGS=1 /D __WXMSW__ /D _UNICODE /D WXBUILDING /D _CRT_SECURE_NO_DEPRECATE=1 /D _CRT_NON_CONFORMING_SWPRINTFS=1 /D _SCL_SECURE_NO_WARNINGS=1 /D NDEBUG /D _CRT_SECURE_NO_WARNINGS /D _CRT_NONSTDC_NO_WARNINGS /D _UNICODE /D UNICODE /GF /EHsc /MD /GS- /fp:fast=2 /QxHost /Zc:wchar_t /Zc:forScope /GR /Qstd=c99 /Qstd=c++0x /Qansi-alias /Fo"Win32\DLL Release\vc_mswudll\wxtiff\\" /Fd"..\..\lib\vc_Win32_dll\wxtiff_vc_vdm.pdb" /Gd /TC /Qdiag-disable:1744,809,650 ..\..\src\tiff\libtiff\tif_aux.c ..\..\src\tiff\libtiff\tif_close.c ..\..\src\tiff\libtiff\tif_codec.c ..\..\src\tiff\libtiff\tif_color.c ..\..\src\tiff\libtiff\tif_compress.c ..\..\src\tiff\libtiff\tif_dir.c ..\..\src\tiff\libtiff\tif_dirinfo.c ..\..\src\tiff\libtiff\tif_dirread.c ..\..\src\tiff\libtiff\tif_dirwrite.c ..\..\src\tiff\libtiff\tif_dumpmode.c ..\..\src\tiff\libtiff\tif_error.c ..\..\src\tiff\libtiff\tif_extension.c ..\..\src\tiff\libtiff\tif_fax3.c ..\..\src\tiff\libtiff\tif_fax3sm.c ..\..\src\tiff\libtiff\tif_flush.c ..\..\src\tiff\libtiff\tif_getimage.c ..\..\src\tiff\libtiff\tif_jpeg.c ..\..\src\tiff\libtiff\tif_luv.c ..\..\src\tiff\libtiff\tif_lzw.c ..\..\src\tiff\libtiff\tif_next.c ..\..\src\tiff\libtiff\tif_ojpeg.c ..\..\src\tiff\libtiff\tif_open.c ..\..\src\tiff\libtiff\tif_packbits.c ..\..\src\tiff\libtiff\tif_pixarlog.c ..\..\src\tiff\libtiff\tif_predict.c ..\..\src\tiff\libtiff\tif_print.c ..\..\src\tiff\libtiff\tif_read.c ..\..\src\tiff\libtiff\tif_strip.c ..\..\src\tiff\libtiff\tif_swab.c ..\..\src\tiff\libtiff\tif_thunder.c ..\..\src\tiff\libtiff\tif_tile.c ..\..\src\tiff\libtiff\tif_version.c ..\..\src\tiff\libtiff\tif_warning.c ..\..\src\tiff\libtiff\tif_win32.c ..\..\src\tiff\libtiff\tif_write.c ..\..\src\tiff\libtiff\tif_zip.c /Gm /Qlong_double /Qopt-class-analysis /Qopt-mem-bandwidth2 /Qopt-streaming-stores:auto /Qno-alias-args 
     1>icl : warning #10121: overriding '/Qstd=c99' with '/Qstd=c++0x'
     1>icl : warning #10370: option '/Qstd=c++0x' is not valid for C compilations
         tif_aux.c
         tif_close.c
         tif_lzw.c
         tif_codec.c
         tif_next.c
         tif_color.c
         tif_ojpeg.c
         tif_compress.c
         tif_open.c
         tif_dir.c
         tif_packbits.c
         tif_pixarlog.c
         tif_dirinfo.c
         tif_dirread.c
         tif_predict.c
         tif_print.c
         tif_dirwrite.c
         tif_read.c
         tif_strip.c
         tif_dumpmode.c
         tif_swab.c
         tif_error.c
         tif_thunder.c
         tif_flush.c
         tif_extension.c
         tif_tile.c
         tif_getimage.c
         tif_win32.c
         tif_fax3.c
         tif_version.c
         tif_warning.c
         tif_jpeg.c
         tif_fax3sm.c
         tif_luv.c
         tif_write.c
         tif_zip.c
     1>C:\Program Files (x86)\MSBuild\Microsoft.Cpp\v4.0\V110\Microsoft.CppBuild.targets(1299,5): warning MSB8012: TargetPath(c:\Users\vdmn\Documents\develop\wxWidgets-git4\wxWidgets-new998\build\msw\..\..\lib\vc_Win32_dll\wxtiff.lib) does not match the Library's OutputFile property value (c:\Users\vdmn\Documents\develop\wxWidgets-git4\wxWidgets-new998\lib\vc_Win32_dll\wxtiff_vc_vdm.lib). This may cause your project to build incorrectly. To correct this, please make sure that $(OutDir), $(TargetName) and $(TargetExt) property values match the value specified in %(Lib.OutputFile).
     1>C:\Program Files (x86)\MSBuild\Microsoft.Cpp\v4.0\V110\Microsoft.CppBuild.targets(1301,5): warning MSB8012: TargetName(wxtiff) does not match the Library's OutputFile property value (wxtiff_vc_vdm). This may cause your project to build incorrectly. To correct this, please make sure that $(OutDir), $(TargetName) and $(TargetExt) property values match the value specified in %(Lib.OutputFile).
       Lib:
         C:\Program Files (x86)\Intel\Composer XE 2013 SP1\bin\ia32\xilib.exe /OUT:"..\..\lib\vc_Win32_dll\wxtiff_vc_vdm.lib" /NOLOGO "Win32\DLL Release\vc_mswudll\wxtiff\tif_aux.obj"
         "Win32\DLL Release\vc_mswudll\wxtiff\tif_close.obj"
         "Win32\DLL Release\vc_mswudll\wxtiff\tif_codec.obj"
         "Win32\DLL Release\vc_mswudll\wxtiff\tif_color.obj"
         "Win32\DLL Release\vc_mswudll\wxtiff\tif_compress.obj"
         "Win32\DLL Release\vc_mswudll\wxtiff\tif_dir.obj"
         "Win32\DLL Release\vc_mswudll\wxtiff\tif_dirinfo.obj"
         "Win32\DLL Release\vc_mswudll\wxtiff\tif_dirread.obj"
         "Win32\DLL Release\vc_mswudll\wxtiff\tif_dirwrite.obj"
         "Win32\DLL Release\vc_mswudll\wxtiff\tif_dumpmode.obj"
         "Win32\DLL Release\vc_mswudll\wxtiff\tif_error.obj"
         "Win32\DLL Release\vc_mswudll\wxtiff\tif_extension.obj"
         "Win32\DLL Release\vc_mswudll\wxtiff\tif_fax3.obj"
         "Win32\DLL Release\vc_mswudll\wxtiff\tif_fax3sm.obj"
         "Win32\DLL Release\vc_mswudll\wxtiff\tif_flush.obj"
         "Win32\DLL Release\vc_mswudll\wxtiff\tif_getimage.obj"
         "Win32\DLL Release\vc_mswudll\wxtiff\tif_jpeg.obj"
         "Win32\DLL Release\vc_mswudll\wxtiff\tif_luv.obj"
         "Win32\DLL Release\vc_mswudll\wxtiff\tif_lzw.obj"
         "Win32\DLL Release\vc_mswudll\wxtiff\tif_next.obj"
         "Win32\DLL Release\vc_mswudll\wxtiff\tif_ojpeg.obj"
         "Win32\DLL Release\vc_mswudll\wxtiff\tif_open.obj"
         "Win32\DLL Release\vc_mswudll\wxtiff\tif_packbits.obj"
         "Win32\DLL Release\vc_mswudll\wxtiff\tif_pixarlog.obj"
         "Win32\DLL Release\vc_mswudll\wxtiff\tif_predict.obj"
         "Win32\DLL Release\vc_mswudll\wxtiff\tif_print.obj"
         "Win32\DLL Release\vc_mswudll\wxtiff\tif_read.obj"
         "Win32\DLL Release\vc_mswudll\wxtiff\tif_strip.obj"
         "Win32\DLL Release\vc_mswudll\wxtiff\tif_swab.obj"
         "Win32\DLL Release\vc_mswudll\wxtiff\tif_thunder.obj"
         "Win32\DLL Release\vc_mswudll\wxtiff\tif_tile.obj"
         "Win32\DLL Release\vc_mswudll\wxtiff\tif_version.obj"
         "Win32\DLL Release\vc_mswudll\wxtiff\tif_warning.obj"
         "Win32\DLL Release\vc_mswudll\wxtiff\tif_win32.obj"
         "Win32\DLL Release\vc_mswudll\wxtiff\tif_write.obj"
         "Win32\DLL Release\vc_mswudll\wxtiff\tif_zip.obj" /Qvec-report1 
       c:\Users\vdmn\Documents\develop\wxWidgets-git4\wxWidgets-new998\src\tiff\libtiff\tif_aux.c(317): message : LOOP WAS VECTORIZED
       c:\Users\vdmn\Documents\develop\wxWidgets-git4\wxWidgets-new998\src\tiff\libtiff\tif_aux.c(317): message : LOOP WAS VECTORIZED
       c:\Users\vdmn\Documents\develop\wxWidgets-git4\wxWidgets-new998\src\tiff\libtiff\tif_aux.c(286): message : LOOP WAS VECTORIZED
       c:\Users\vdmn\Documents\develop\wxWidgets-git4\wxWidgets-new998\src\tiff\libtiff\tif_aux.c(298): message : LOOP WAS VECTORIZED
       c:\Users\vdmn\Documents\develop\wxWidgets-git4\wxWidgets-new998\src\tiff\libtiff\tif_color.c(248): message : LOOP WAS VECTORIZED
       c:\Users\vdmn\Documents\develop\wxWidgets-git4\wxWidgets-new998\src\tiff\libtiff\tif_color.c(148): message : LOOP WAS VECTORIZED
       c:\Users\vdmn\Documents\develop\wxWidgets-git4\wxWidgets-new998\src\tiff\libtiff\tif_color.c(160): message : LOOP WAS VECTORIZED
       c:\Users\vdmn\Documents\develop\wxWidgets-git4\wxWidgets-new998\src\tiff\libtiff\tif_color.c(172): message : LOOP WAS VECTORIZED
       c:\Users\vdmn\Documents\develop\wxWidgets-git4\wxWidgets-new998\src\tiff\libtiff\tif_dir.c(295): message : LOOP WAS VECTORIZED
       c:\Users\vdmn\Documents\develop\wxWidgets-git4\wxWidgets-new998\src\tiff\libtiff\tif_dir.c(301): message : LOOP WAS VECTORIZED
       c:\Users\vdmn\Documents\develop\wxWidgets-git4\wxWidgets-new998\src\tiff\libtiff\tif_dir.c(810): message : LOOP WAS VECTORIZED
       c:\Users\vdmn\Documents\develop\wxWidgets-git4\wxWidgets-new998\src\tiff\libtiff\tif_dir.c(1064): message : loop was not vectorized: vectorization possible but seems inefficient
       c:\Users\vdmn\Documents\develop\wxWidgets-git4\wxWidgets-new998\src\tiff\libtiff\tif_dir.c(921): message : loop was not vectorized: vectorization possible but seems inefficient
       c:\Users\vdmn\Documents\develop\wxWidgets-git4\wxWidgets-new998\src\tiff\libtiff\tif_dir.c(904): message : loop was not vectorized: vectorization possible but seems inefficient
       c:\Users\vdmn\Documents\develop\wxWidgets-git4\wxWidgets-new998\src\tiff\libtiff\tif_dirinfo.c(636): message : loop was not vectorized: vectorization possible but seems inefficient
       c:\Users\vdmn\Documents\develop\wxWidgets-git4\wxWidgets-new998\src\tiff\libtiff\tif_dirinfo.c(939): message : PARTIAL LOOP WAS VECTORIZED
       c:\Users\vdmn\Documents\develop\wxWidgets-git4\wxWidgets-new998\src\tiff\libtiff\tif_dirread.c(3714): message : LOOP WAS VECTORIZED
       c:\Users\vdmn\Documents\develop\wxWidgets-git4\wxWidgets-new998\src\tiff\libtiff\tif_dirread.c(1317): message : LOOP WAS VECTORIZED
       c:\Users\vdmn\Documents\develop\wxWidgets-git4\wxWidgets-new998\src\tiff\libtiff\tif_dirread.c(2271): message : LOOP WAS VECTORIZED
       c:\Users\vdmn\Documents\develop\wxWidgets-git4\wxWidgets-new998\src\tiff\libtiff\tif_dirread.c(2257): message : LOOP WAS VECTORIZED
       c:\Users\vdmn\Documents\develop\wxWidgets-git4\wxWidgets-new998\src\tiff\libtiff\tif_dirread.c(1902): message : LOOP WAS VECTORIZED
       c:\Users\vdmn\Documents\develop\wxWidgets-git4\wxWidgets-new998\src\tiff\libtiff\tif_dirread.c(1888): message : LOOP WAS VECTORIZED
       c:\Users\vdmn\Documents\develop\wxWidgets-git4\wxWidgets-new998\src\tiff\libtiff\tif_dirread.c(1524): message : LOOP WAS VECTORIZED
       c:\Users\vdmn\Documents\develop\wxWidgets-git4\wxWidgets-new998\src\tiff\libtiff\tif_dirread.c(1510): message : LOOP WAS VECTORIZED
       c:\Users\vdmn\Documents\develop\wxWidgets-git4\wxWidgets-new998\src\tiff\libtiff\tif_dirread.c(2070): message : LOOP WAS VECTORIZED
       c:\Users\vdmn\Documents\develop\wxWidgets-git4\wxWidgets-new998\src\tiff\libtiff\tif_dirread.c(2618): message : LOOP WAS VECTORIZED
       c:\Users\vdmn\Documents\develop\wxWidgets-git4\wxWidgets-new998\src\tiff\libtiff\tif_dirread.c(2429): message : LOOP WAS VECTORIZED
       c:\Users\vdmn\Documents\develop\wxWidgets-git4\wxWidgets-new998\src\tiff\libtiff\tif_dirread.c(2415): message : LOOP WAS VECTORIZED
       c:\Users\vdmn\Documents\develop\wxWidgets-git4\wxWidgets-new998\src\tiff\libtiff\tif_dirread.c(1698): message : LOOP WAS VECTORIZED
       c:\Users\vdmn\Documents\develop\wxWidgets-git4\wxWidgets-new998\src\tiff\libtiff\tif_dirread.c(2894): message : LOOP WAS VECTORIZED
       c:\Users\vdmn\Documents\develop\wxWidgets-git4\wxWidgets-new998\src\tiff\libtiff\tif_dirread.c(2705): message : LOOP WAS VECTORIZED
       c:\Users\vdmn\Documents\develop\wxWidgets-git4\wxWidgets-new998\src\tiff\libtiff\tif_dirread.c(2691): message : LOOP WAS VECTORIZED
       c:\Users\vdmn\Documents\develop\wxWidgets-git4\wxWidgets-new998\src\tiff\libtiff\tif_dirread.c(4616): message : LOOP WAS VECTORIZED
       c:\Users\vdmn\Documents\develop\wxWidgets-git4\wxWidgets-new998\src\tiff\libtiff\tif_dirread.c(4634): message : LOOP WAS VECTORIZED
       c:\Users\vdmn\Documents\develop\wxWidgets-git4\wxWidgets-new998\src\tiff\libtiff\tif_dirread.c(4642): message : LOOP WAS VECTORIZED
       c:\Users\vdmn\Documents\develop\wxWidgets-git4\wxWidgets-new998\src\tiff\libtiff\tif_dirread.c(4980): message : BLOCK WAS VECTORIZED
       c:\Users\vdmn\Documents\develop\wxWidgets-git4\wxWidgets-new998\src\tiff\libtiff\tif_dirread.c(4982): message : BLOCK WAS VECTORIZED
       c:\Users\vdmn\Documents\develop\wxWidgets-git4\wxWidgets-new998\src\tiff\libtiff\tif_dirwrite.c(980): message : LOOP WAS VECTORIZED
       c:\Users\vdmn\Documents\develop\wxWidgets-git4\wxWidgets-new998\src\tiff\libtiff\tif_dirwrite.c(995): message : LOOP WAS VECTORIZED
       c:\Users\vdmn\Documents\develop\wxWidgets-git4\wxWidgets-new998\src\tiff\libtiff\tif_dirwrite.c(1004): message : LOOP WAS VECTORIZED
       c:\Users\vdmn\Documents\develop\wxWidgets-git4\wxWidgets-new998\src\tiff\libtiff\tif_dirwrite.c(1013): message : LOOP WAS VECTORIZED
       c:\Users\vdmn\Documents\develop\wxWidgets-git4\wxWidgets-new998\src\tiff\libtiff\tif_dirwrite.c(1024): message : LOOP WAS VECTORIZED
       c:\Users\vdmn\Documents\develop\wxWidgets-git4\wxWidgets-new998\src\tiff\libtiff\tif_dirwrite.c(1033): message : LOOP WAS VECTORIZED
       c:\Users\vdmn\Documents\develop\wxWidgets-git4\wxWidgets-new998\src\tiff\libtiff\tif_dirwrite.c(1042): message : LOOP WAS VECTORIZED
       c:\Users\vdmn\Documents\develop\wxWidgets-git4\wxWidgets-new998\src\tiff\libtiff\tif_dirwrite.c(1510): message : LOOP WAS VECTORIZED
       c:\Users\vdmn\Documents\develop\wxWidgets-git4\wxWidgets-new998\src\tiff\libtiff\tif_dirwrite.c(1499): message : LOOP WAS VECTORIZED
       c:\Users\vdmn\Documents\develop\wxWidgets-git4\wxWidgets-new998\src\tiff\libtiff\tif_fax3.c(423): message : LOOP WAS VECTORIZED
       c:\Users\vdmn\Documents\develop\wxWidgets-git4\wxWidgets-new998\src\tiff\libtiff\tif_fax3.c(464): message : LOOP WAS VECTORIZED
       c:\Users\vdmn\Documents\develop\wxWidgets-git4\wxWidgets-new998\src\tiff\libtiff\tif_getimage.c(441): message : BLOCK WAS VECTORIZED
       c:\Users\vdmn\Documents\develop\wxWidgets-git4\wxWidgets-new998\src\tiff\libtiff\tif_getimage.c(2847): message : LOOP WAS VECTORIZED
       c:\Users\vdmn\Documents\develop\wxWidgets-git4\wxWidgets-new998\src\tiff\libtiff\tif_getimage.c(2751): message : LOOP WAS VECTORIZED
       c:\Users\vdmn\Documents\develop\wxWidgets-git4\wxWidgets-new998\src\tiff\libtiff\tif_getimage.c(2761): message : LOOP WAS VECTORIZED
       c:\Users\vdmn\Documents\develop\wxWidgets-git4\wxWidgets-new998\src\tiff\libtiff\tif_getimage.c(2733): message : LOOP WAS VECTORIZED
       c:\Users\vdmn\Documents\develop\wxWidgets-git4\wxWidgets-new998\src\tiff\libtiff\tif_getimage.c(2738): message : LOOP WAS VECTORIZED
       c:\Users\vdmn\Documents\develop\wxWidgets-git4\wxWidgets-new998\src\tiff\libtiff\tif_getimage.c(2744): message : LOOP WAS VECTORIZED
       c:\Users\vdmn\Documents\develop\wxWidgets-git4\wxWidgets-new998\src\tiff\libtiff\tif_getimage.c(2780): message : LOOP WAS VECTORIZED
       c:\Users\vdmn\Documents\develop\wxWidgets-git4\wxWidgets-new998\src\tiff\libtiff\tif_getimage.c(2546): message : LOOP WAS VECTORIZED
       c:\Users\vdmn\Documents\develop\wxWidgets-git4\wxWidgets-new998\src\tiff\libtiff\tif_getimage.c(2552): message : LOOP WAS VECTORIZED
       c:\Users\vdmn\Documents\develop\wxWidgets-git4\wxWidgets-new998\src\tiff\libtiff\tif_getimage.c(2635): message : LOOP WAS VECTORIZED
       c:\Users\vdmn\Documents\develop\wxWidgets-git4\wxWidgets-new998\src\tiff\libtiff\tif_getimage.c(2887): message : LOOP WAS VECTORIZED
       c:\Users\vdmn\Documents\develop\wxWidgets-git4\wxWidgets-new998\src\tiff\libtiff\tif_getimage.c(2892): message : LOOP WAS VECTORIZED
       c:\Users\vdmn\Documents\develop\wxWidgets-git4\wxWidgets-new998\src\tiff\libtiff\tif_getimage.c(2898): message : LOOP WAS VECTORIZED
       c:\Users\vdmn\Documents\develop\wxWidgets-git4\wxWidgets-new998\src\tiff\libtiff\tif_getimage.c(1187): message : LOOP WAS VECTORIZED
       c:\Users\vdmn\Documents\develop\wxWidgets-git4\wxWidgets-new998\src\tiff\libtiff\tif_getimage.c(1211): message : PARTIAL LOOP WAS VECTORIZED
       c:\Users\vdmn\Documents\develop\wxWidgets-git4\wxWidgets-new998\src\tiff\libtiff\tif_getimage.c(1231): message : PARTIAL LOOP WAS VECTORIZED
       c:\Users\vdmn\Documents\develop\wxWidgets-git4\wxWidgets-new998\src\tiff\libtiff\tif_getimage.c(1251): message : PARTIAL LOOP WAS VECTORIZED
       c:\Users\vdmn\Documents\develop\wxWidgets-git4\wxWidgets-new998\src\tiff\libtiff\tif_getimage.c(1273): message : LOOP WAS VECTORIZED
       c:\Users\vdmn\Documents\develop\wxWidgets-git4\wxWidgets-new998\src\tiff\libtiff\tif_getimage.c(1299): message : LOOP WAS VECTORIZED
       c:\Users\vdmn\Documents\develop\wxWidgets-git4\wxWidgets-new998\src\tiff\libtiff\tif_getimage.c(1327): message : PARTIAL LOOP WAS VECTORIZED
       c:\Users\vdmn\Documents\develop\wxWidgets-git4\wxWidgets-new998\src\tiff\libtiff\tif_getimage.c(1354): message : PARTIAL LOOP WAS VECTORIZED
       c:\Users\vdmn\Documents\develop\wxWidgets-git4\wxWidgets-new998\src\tiff\libtiff\tif_getimage.c(1374): message : PARTIAL LOOP WAS VECTORIZED
       c:\Users\vdmn\Documents\develop\wxWidgets-git4\wxWidgets-new998\src\tiff\libtiff\tif_getimage.c(1394): message : PARTIAL LOOP WAS VECTORIZED
       c:\Users\vdmn\Documents\develop\wxWidgets-git4\wxWidgets-new998\src\tiff\libtiff\tif_getimage.c(1413): message : LOOP WAS VECTORIZED
       c:\Users\vdmn\Documents\develop\wxWidgets-git4\wxWidgets-new998\src\tiff\libtiff\tif_getimage.c(1435): message : LOOP WAS VECTORIZED
       c:\Users\vdmn\Documents\develop\wxWidgets-git4\wxWidgets-new998\src\tiff\libtiff\tif_getimage.c(1461): message : LOOP WAS VECTORIZED
       c:\Users\vdmn\Documents\develop\wxWidgets-git4\wxWidgets-new998\src\tiff\libtiff\tif_getimage.c(1491): message : LOOP WAS VECTORIZED
       c:\Users\vdmn\Documents\develop\wxWidgets-git4\wxWidgets-new998\src\tiff\libtiff\tif_getimage.c(1645): message : LOOP WAS VECTORIZED
       c:\Users\vdmn\Documents\develop\wxWidgets-git4\wxWidgets-new998\src\tiff\libtiff\tif_getimage.c(1661): message : LOOP WAS VECTORIZED
       c:\Users\vdmn\Documents\develop\wxWidgets-git4\wxWidgets-new998\src\tiff\libtiff\tif_getimage.c(1708): message : LOOP WAS VECTORIZED
       c:\Users\vdmn\Documents\develop\wxWidgets-git4\wxWidgets-new998\src\tiff\libtiff\tif_getimage.c(1737): message : LOOP WAS VECTORIZED
       c:\Users\vdmn\Documents\develop\wxWidgets-git4\wxWidgets-new998\src\tiff\libtiff\tif_getimage.c(1763): message : LOOP WAS VECTORIZED
       c:\Users\vdmn\Documents\develop\wxWidgets-git4\wxWidgets-new998\src\tiff\libtiff\tif_getimage.c(1792): message : LOOP WAS VECTORIZED
       c:\Users\vdmn\Documents\develop\wxWidgets-git4\wxWidgets-new998\src\tiff\libtiff\tif_jpeg.c(1292): message : LOOP WAS VECTORIZED
       c:\Users\vdmn\Documents\develop\wxWidgets-git4\wxWidgets-new998\src\tiff\libtiff\tif_jpeg.c(1428): message : LOOP WAS VECTORIZED
       c:\Users\vdmn\Documents\develop\wxWidgets-git4\wxWidgets-new998\src\tiff\libtiff\tif_jpeg.c(1443): message : LOOP WAS VECTORIZED
       c:\Users\vdmn\Documents\develop\wxWidgets-git4\wxWidgets-new998\src\tiff\libtiff\tif_jpeg.c(1881): message : LOOP WAS VECTORIZED
     1>c:\Users\vdmn\Documents\develop\wxWidgets-git4\wxWidgets-new998\src\tiff\libtiff\tif_jpeg.c(1888): warning #13211: Immediate parameter to intrinsic call too large
       c:\Users\vdmn\Documents\develop\wxWidgets-git4\wxWidgets-new998\src\tiff\libtiff\tif_jpeg.c(1973): message : LOOP WAS VECTORIZED
       c:\Users\vdmn\Documents\develop\wxWidgets-git4\wxWidgets-new998\src\tiff\libtiff\tif_jpeg.c(1986): message : LOOP WAS VECTORIZED
       c:\Users\vdmn\Documents\develop\wxWidgets-git4\wxWidgets-new998\src\tiff\libtiff\tif_jpeg.c(1995): message : LOOP WAS VECTORIZED
       c:\Users\vdmn\Documents\develop\wxWidgets-git4\wxWidgets-new998\src\tiff\libtiff\tif_jpeg.c(2340): message : BLOCK WAS VECTORIZED
       c:\Users\vdmn\Documents\develop\wxWidgets-git4\wxWidgets-new998\src\tiff\libtiff\tif_luv.c(539): message : PARTIAL LOOP WAS VECTORIZED
       c:\Users\vdmn\Documents\develop\wxWidgets-git4\wxWidgets-new998\src\tiff\libtiff\tif_luv.c(704): message : PARTIAL LOOP WAS VECTORIZED
       c:\Users\vdmn\Documents\develop\wxWidgets-git4\wxWidgets-new998\src\tiff\libtiff\tif_luv.c(824): message : LOOP WAS VECTORIZED
       c:\Users\vdmn\Documents\develop\wxWidgets-git4\wxWidgets-new998\src\tiff\libtiff\tif_luv.c(837): message : LOOP WAS VECTORIZED
       c:\Users\vdmn\Documents\develop\wxWidgets-git4\wxWidgets-new998\src\tiff\libtiff\tif_luv.c(983): message : REVERSED LOOP WAS VECTORIZED
       c:\Users\vdmn\Documents\develop\wxWidgets-git4\wxWidgets-new998\src\tiff\libtiff\tif_luv.c(983): message : LOOP WAS VECTORIZED
       c:\Users\vdmn\Documents\develop\wxWidgets-git4\wxWidgets-new998\src\tiff\libtiff\tif_luv.c(986): message : REVERSED LOOP WAS VECTORIZED
       c:\Users\vdmn\Documents\develop\wxWidgets-git4\wxWidgets-new998\src\tiff\libtiff\tif_luv.c(986): message : LOOP WAS VECTORIZED
       c:\Users\vdmn\Documents\develop\wxWidgets-git4\wxWidgets-new998\src\tiff\libtiff\tif_luv.c(988): message : REVERSED LOOP WAS VECTORIZED
       c:\Users\vdmn\Documents\develop\wxWidgets-git4\wxWidgets-new998\src\tiff\libtiff\tif_luv.c(988): message : LOOP WAS VECTORIZED
       c:\Users\vdmn\Documents\develop\wxWidgets-git4\wxWidgets-new998\src\tiff\libtiff\tif_luv.c(991): message : REVERSED LOOP WAS VECTORIZED
       c:\Users\vdmn\Documents\develop\wxWidgets-git4\wxWidgets-new998\src\tiff\libtiff\tif_luv.c(991): message : LOOP WAS VECTORIZED
       c:\Users\vdmn\Documents\develop\wxWidgets-git4\wxWidgets-new998\src\tiff\libtiff\tif_luv.c(1250): message : LOOP WAS VECTORIZED
       c:\Users\vdmn\Documents\develop\wxWidgets-git4\wxWidgets-new998\src\tiff\libtiff\tif_luv.c(1265): message : LOOP WAS VECTORIZED
       c:\Users\vdmn\Documents\develop\wxWidgets-git4\wxWidgets-new998\src\tiff\libtiff\tif_luv.c(1286): message : LOOP WAS VECTORIZED
       c:\Users\vdmn\Documents\develop\wxWidgets-git4\wxWidgets-new998\src\tiff\libtiff\tif_luv.c(1320): message : LOOP WAS VECTORIZED
       c:\Users\vdmn\Documents\develop\wxWidgets-git4\wxWidgets-new998\src\tiff\libtiff\tif_lzw.c(251): message : REVERSED LOOP WAS VECTORIZED
       c:\Users\vdmn\Documents\develop\wxWidgets-git4\wxWidgets-new998\src\tiff\libtiff\tif_lzw.c(863): message : BLOCK WAS VECTORIZED
       c:\Users\vdmn\Documents\develop\wxWidgets-git4\wxWidgets-new998\src\tiff\libtiff\tif_lzw.c(872): message : LOOP WAS VECTORIZED
       c:\Users\vdmn\Documents\develop\wxWidgets-git4\wxWidgets-new998\src\tiff\libtiff\tif_lzw.c(1018): message : PARTIAL LOOP WAS VECTORIZED
       c:\Users\vdmn\Documents\develop\wxWidgets-git4\wxWidgets-new998\src\tiff\libtiff\tif_lzw.c(1046): message : PARTIAL LOOP WAS VECTORIZED
       c:\Users\vdmn\Documents\develop\wxWidgets-git4\wxWidgets-new998\src\tiff\libtiff\tif_next.c(72): message : LOOP WAS VECTORIZED
       c:\Users\vdmn\Documents\develop\wxWidgets-git4\wxWidgets-new998\src\tiff\libtiff\tif_open.c(227): message : loop was not vectorized: vectorization possible but seems inefficient
       c:\Users\vdmn\Documents\develop\wxWidgets-git4\wxWidgets-new998\src\tiff\libtiff\tif_packbits.c(116): message : LOOP WAS VECTORIZED
       c:\Users\vdmn\Documents\develop\wxWidgets-git4\wxWidgets-new998\src\tiff\libtiff\tif_packbits.c(222): message : LOOP WAS VECTORIZED
       c:\Users\vdmn\Documents\develop\wxWidgets-git4\wxWidgets-new998\src\tiff\libtiff\tif_packbits.c(269): message : LOOP WAS VECTORIZED
       c:\Users\vdmn\Documents\develop\wxWidgets-git4\wxWidgets-new998\src\tiff\libtiff\tif_pixarlog.c(177): message : LOOP WAS VECTORIZED
       c:\Users\vdmn\Documents\develop\wxWidgets-git4\wxWidgets-new998\src\tiff\libtiff\tif_pixarlog.c(183): message : LOOP WAS VECTORIZED
       c:\Users\vdmn\Documents\develop\wxWidgets-git4\wxWidgets-new998\src\tiff\libtiff\tif_pixarlog.c(183): message : LOOP WAS VECTORIZED
       c:\Users\vdmn\Documents\develop\wxWidgets-git4\wxWidgets-new998\src\tiff\libtiff\tif_pixarlog.c(311): message : LOOP WAS VECTORIZED
       c:\Users\vdmn\Documents\develop\wxWidgets-git4\wxWidgets-new998\src\tiff\libtiff\tif_pixarlog.c(317): message : LOOP WAS VECTORIZED
       c:\Users\vdmn\Documents\develop\wxWidgets-git4\wxWidgets-new998\src\tiff\libtiff\tif_pixarlog.c(317): message : LOOP WAS VECTORIZED
       c:\Users\vdmn\Documents\develop\wxWidgets-git4\wxWidgets-new998\src\tiff\libtiff\tif_pixarlog.c(252): message : LOOP WAS VECTORIZED
       c:\Users\vdmn\Documents\develop\wxWidgets-git4\wxWidgets-new998\src\tiff\libtiff\tif_pixarlog.c(259): message : LOOP WAS VECTORIZED
       c:\Users\vdmn\Documents\develop\wxWidgets-git4\wxWidgets-new998\src\tiff\libtiff\tif_pixarlog.c(367): message : LOOP WAS VECTORIZED
       c:\Users\vdmn\Documents\develop\wxWidgets-git4\wxWidgets-new998\src\tiff\libtiff\tif_pixarlog.c(373): message : LOOP WAS VECTORIZED
       c:\Users\vdmn\Documents\develop\wxWidgets-git4\wxWidgets-new998\src\tiff\libtiff\tif_pixarlog.c(373): message : LOOP WAS VECTORIZED
       c:\Users\vdmn\Documents\develop\wxWidgets-git4\wxWidgets-new998\src\tiff\libtiff\tif_pixarlog.c(499): message : LOOP WAS VECTORIZED
       c:\Users\vdmn\Documents\develop\wxWidgets-git4\wxWidgets-new998\src\tiff\libtiff\tif_pixarlog.c(505): message : LOOP WAS VECTORIZED
       c:\Users\vdmn\Documents\develop\wxWidgets-git4\wxWidgets-new998\src\tiff\libtiff\tif_pixarlog.c(505): message : LOOP WAS VECTORIZED
       c:\Users\vdmn\Documents\develop\wxWidgets-git4\wxWidgets-new998\src\tiff\libtiff\tif_pixarlog.c(424): message : LOOP WAS VECTORIZED
       c:\Users\vdmn\Documents\develop\wxWidgets-git4\wxWidgets-new998\src\tiff\libtiff\tif_pixarlog.c(430): message : LOOP WAS VECTORIZED
       c:\Users\vdmn\Documents\develop\wxWidgets-git4\wxWidgets-new998\src\tiff\libtiff\tif_pixarlog.c(430): message : LOOP WAS VECTORIZED
       c:\Users\vdmn\Documents\develop\wxWidgets-git4\wxWidgets-new998\src\tiff\libtiff\tif_pixarlog.c(1187): message : LOOP WAS VECTORIZED
       c:\Users\vdmn\Documents\develop\wxWidgets-git4\wxWidgets-new998\src\tiff\libtiff\tif_pixarlog.c(1187): message : LOOP WAS VECTORIZED
       c:\Users\vdmn\Documents\develop\wxWidgets-git4\wxWidgets-new998\src\tiff\libtiff\tif_pixarlog.c(1125): message : LOOP WAS VECTORIZED
       c:\Users\vdmn\Documents\develop\wxWidgets-git4\wxWidgets-new998\src\tiff\libtiff\tif_pixarlog.c(1125): message : LOOP WAS VECTORIZED
       c:\Users\vdmn\Documents\develop\wxWidgets-git4\wxWidgets-new998\src\tiff\libtiff\tif_pixarlog.c(1063): message : LOOP WAS VECTORIZED
       c:\Users\vdmn\Documents\develop\wxWidgets-git4\wxWidgets-new998\src\tiff\libtiff\tif_pixarlog.c(1069): message : LOOP WAS VECTORIZED
       c:\Users\vdmn\Documents\develop\wxWidgets-git4\wxWidgets-new998\src\tiff\libtiff\tif_pixarlog.c(1535): message : LOOP WAS VECTORIZED
       c:\Users\vdmn\Documents\develop\wxWidgets-git4\wxWidgets-new998\src\tiff\libtiff\tif_pixarlog.c(1535): message : LOOP WAS VECTORIZED
       c:\Users\vdmn\Documents\develop\wxWidgets-git4\wxWidgets-new998\src\tiff\libtiff\tif_pixarlog.c(1535): message : LOOP WAS VECTORIZED
       c:\Users\vdmn\Documents\develop\wxWidgets-git4\wxWidgets-new998\src\tiff\libtiff\tif_predict.c(299): message : LOOP WAS VECTORIZED
       c:\Users\vdmn\Documents\develop\wxWidgets-git4\wxWidgets-new998\src\tiff\libtiff\tif_predict.c(299): message : LOOP WAS VECTORIZED
       c:\Users\vdmn\Documents\develop\wxWidgets-git4\wxWidgets-new998\src\tiff\libtiff\tif_predict.c(323): message : LOOP WAS VECTORIZED
       c:\Users\vdmn\Documents\develop\wxWidgets-git4\wxWidgets-new998\src\tiff\libtiff\tif_predict.c(323): message : LOOP WAS VECTORIZED
       c:\Users\vdmn\Documents\develop\wxWidgets-git4\wxWidgets-new998\src\tiff\libtiff\tif_predict.c(344): message : LOOP WAS VECTORIZED
       c:\Users\vdmn\Documents\develop\wxWidgets-git4\wxWidgets-new998\src\tiff\libtiff\tif_predict.c(344): message : LOOP WAS VECTORIZED
       c:\Users\vdmn\Documents\develop\wxWidgets-git4\wxWidgets-new998\src\tiff\libtiff\tif_predict.c(366): message : LOOP WAS VECTORIZED
       c:\Users\vdmn\Documents\develop\wxWidgets-git4\wxWidgets-new998\src\tiff\libtiff\tif_predict.c(366): message : LOOP WAS VECTORIZED
       c:\Users\vdmn\Documents\develop\wxWidgets-git4\wxWidgets-new998\src\tiff\libtiff\tif_predict.c(387): message : LOOP WAS VECTORIZED
       c:\Users\vdmn\Documents\develop\wxWidgets-git4\wxWidgets-new998\src\tiff\libtiff\tif_predict.c(387): message : LOOP WAS VECTORIZED
       c:\Users\vdmn\Documents\develop\wxWidgets-git4\wxWidgets-new998\src\tiff\libtiff\tif_predict.c(415): message : LOOP WAS VECTORIZED
       c:\Users\vdmn\Documents\develop\wxWidgets-git4\wxWidgets-new998\src\tiff\libtiff\tif_predict.c(415): message : LOOP WAS VECTORIZED
       c:\Users\vdmn\Documents\develop\wxWidgets-git4\wxWidgets-new998\src\tiff\libtiff\tif_predict.c(429): message : LOOP WAS VECTORIZED
       c:\Users\vdmn\Documents\develop\wxWidgets-git4\wxWidgets-new998\src\tiff\libtiff\tif_predict.c(543): message : LOOP WAS VECTORIZED
       c:\Users\vdmn\Documents\develop\wxWidgets-git4\wxWidgets-new998\src\tiff\libtiff\tif_predict.c(543): message : LOOP WAS VECTORIZED
       c:\Users\vdmn\Documents\develop\wxWidgets-git4\wxWidgets-new998\src\tiff\libtiff\tif_predict.c(566): message : LOOP WAS VECTORIZED
       c:\Users\vdmn\Documents\develop\wxWidgets-git4\wxWidgets-new998\src\tiff\libtiff\tif_predict.c(566): message : LOOP WAS VECTORIZED
       c:\Users\vdmn\Documents\develop\wxWidgets-git4\wxWidgets-new998\src\tiff\libtiff\tif_predict.c(589): message : LOOP WAS VECTORIZED
       c:\Users\vdmn\Documents\develop\wxWidgets-git4\wxWidgets-new998\src\tiff\libtiff\tif_predict.c(589): message : LOOP WAS VECTORIZED
       c:\Users\vdmn\Documents\develop\wxWidgets-git4\wxWidgets-new998\src\tiff\libtiff\tif_predict.c(639): message : LOOP WAS VECTORIZED
       c:\Users\vdmn\Documents\develop\wxWidgets-git4\wxWidgets-new998\src\tiff\libtiff\tif_predict.c(639): message : LOOP WAS VECTORIZED
       c:\Users\vdmn\Documents\develop\wxWidgets-git4\wxWidgets-new998\src\tiff\libtiff\tif_print.c(85): message : loop was not vectorized: vectorization possible but seems inefficient
       c:\Users\vdmn\Documents\develop\wxWidgets-git4\wxWidgets-new998\src\tiff\libtiff\tif_swab.c(88): message : LOOP WAS VECTORIZED
       c:\Users\vdmn\Documents\develop\wxWidgets-git4\wxWidgets-new998\src\tiff\libtiff\tif_swab.c(146): message : LOOP WAS VECTORIZED
       c:\Users\vdmn\Documents\develop\wxWidgets-git4\wxWidgets-new998\src\tiff\libtiff\tif_swab.c(214): message : LOOP WAS VECTORIZED
       c:\Users\vdmn\Documents\develop\wxWidgets-git4\wxWidgets-new998\src\tiff\libtiff\tif_swab.c(329): message : LOOP WAS VECTORIZED
       c:\Users\vdmn\Documents\develop\wxWidgets-git4\wxWidgets-new998\src\tiff\libtiff\tif_thunder.c(195): message : LOOP WAS VECTORIZED
       c:\Users\vdmn\Documents\develop\wxWidgets-git4\wxWidgets-new998\src\tiff\libtiff\tif_zip.c(432): message : BLOCK WAS VECTORIZED
         xilib: executing 'lib'
     1>tif_ojpeg.obj : warning LNK4221: This object file does not define any previously undefined public symbols, so it will not be used by any link operation that consumes this library
         wx_vc_vdm_wxtiff.vcxproj -> c:\Users\vdmn\Documents\develop\wxWidgets-git4\wxWidgets-new998\build\msw\..\..\lib\vc_Win32_dll\wxtiff.lib
     1>Done Building Project "c:\Users\vdmn\Documents\develop\wxWidgets-git4\wxWidgets-new998\build\msw\wx_vc_vdm_wxtiff.vcxproj" (Build target(s)).

Build succeeded.

Time Elapsed 00:00:15.25
