c:\users\vdmn\documents\develop\wxwidgets-git4\wxwidgets-new998\build\msw\win32\dll release\vc_mswudll\wxtiff\tif_aux.obj
c:\users\vdmn\documents\develop\wxwidgets-git4\wxwidgets-new998\build\msw\win32\dll release\vc_mswudll\wxtiff\tif_close.obj
c:\users\vdmn\documents\develop\wxwidgets-git4\wxwidgets-new998\build\msw\win32\dll release\vc_mswudll\wxtiff\tif_codec.obj
c:\users\vdmn\documents\develop\wxwidgets-git4\wxwidgets-new998\build\msw\win32\dll release\vc_mswudll\wxtiff\tif_color.obj
c:\users\vdmn\documents\develop\wxwidgets-git4\wxwidgets-new998\build\msw\win32\dll release\vc_mswudll\wxtiff\tif_compress.obj
c:\users\vdmn\documents\develop\wxwidgets-git4\wxwidgets-new998\build\msw\win32\dll release\vc_mswudll\wxtiff\tif_dir.obj
c:\users\vdmn\documents\develop\wxwidgets-git4\wxwidgets-new998\build\msw\win32\dll release\vc_mswudll\wxtiff\tif_dirinfo.obj
c:\users\vdmn\documents\develop\wxwidgets-git4\wxwidgets-new998\build\msw\win32\dll release\vc_mswudll\wxtiff\tif_dirread.obj
c:\users\vdmn\documents\develop\wxwidgets-git4\wxwidgets-new998\build\msw\win32\dll release\vc_mswudll\wxtiff\tif_dirwrite.obj
c:\users\vdmn\documents\develop\wxwidgets-git4\wxwidgets-new998\build\msw\win32\dll release\vc_mswudll\wxtiff\tif_dumpmode.obj
c:\users\vdmn\documents\develop\wxwidgets-git4\wxwidgets-new998\build\msw\win32\dll release\vc_mswudll\wxtiff\tif_error.obj
c:\users\vdmn\documents\develop\wxwidgets-git4\wxwidgets-new998\build\msw\win32\dll release\vc_mswudll\wxtiff\tif_extension.obj
c:\users\vdmn\documents\develop\wxwidgets-git4\wxwidgets-new998\build\msw\win32\dll release\vc_mswudll\wxtiff\tif_fax3.obj
c:\users\vdmn\documents\develop\wxwidgets-git4\wxwidgets-new998\build\msw\win32\dll release\vc_mswudll\wxtiff\tif_fax3sm.obj
c:\users\vdmn\documents\develop\wxwidgets-git4\wxwidgets-new998\build\msw\win32\dll release\vc_mswudll\wxtiff\tif_flush.obj
c:\users\vdmn\documents\develop\wxwidgets-git4\wxwidgets-new998\build\msw\win32\dll release\vc_mswudll\wxtiff\tif_win32.obj
c:\users\vdmn\documents\develop\wxwidgets-git4\wxwidgets-new998\build\msw\win32\dll release\vc_mswudll\wxtiff\tif_write.obj
c:\users\vdmn\documents\develop\wxwidgets-git4\wxwidgets-new998\build\msw\win32\dll release\vc_mswudll\wxtiff\tif_zip.obj
c:\users\vdmn\documents\develop\wxwidgets-git4\wxwidgets-new998\build\msw\win32\dll release\vc_mswudll\wxtiff\tif_ojpeg.obj
c:\users\vdmn\documents\develop\wxwidgets-git4\wxwidgets-new998\build\msw\win32\dll release\vc_mswudll\wxtiff\tif_open.obj
c:\users\vdmn\documents\develop\wxwidgets-git4\wxwidgets-new998\build\msw\win32\dll release\vc_mswudll\wxtiff\tif_packbits.obj
c:\users\vdmn\documents\develop\wxwidgets-git4\wxwidgets-new998\build\msw\win32\dll release\vc_mswudll\wxtiff\tif_pixarlog.obj
c:\users\vdmn\documents\develop\wxwidgets-git4\wxwidgets-new998\build\msw\win32\dll release\vc_mswudll\wxtiff\tif_predict.obj
c:\users\vdmn\documents\develop\wxwidgets-git4\wxwidgets-new998\build\msw\win32\dll release\vc_mswudll\wxtiff\tif_print.obj
c:\users\vdmn\documents\develop\wxwidgets-git4\wxwidgets-new998\build\msw\win32\dll release\vc_mswudll\wxtiff\tif_read.obj
c:\users\vdmn\documents\develop\wxwidgets-git4\wxwidgets-new998\build\msw\win32\dll release\vc_mswudll\wxtiff\tif_strip.obj
c:\users\vdmn\documents\develop\wxwidgets-git4\wxwidgets-new998\build\msw\win32\dll release\vc_mswudll\wxtiff\tif_swab.obj
c:\users\vdmn\documents\develop\wxwidgets-git4\wxwidgets-new998\build\msw\win32\dll release\vc_mswudll\wxtiff\tif_thunder.obj
c:\users\vdmn\documents\develop\wxwidgets-git4\wxwidgets-new998\build\msw\win32\dll release\vc_mswudll\wxtiff\tif_tile.obj
c:\users\vdmn\documents\develop\wxwidgets-git4\wxwidgets-new998\build\msw\win32\dll release\vc_mswudll\wxtiff\tif_version.obj
c:\users\vdmn\documents\develop\wxwidgets-git4\wxwidgets-new998\build\msw\win32\dll release\vc_mswudll\wxtiff\tif_warning.obj
c:\users\vdmn\documents\develop\wxwidgets-git4\wxwidgets-new998\build\msw\win32\dll release\vc_mswudll\wxtiff\tif_getimage.obj
c:\users\vdmn\documents\develop\wxwidgets-git4\wxwidgets-new998\build\msw\win32\dll release\vc_mswudll\wxtiff\tif_jpeg.obj
c:\users\vdmn\documents\develop\wxwidgets-git4\wxwidgets-new998\build\msw\win32\dll release\vc_mswudll\wxtiff\tif_luv.obj
c:\users\vdmn\documents\develop\wxwidgets-git4\wxwidgets-new998\build\msw\win32\dll release\vc_mswudll\wxtiff\tif_lzw.obj
c:\users\vdmn\documents\develop\wxwidgets-git4\wxwidgets-new998\build\msw\win32\dll release\vc_mswudll\wxtiff\tif_next.obj
c:\users\vdmn\documents\develop\wxwidgets-git4\wxwidgets-new998\lib\vc_win32_dll\wxtiff_vc_vdm.lib
c:\users\vdmn\documents\develop\wxwidgets-git4\wxwidgets-new998\build\msw\win32\dll release\wx_vc_vdm_wxtiff\icl-mcpcom.3804.5384.read.1.tlog
c:\users\vdmn\documents\develop\wxwidgets-git4\wxwidgets-new998\build\msw\win32\dll release\wx_vc_vdm_wxtiff\icl-mcpcom.3804.5384.write.1.tlog
c:\users\vdmn\documents\develop\wxwidgets-git4\wxwidgets-new998\build\msw\win32\dll release\wx_vc_vdm_wxtiff\icl-mcpcom.3804.read.1.tlog
c:\users\vdmn\documents\develop\wxwidgets-git4\wxwidgets-new998\build\msw\win32\dll release\wx_vc_vdm_wxtiff\icl-mcpcom.3804.write.1.tlog
c:\users\vdmn\documents\develop\wxwidgets-git4\wxwidgets-new998\build\msw\win32\dll release\wx_vc_vdm_wxtiff\icl-mcpcom.6800.read.1.tlog
c:\users\vdmn\documents\develop\wxwidgets-git4\wxwidgets-new998\build\msw\win32\dll release\wx_vc_vdm_wxtiff\icl-mcpcom.6800.write.1.tlog
c:\users\vdmn\documents\develop\wxwidgets-git4\wxwidgets-new998\build\msw\win32\dll release\wx_vc_vdm_wxtiff\icl-mcpcom.read.1.tlog
c:\users\vdmn\documents\develop\wxwidgets-git4\wxwidgets-new998\build\msw\win32\dll release\wx_vc_vdm_wxtiff\icl-mcpcom.write.1.tlog
c:\users\vdmn\documents\develop\wxwidgets-git4\wxwidgets-new998\build\msw\win32\dll release\wx_vc_vdm_wxtiff\icl.command.1.tlog
c:\users\vdmn\documents\develop\wxwidgets-git4\wxwidgets-new998\build\msw\win32\dll release\wx_vc_vdm_wxtiff\icl.read.1.tlog
c:\users\vdmn\documents\develop\wxwidgets-git4\wxwidgets-new998\build\msw\win32\dll release\wx_vc_vdm_wxtiff\icl.write.1.tlog
c:\users\vdmn\documents\develop\wxwidgets-git4\wxwidgets-new998\build\msw\win32\dll release\wx_vc_vdm_wxtiff\xilib-xilink-lib-link.read.1.tlog
c:\users\vdmn\documents\develop\wxwidgets-git4\wxwidgets-new998\build\msw\win32\dll release\wx_vc_vdm_wxtiff\xilib-xilink-lib-link.write.1.tlog
c:\users\vdmn\documents\develop\wxwidgets-git4\wxwidgets-new998\build\msw\win32\dll release\wx_vc_vdm_wxtiff\xilib-xilink-mcpcom.1788.read.1.tlog
c:\users\vdmn\documents\develop\wxwidgets-git4\wxwidgets-new998\build\msw\win32\dll release\wx_vc_vdm_wxtiff\xilib-xilink-mcpcom.1788.write.1.tlog
c:\users\vdmn\documents\develop\wxwidgets-git4\wxwidgets-new998\build\msw\win32\dll release\wx_vc_vdm_wxtiff\xilib-xilink-mcpcom.2220.read.1.tlog
c:\users\vdmn\documents\develop\wxwidgets-git4\wxwidgets-new998\build\msw\win32\dll release\wx_vc_vdm_wxtiff\xilib-xilink-mcpcom.2220.write.1.tlog
c:\users\vdmn\documents\develop\wxwidgets-git4\wxwidgets-new998\build\msw\win32\dll release\wx_vc_vdm_wxtiff\xilib-xilink-mcpcom.2240.read.1.tlog
c:\users\vdmn\documents\develop\wxwidgets-git4\wxwidgets-new998\build\msw\win32\dll release\wx_vc_vdm_wxtiff\xilib-xilink-mcpcom.2240.write.1.tlog
c:\users\vdmn\documents\develop\wxwidgets-git4\wxwidgets-new998\build\msw\win32\dll release\wx_vc_vdm_wxtiff\xilib-xilink-mcpcom.2392.read.1.tlog
c:\users\vdmn\documents\develop\wxwidgets-git4\wxwidgets-new998\build\msw\win32\dll release\wx_vc_vdm_wxtiff\xilib-xilink-mcpcom.2392.write.1.tlog
c:\users\vdmn\documents\develop\wxwidgets-git4\wxwidgets-new998\build\msw\win32\dll release\wx_vc_vdm_wxtiff\xilib-xilink-mcpcom.2544.read.1.tlog
c:\users\vdmn\documents\develop\wxwidgets-git4\wxwidgets-new998\build\msw\win32\dll release\wx_vc_vdm_wxtiff\xilib-xilink-mcpcom.2544.write.1.tlog
c:\users\vdmn\documents\develop\wxwidgets-git4\wxwidgets-new998\build\msw\win32\dll release\wx_vc_vdm_wxtiff\xilib-xilink-mcpcom.3048.read.1.tlog
c:\users\vdmn\documents\develop\wxwidgets-git4\wxwidgets-new998\build\msw\win32\dll release\wx_vc_vdm_wxtiff\xilib-xilink-mcpcom.3048.write.1.tlog
c:\users\vdmn\documents\develop\wxwidgets-git4\wxwidgets-new998\build\msw\win32\dll release\wx_vc_vdm_wxtiff\xilib-xilink-mcpcom.3132.read.1.tlog
c:\users\vdmn\documents\develop\wxwidgets-git4\wxwidgets-new998\build\msw\win32\dll release\wx_vc_vdm_wxtiff\xilib-xilink-mcpcom.3132.write.1.tlog
c:\users\vdmn\documents\develop\wxwidgets-git4\wxwidgets-new998\build\msw\win32\dll release\wx_vc_vdm_wxtiff\xilib-xilink-mcpcom.3176.read.1.tlog
c:\users\vdmn\documents\develop\wxwidgets-git4\wxwidgets-new998\build\msw\win32\dll release\wx_vc_vdm_wxtiff\xilib-xilink-mcpcom.3176.write.1.tlog
c:\users\vdmn\documents\develop\wxwidgets-git4\wxwidgets-new998\build\msw\win32\dll release\wx_vc_vdm_wxtiff\xilib-xilink-mcpcom.3960.read.1.tlog
c:\users\vdmn\documents\develop\wxwidgets-git4\wxwidgets-new998\build\msw\win32\dll release\wx_vc_vdm_wxtiff\xilib-xilink-mcpcom.3960.write.1.tlog
c:\users\vdmn\documents\develop\wxwidgets-git4\wxwidgets-new998\build\msw\win32\dll release\wx_vc_vdm_wxtiff\xilib-xilink-mcpcom.4076.read.1.tlog
c:\users\vdmn\documents\develop\wxwidgets-git4\wxwidgets-new998\build\msw\win32\dll release\wx_vc_vdm_wxtiff\xilib-xilink-mcpcom.4076.write.1.tlog
c:\users\vdmn\documents\develop\wxwidgets-git4\wxwidgets-new998\build\msw\win32\dll release\wx_vc_vdm_wxtiff\xilib-xilink-mcpcom.4404.read.1.tlog
c:\users\vdmn\documents\develop\wxwidgets-git4\wxwidgets-new998\build\msw\win32\dll release\wx_vc_vdm_wxtiff\xilib-xilink-mcpcom.4404.write.1.tlog
c:\users\vdmn\documents\develop\wxwidgets-git4\wxwidgets-new998\build\msw\win32\dll release\wx_vc_vdm_wxtiff\xilib-xilink-mcpcom.4804.read.1.tlog
c:\users\vdmn\documents\develop\wxwidgets-git4\wxwidgets-new998\build\msw\win32\dll release\wx_vc_vdm_wxtiff\xilib-xilink-mcpcom.4804.write.1.tlog
c:\users\vdmn\documents\develop\wxwidgets-git4\wxwidgets-new998\build\msw\win32\dll release\wx_vc_vdm_wxtiff\xilib-xilink-mcpcom.5164.read.1.tlog
c:\users\vdmn\documents\develop\wxwidgets-git4\wxwidgets-new998\build\msw\win32\dll release\wx_vc_vdm_wxtiff\xilib-xilink-mcpcom.5164.write.1.tlog
c:\users\vdmn\documents\develop\wxwidgets-git4\wxwidgets-new998\build\msw\win32\dll release\wx_vc_vdm_wxtiff\xilib-xilink-mcpcom.5304.read.1.tlog
c:\users\vdmn\documents\develop\wxwidgets-git4\wxwidgets-new998\build\msw\win32\dll release\wx_vc_vdm_wxtiff\xilib-xilink-mcpcom.5304.write.1.tlog
c:\users\vdmn\documents\develop\wxwidgets-git4\wxwidgets-new998\build\msw\win32\dll release\wx_vc_vdm_wxtiff\xilib-xilink-mcpcom.5312.read.1.tlog
c:\users\vdmn\documents\develop\wxwidgets-git4\wxwidgets-new998\build\msw\win32\dll release\wx_vc_vdm_wxtiff\xilib-xilink-mcpcom.5312.write.1.tlog
c:\users\vdmn\documents\develop\wxwidgets-git4\wxwidgets-new998\build\msw\win32\dll release\wx_vc_vdm_wxtiff\xilib-xilink-mcpcom.5480.read.1.tlog
c:\users\vdmn\documents\develop\wxwidgets-git4\wxwidgets-new998\build\msw\win32\dll release\wx_vc_vdm_wxtiff\xilib-xilink-mcpcom.5480.write.1.tlog
c:\users\vdmn\documents\develop\wxwidgets-git4\wxwidgets-new998\build\msw\win32\dll release\wx_vc_vdm_wxtiff\xilib-xilink-mcpcom.5708.read.1.tlog
c:\users\vdmn\documents\develop\wxwidgets-git4\wxwidgets-new998\build\msw\win32\dll release\wx_vc_vdm_wxtiff\xilib-xilink-mcpcom.5708.write.1.tlog
c:\users\vdmn\documents\develop\wxwidgets-git4\wxwidgets-new998\build\msw\win32\dll release\wx_vc_vdm_wxtiff\xilib-xilink-mcpcom.5912.read.1.tlog
c:\users\vdmn\documents\develop\wxwidgets-git4\wxwidgets-new998\build\msw\win32\dll release\wx_vc_vdm_wxtiff\xilib-xilink-mcpcom.5912.write.1.tlog
c:\users\vdmn\documents\develop\wxwidgets-git4\wxwidgets-new998\build\msw\win32\dll release\wx_vc_vdm_wxtiff\xilib-xilink-mcpcom.5924.read.1.tlog
c:\users\vdmn\documents\develop\wxwidgets-git4\wxwidgets-new998\build\msw\win32\dll release\wx_vc_vdm_wxtiff\xilib-xilink-mcpcom.5924.write.1.tlog
c:\users\vdmn\documents\develop\wxwidgets-git4\wxwidgets-new998\build\msw\win32\dll release\wx_vc_vdm_wxtiff\xilib-xilink-mcpcom.6044.read.1.tlog
c:\users\vdmn\documents\develop\wxwidgets-git4\wxwidgets-new998\build\msw\win32\dll release\wx_vc_vdm_wxtiff\xilib-xilink-mcpcom.6044.write.1.tlog
c:\users\vdmn\documents\develop\wxwidgets-git4\wxwidgets-new998\build\msw\win32\dll release\wx_vc_vdm_wxtiff\xilib-xilink-mcpcom.6116.read.1.tlog
c:\users\vdmn\documents\develop\wxwidgets-git4\wxwidgets-new998\build\msw\win32\dll release\wx_vc_vdm_wxtiff\xilib-xilink-mcpcom.6116.write.1.tlog
c:\users\vdmn\documents\develop\wxwidgets-git4\wxwidgets-new998\build\msw\win32\dll release\wx_vc_vdm_wxtiff\xilib-xilink-mcpcom.6296.read.1.tlog
c:\users\vdmn\documents\develop\wxwidgets-git4\wxwidgets-new998\build\msw\win32\dll release\wx_vc_vdm_wxtiff\xilib-xilink-mcpcom.6296.write.1.tlog
c:\users\vdmn\documents\develop\wxwidgets-git4\wxwidgets-new998\build\msw\win32\dll release\wx_vc_vdm_wxtiff\xilib-xilink-mcpcom.6344.read.1.tlog
c:\users\vdmn\documents\develop\wxwidgets-git4\wxwidgets-new998\build\msw\win32\dll release\wx_vc_vdm_wxtiff\xilib-xilink-mcpcom.6344.write.1.tlog
c:\users\vdmn\documents\develop\wxwidgets-git4\wxwidgets-new998\build\msw\win32\dll release\wx_vc_vdm_wxtiff\xilib-xilink-mcpcom.6436.read.1.tlog
c:\users\vdmn\documents\develop\wxwidgets-git4\wxwidgets-new998\build\msw\win32\dll release\wx_vc_vdm_wxtiff\xilib-xilink-mcpcom.6436.write.1.tlog
c:\users\vdmn\documents\develop\wxwidgets-git4\wxwidgets-new998\build\msw\win32\dll release\wx_vc_vdm_wxtiff\xilib-xilink-mcpcom.6452.read.1.tlog
c:\users\vdmn\documents\develop\wxwidgets-git4\wxwidgets-new998\build\msw\win32\dll release\wx_vc_vdm_wxtiff\xilib-xilink-mcpcom.6452.write.1.tlog
c:\users\vdmn\documents\develop\wxwidgets-git4\wxwidgets-new998\build\msw\win32\dll release\wx_vc_vdm_wxtiff\xilib-xilink-mcpcom.6504.read.1.tlog
c:\users\vdmn\documents\develop\wxwidgets-git4\wxwidgets-new998\build\msw\win32\dll release\wx_vc_vdm_wxtiff\xilib-xilink-mcpcom.6504.write.1.tlog
c:\users\vdmn\documents\develop\wxwidgets-git4\wxwidgets-new998\build\msw\win32\dll release\wx_vc_vdm_wxtiff\xilib-xilink-mcpcom.6620.read.1.tlog
c:\users\vdmn\documents\develop\wxwidgets-git4\wxwidgets-new998\build\msw\win32\dll release\wx_vc_vdm_wxtiff\xilib-xilink-mcpcom.6620.write.1.tlog
c:\users\vdmn\documents\develop\wxwidgets-git4\wxwidgets-new998\build\msw\win32\dll release\wx_vc_vdm_wxtiff\xilib-xilink-mcpcom.6800.read.1.tlog
c:\users\vdmn\documents\develop\wxwidgets-git4\wxwidgets-new998\build\msw\win32\dll release\wx_vc_vdm_wxtiff\xilib-xilink-mcpcom.6800.write.1.tlog
c:\users\vdmn\documents\develop\wxwidgets-git4\wxwidgets-new998\build\msw\win32\dll release\wx_vc_vdm_wxtiff\xilib-xilink-mcpcom.6804.read.1.tlog
c:\users\vdmn\documents\develop\wxwidgets-git4\wxwidgets-new998\build\msw\win32\dll release\wx_vc_vdm_wxtiff\xilib-xilink-mcpcom.6804.write.1.tlog
c:\users\vdmn\documents\develop\wxwidgets-git4\wxwidgets-new998\build\msw\win32\dll release\wx_vc_vdm_wxtiff\xilib-xilink-mcpcom.6860.read.1.tlog
c:\users\vdmn\documents\develop\wxwidgets-git4\wxwidgets-new998\build\msw\win32\dll release\wx_vc_vdm_wxtiff\xilib-xilink-mcpcom.6860.write.1.tlog
c:\users\vdmn\documents\develop\wxwidgets-git4\wxwidgets-new998\build\msw\win32\dll release\wx_vc_vdm_wxtiff\xilib-xilink-mcpcom.6876.read.1.tlog
c:\users\vdmn\documents\develop\wxwidgets-git4\wxwidgets-new998\build\msw\win32\dll release\wx_vc_vdm_wxtiff\xilib-xilink-mcpcom.6876.write.1.tlog
c:\users\vdmn\documents\develop\wxwidgets-git4\wxwidgets-new998\build\msw\win32\dll release\wx_vc_vdm_wxtiff\xilib-xilink-mcpcom.6896.read.1.tlog
c:\users\vdmn\documents\develop\wxwidgets-git4\wxwidgets-new998\build\msw\win32\dll release\wx_vc_vdm_wxtiff\xilib-xilink-mcpcom.6896.write.1.tlog
c:\users\vdmn\documents\develop\wxwidgets-git4\wxwidgets-new998\build\msw\win32\dll release\wx_vc_vdm_wxtiff\xilib-xilink-mcpcom.6916.read.1.tlog
c:\users\vdmn\documents\develop\wxwidgets-git4\wxwidgets-new998\build\msw\win32\dll release\wx_vc_vdm_wxtiff\xilib-xilink-mcpcom.6916.write.1.tlog
c:\users\vdmn\documents\develop\wxwidgets-git4\wxwidgets-new998\build\msw\win32\dll release\wx_vc_vdm_wxtiff\xilib-xilink-mcpcom.6976.read.1.tlog
c:\users\vdmn\documents\develop\wxwidgets-git4\wxwidgets-new998\build\msw\win32\dll release\wx_vc_vdm_wxtiff\xilib-xilink-mcpcom.6976.write.1.tlog
c:\users\vdmn\documents\develop\wxwidgets-git4\wxwidgets-new998\build\msw\win32\dll release\wx_vc_vdm_wxtiff\xilib-xilink-mcpcom.read.1.tlog
c:\users\vdmn\documents\develop\wxwidgets-git4\wxwidgets-new998\build\msw\win32\dll release\wx_vc_vdm_wxtiff\xilib-xilink-mcpcom.write.1.tlog
c:\users\vdmn\documents\develop\wxwidgets-git4\wxwidgets-new998\build\msw\win32\dll release\wx_vc_vdm_wxtiff\xilib-xilink.read.1.tlog
c:\users\vdmn\documents\develop\wxwidgets-git4\wxwidgets-new998\build\msw\win32\dll release\wx_vc_vdm_wxtiff\xilib-xilink.write.1.tlog
c:\users\vdmn\documents\develop\wxwidgets-git4\wxwidgets-new998\build\msw\win32\dll release\wx_vc_vdm_wxtiff\xilib.command.1.tlog
