Build started 11/02/2014 19:29:07.
     1>Project "c:\Users\vdmn\Documents\develop\wxWidgets-git4\wxWidgets-new998\build\msw\wx_vc_vdm_base.vcxproj" on node 2 (Build target(s)).
     1>ClCompile:
         C:\Program Files (x86)\Intel\Composer XE 2013 SP1\bin\ia32\icl.exe /c /Qvc11 /Qlocation,link,"C:\Program Files (x86)\Microsoft Visual Studio 11.0\VC\\bin" /I..\..\lib\vc_Win32_dll\mswu /I..\..\include /I..\..\src\tiff\libtiff /I..\..\src\jpeg /I..\..\src\png /I..\..\src\zlib /I..\..\src\regex /I..\..\src\expat\lib /Zi /nologo /W4 /MP /O3 /Ob2 /Oi /Ot /Qipo /Qftz /Quse-intel-optimized-headers /D __INTEL_COMPILER=1400 /D _HAS_ITERATOR_DEBUGGING=0 /D _ITERATOR_DEBUG_LEVEL=0 /D WIN32 /D _USRDLL /D DLL_EXPORTS /D _CRT_SECURE_NO_DEPRECATE=1 /D _CRT_NON_CONFORMING_SWPRINTFS=1 /D _SCL_SECURE_NO_WARNINGS=1 /D __WXMSW__ /D _UNICODE /D WXBUILDING /D _CRT_SECURE_NO_DEPRECATE=1 /D _CRT_NON_CONFORMING_SWPRINTFS=1 /D _SCL_SECURE_NO_WARNINGS=1 /D __WXMSW__ /D NDEBUG /D _UNICODE /D WXBUILDING /D wxUSE_GUI=0 /D WXMAKINGDLL_BASE /D wxUSE_BASE=1 /D _WINDLL /D _UNICODE /D UNICODE /GF /EHsc /MD /GS- /fp:fast=2 /QxHost /Zc:wchar_t /Zc:forScope /GR /Qstd=c99 /Qstd=c++0x /Qansi-alias /Yc"wx/wxprec.h" /Fp"Win32\DLL Release\vc_mswudll\wxprec_basedllvc_vdm.pch" /Fo"Win32\DLL Release\vc_mswudll\base\\" /Fd"..\..\lib\vc_Win32_dll\wxbase31u_vc_vdm_vc_vdm.pdb" /Gd /TP /Qdiag-disable:1744,809,650 ..\..\src\common\dummy.cpp /Gm /Qlong_double /Qopt-class-analysis /Qopt-mem-bandwidth2 /Qopt-streaming-stores:auto /Qno-alias-args 
     1>icl : warning #10121: overriding '/Qstd=c99' with '/Qstd=c++0x'
         dummy.cpp
         C:\Program Files (x86)\Intel\Composer XE 2013 SP1\bin\ia32\icl.exe /c /Qvc11 /Qlocation,link,"C:\Program Files (x86)\Microsoft Visual Studio 11.0\VC\\bin" /I..\..\lib\vc_Win32_dll\mswu /I..\..\include /I..\..\src\tiff\libtiff /I..\..\src\jpeg /I..\..\src\png /I..\..\src\zlib /I..\..\src\regex /I..\..\src\expat\lib /Zi /nologo /W4 /MP /O3 /Ob2 /Oi /Ot /Qipo /Qftz /Quse-intel-optimized-headers /D __INTEL_COMPILER=1400 /D _HAS_ITERATOR_DEBUGGING=0 /D _ITERATOR_DEBUG_LEVEL=0 /D WIN32 /D _USRDLL /D DLL_EXPORTS /D _CRT_SECURE_NO_DEPRECATE=1 /D _CRT_NON_CONFORMING_SWPRINTFS=1 /D _SCL_SECURE_NO_WARNINGS=1 /D __WXMSW__ /D _UNICODE /D WXBUILDING /D _CRT_SECURE_NO_DEPRECATE=1 /D _CRT_NON_CONFORMING_SWPRINTFS=1 /D _SCL_SECURE_NO_WARNINGS=1 /D __WXMSW__ /D NDEBUG /D _UNICODE /D WXBUILDING /D wxUSE_GUI=0 /D WXMAKINGDLL_BASE /D wxUSE_BASE=1 /D _WINDLL /D _UNICODE /D UNICODE /GF /EHsc /MD /GS- /fp:fast=2 /QxHost /Zc:wchar_t /Zc:forScope /GR /Qstd=c99 /Qstd=c++0x /Qansi-alias /Yu"wx/wxprec.h" /Fp"Win32\DLL Release\vc_mswudll\wxprec_basedllvc_vdm.pch" /Fo"Win32\DLL Release\vc_mswudll\base\\" /Fd"..\..\lib\vc_Win32_dll\wxbase31u_vc_vdm_vc_vdm.pdb" /Gd /TP /Qdiag-disable:1744,809,650 ..\..\src\common\any.cpp ..\..\src\common\appbase.cpp ..\..\src\common\arcall.cpp ..\..\src\common\arcfind.cpp ..\..\src\common\archive.cpp ..\..\src\common\arrstr.cpp ..\..\src\common\base64.cpp ..\..\src\common\clntdata.cpp ..\..\src\common\cmdline.cpp ..\..\src\common\config.cpp ..\..\src\common\convauto.cpp ..\..\src\common\datetime.cpp ..\..\src\common\datetimefmt.cpp ..\..\src\common\datstrm.cpp ..\..\src\common\dircmn.cpp ..\..\src\common\dynarray.cpp ..\..\src\common\dynlib.cpp ..\..\src\common\dynload.cpp ..\..\src\common\encconv.cpp ..\..\src\common\event.cpp ..\..\src\common\evtloopcmn.cpp ..\..\src\common\ffile.cpp ..\..\src\common\file.cpp ..\..\src\common\fileback.cpp ..\..\src\common\fileconf.cpp ..\..\src\common\filefn.cpp ..\..\src\common\filename.cpp ..\..\src\common\filesys.cpp ..\..\src\common\filtall.cpp ..\..\src\common\filtfind.cpp ..\..\src\common\fmapbase.cpp ..\..\src\common\fs_arc.cpp ..\..\src\common\fs_filter.cpp ..\..\src\common\fs_mem.cpp ..\..\src\common\fswatchercmn.cpp ..\..\src\common\hash.cpp ..\..\src\common\hashmap.cpp ..\..\src\common\init.cpp ..\..\src\common\intl.cpp ..\..\src\common\ipcbase.cpp ..\..\src\common\languageinfo.cpp ..\..\src\common\list.cpp ..\..\src\common\log.cpp ..\..\src\common\longlong.cpp ..\..\src\common\memory.cpp ..\..\src\common\mimecmn.cpp ..\..\src\common\module.cpp ..\..\src\common\msgout.cpp ..\..\src\common\mstream.cpp ..\..\src\common\numformatter.cpp ..\..\src\common\object.cpp ..\..\src\common\platinfo.cpp ..\..\src\common\powercmn.cpp ..\..\src\common\process.cpp ..\..\src\common\regex.cpp ..\..\src\common\sstream.cpp ..\..\src\common\stdpbase.cpp ..\..\src\common\stdstream.cpp ..\..\src\common\stopwatch.cpp ..\..\src\common\strconv.cpp ..\..\src\common\stream.cpp ..\..\src\common\string.cpp ..\..\src\common\stringimpl.cpp ..\..\src\common\stringops.cpp ..\..\src\common\strvararg.cpp ..\..\src\common\sysopt.cpp ..\..\src\common\tarstrm.cpp ..\..\src\common\textbuf.cpp ..\..\src\common\textfile.cpp ..\..\src\common\threadinfo.cpp ..\..\src\common\time.cpp ..\..\src\common\timercmn.cpp ..\..\src\common\timerimpl.cpp ..\..\src\common\tokenzr.cpp ..\..\src\common\translation.cpp ..\..\src\common\txtstrm.cpp ..\..\src\common\unichar.cpp ..\..\src\common\uri.cpp ..\..\src\common\ustring.cpp ..\..\src\common\utilscmn.cpp ..\..\src\common\variant.cpp ..\..\src\common\wfstream.cpp ..\..\src\common\wxcrt.cpp ..\..\src\common\wxprintf.cpp ..\..\src\common\xlocale.cpp ..\..\src\common\xti.cpp ..\..\src\common\xtistrm.cpp ..\..\src\common\zipstrm.cpp ..\..\src\common\zstream.cpp ..\..\src\msw\basemsw.cpp ..\..\src\msw\crashrpt.cpp ..\..\src\msw\dde.cpp ..\..\src\msw\debughlp.cpp ..\..\src\msw\dir.cpp ..\..\src\msw\dlmsw.cpp ..\..\src\msw\evtloopconsole.cpp ..\..\src\msw\fswatcher.cpp ..\..\src\msw\main.cpp ..\..\src\msw\mimetype.cpp ..\..\src\msw\mslu.cpp ..\..\src\msw\power.cpp ..\..\src\msw\regconf.cpp ..\..\src\msw\registry.cpp ..\..\src\msw\snglinst.cpp ..\..\src\msw\stackwalk.cpp ..\..\src\msw\stdpaths.cpp ..\..\src\msw\thread.cpp ..\..\src\msw\timer.cpp ..\..\src\msw\utils.cpp ..\..\src\msw\utilsexc.cpp ..\..\src\msw\volume.cpp ..\..\src\generic\fswatcherg.cpp /Gm /Qlong_double /Qopt-class-analysis /Qopt-mem-bandwidth2 /Qopt-streaming-stores:auto /Qno-alias-args 
     1>icl : warning #10121: overriding '/Qstd=c99' with '/Qstd=c++0x'
         any.cpp
         appbase.cpp
         stdpbase.cpp
         stdstream.cpp
         xlocale.cpp
         arcall.cpp
         xti.cpp
         filtfind.cpp
         mimetype.cpp
         stopwatch.cpp
         timercmn.cpp
         fmapbase.cpp
         longlong.cpp
         xtistrm.cpp
         strconv.cpp
         arcfind.cpp
         timerimpl.cpp
     1>..\..\src\common\strconv.cpp(2972): warning #1478: function "GetVersionExW" (declared at line 442 of "c:\Program Files (x86)\Windows Kits\8.1\Include\um\sysinfoapi.h") was declared deprecated
                       GetVersionEx((OSVERSIONINFO*)&ver);
                       ^
         
         zipstrm.cpp
         memory.cpp
         mslu.cpp
         archive.cpp
         tokenzr.cpp
         stream.cpp
         fs_arc.cpp
         mimecmn.cpp
         power.cpp
         arrstr.cpp
         translation.cpp
         zstream.cpp
         regconf.cpp
         string.cpp
         fs_filter.cpp
         module.cpp
         base64.cpp
         basemsw.cpp
         registry.cpp
         msgout.cpp
         txtstrm.cpp
         fs_mem.cpp
         clntdata.cpp
         stringimpl.cpp
         crashrpt.cpp
         cmdline.cpp
         mstream.cpp
         unichar.cpp
         stringops.cpp
         fswatchercmn.cpp
         snglinst.cpp
         numformatter.cpp
       ..\..\include\wx/msw/private/fswatcher.h(277): message #3280: declaration hides member "wxIOCPThread::wxEventProcessingData::watch" (declared at line 282)
                                         const wxFSWatchEntryMSW* watch) :
                                                                  ^
         
         uri.cpp
         strvararg.cpp
         dde.cpp
         stackwalk.cpp
         config.cpp
         object.cpp
         ustring.cpp
         sysopt.cpp
         hash.cpp
         platinfo.cpp
         debughlp.cpp
         hashmap.cpp
         stdpaths.cpp
         tarstrm.cpp
         convauto.cpp
         utilscmn.cpp
         powercmn.cpp
         init.cpp
         datetime.cpp
         dir.cpp
         process.cpp
         intl.cpp
         textbuf.cpp
         dlmsw.cpp
         regex.cpp
         thread.cpp
         datetimefmt.cpp
         variant.cpp
         textfile.cpp
         sstream.cpp
         ipcbase.cpp
         evtloopconsole.cpp
         datstrm.cpp
         timer.cpp
         utilsexc.cpp
         languageinfo.cpp
         threadinfo.cpp
         fswatcher.cpp
         dircmn.cpp
       ..\..\include\wx/msw/private/fswatcher.h(277): message #3280: declaration hides member "wxIOCPThread::wxEventProcessingData::watch" (declared at line 282)
                                         const wxFSWatchEntryMSW* watch) :
                                                                  ^
         
         utils.cpp
         list.cpp
         wfstream.cpp
         time.cpp
     1>..\..\src\msw\utils.cpp(1191): warning #1478: function "GetVersionExW" (declared at line 442 of "c:\Program Files (x86)\Windows Kits\8.1\Include\um\sysinfoapi.h") was declared deprecated
               if ( ::GetVersionEx(reinterpret_cast<OSVERSIONINFO *>(&info)) )
                      ^
         
     1>..\..\src\msw\utils.cpp(1218): warning #1478: function "GetVersionExW" (declared at line 442 of "c:\Program Files (x86)\Windows Kits\8.1\Include\um\sysinfoapi.h") was declared deprecated
               if ( ::GetVersionEx(&info) )
                      ^
         
     1>..\..\src\msw\utils.cpp(1402): warning #1478: function "GetVersionExW" (declared at line 442 of "c:\Program Files (x86)\Windows Kits\8.1\Include\um\sysinfoapi.h") was declared deprecated
                   if ( ::GetVersionEx(&info) )
                          ^
         
         dynarray.cpp
         log.cpp
         volume.cpp
         main.cpp
         wxcrt.cpp
         dynlib.cpp
         file.cpp
         wxprintf.cpp
         dynload.cpp
         event.cpp
         fileback.cpp
         filename.cpp
         fswatcherg.cpp
         encconv.cpp
         evtloopcmn.cpp
         fileconf.cpp
         ffile.cpp
         filefn.cpp
         filesys.cpp
         filtall.cpp
         C:\Program Files (x86)\Intel\Composer XE 2013 SP1\bin\ia32\icl.exe /c /Qvc11 /Qlocation,link,"C:\Program Files (x86)\Microsoft Visual Studio 11.0\VC\\bin" /I..\..\lib\vc_Win32_dll\mswu /I..\..\include /I..\..\src\tiff\libtiff /I..\..\src\jpeg /I..\..\src\png /I..\..\src\zlib /I..\..\src\regex /I..\..\src\expat\lib /Zi /nologo /W4 /MP /O3 /Ob2 /Oi /Ot /Qipo /Qftz /Quse-intel-optimized-headers /D __INTEL_COMPILER=1400 /D _HAS_ITERATOR_DEBUGGING=0 /D _ITERATOR_DEBUG_LEVEL=0 /D WIN32 /D _USRDLL /D DLL_EXPORTS /D _CRT_SECURE_NO_DEPRECATE=1 /D _CRT_NON_CONFORMING_SWPRINTFS=1 /D _SCL_SECURE_NO_WARNINGS=1 /D __WXMSW__ /D _UNICODE /D WXBUILDING /D _CRT_SECURE_NO_DEPRECATE=1 /D _CRT_NON_CONFORMING_SWPRINTFS=1 /D _SCL_SECURE_NO_WARNINGS=1 /D __WXMSW__ /D NDEBUG /D _UNICODE /D WXBUILDING /D wxUSE_GUI=0 /D WXMAKINGDLL_BASE /D wxUSE_BASE=1 /D _WINDLL /D _UNICODE /D UNICODE /GF /EHsc /MD /GS- /fp:fast=2 /QxHost /Zc:wchar_t /Zc:forScope /GR /Qstd=c99 /Qstd=c++0x /Qansi-alias /Fo"Win32\DLL Release\vc_mswudll\base\\" /Fd"..\..\lib\vc_Win32_dll\wxbase31u_vc_vdm_vc_vdm.pdb" /Gd /TC /Qdiag-disable:1744,809,650 ..\..\src\common\extended.c /Gm /Qlong_double /Qopt-class-analysis /Qopt-mem-bandwidth2 /Qopt-streaming-stores:auto /Qno-alias-args 
     1>icl : warning #10121: overriding '/Qstd=c99' with '/Qstd=c++0x'
     1>icl : warning #10370: option '/Qstd=c++0x' is not valid for C compilations
         extended.c
       ResourceCompile:
         C:\Program Files (x86)\Windows Kits\8.0\bin\x86\rc.exe /D _CRT_SECURE_NO_DEPRECATE=1 /D _CRT_NON_CONFORMING_SWPRINTFS=1 /D _SCL_SECURE_NO_WARNINGS=1 /D __WXMSW__ /D NDEBUG /D _UNICODE /D WXBUILDING /D WXDLLNAME=wxbase31u_vc_vdm /D wxUSE_GUI=0 /D WXMAKINGDLL_BASE /D wxUSE_BASE=1 /D _UNICODE /D UNICODE /l"0x0409" /I..\..\lib\vc_Win32_dll\mswu /I..\..\include /I..\..\src\tiff\libtiff /I..\..\src\jpeg /I..\..\src\png /I..\..\src\zlib /I..\..\src\regex /I..\..\src\expat\lib /nologo /fo"Win32\DLL Release\wx_vc_vdm_base\version.res" ..\..\src\msw\version.rc 
       Link:
         C:\Program Files (x86)\Intel\Composer XE 2013 SP1\bin\ia32\xilink.exe /OUT:"..\..\lib\vc_Win32_dll\wxbase31u_vc_vdm.dll" /NOLOGO /LIBPATH:..\..\lib\vc_Win32_dll\ wxzlib_vc_vdm.lib wxregexu_vc_vdm.lib wxexpat_vc_vdm.lib kernel32.lib user32.lib gdi32.lib comdlg32.lib winspool.lib winmm.lib shell32.lib comctl32.lib ole32.lib oleaut32.lib uuid.lib rpcrt4.lib advapi32.lib wsock32.lib wininet.lib kernel32.lib user32.lib gdi32.lib winspool.lib comdlg32.lib advapi32.lib shell32.lib ole32.lib oleaut32.lib uuid.lib odbc32.lib odbccp32.lib /MANIFEST /ManifestFile:"Win32\DLL Release\wx_vc_vdm_base\wxbase31u_vc_vdm.dll.intermediate.manifest" /MANIFESTUAC:"level='asInvoker' uiAccess='false'" /DEBUG /PDB:"..\..\lib\vc_Win32_dll\wxbase31u_vc_vdm_vc_vdm.pdb" /LARGEADDRESSAWARE /OPT:REF /OPT:ICF /TLBID:1 /WINMD /RELEASE /DYNAMICBASE /NXCOMPAT /IMPLIB:"..\..\lib\vc_Win32_dll\wxbase31u_vc_vdm.lib" /MACHINE:X86 /SAFESEH /DLL "Win32\DLL Release\wx_vc_vdm_base\version.res"
         "Win32\DLL Release\vc_mswudll\base\any.obj"
         "Win32\DLL Release\vc_mswudll\base\appbase.obj"
         "Win32\DLL Release\vc_mswudll\base\arcall.obj"
         "Win32\DLL Release\vc_mswudll\base\arcfind.obj"
         "Win32\DLL Release\vc_mswudll\base\archive.obj"
         "Win32\DLL Release\vc_mswudll\base\arrstr.obj"
         "Win32\DLL Release\vc_mswudll\base\base64.obj"
         "Win32\DLL Release\vc_mswudll\base\clntdata.obj"
         "Win32\DLL Release\vc_mswudll\base\cmdline.obj"
         "Win32\DLL Release\vc_mswudll\base\config.obj"
         "Win32\DLL Release\vc_mswudll\base\convauto.obj"
         "Win32\DLL Release\vc_mswudll\base\datetime.obj"
         "Win32\DLL Release\vc_mswudll\base\datetimefmt.obj"
         "Win32\DLL Release\vc_mswudll\base\datstrm.obj"
         "Win32\DLL Release\vc_mswudll\base\dircmn.obj"
         "Win32\DLL Release\vc_mswudll\base\dummy.obj"
         "Win32\DLL Release\vc_mswudll\base\dynarray.obj"
         "Win32\DLL Release\vc_mswudll\base\dynlib.obj"
         "Win32\DLL Release\vc_mswudll\base\dynload.obj"
         "Win32\DLL Release\vc_mswudll\base\encconv.obj"
         "Win32\DLL Release\vc_mswudll\base\event.obj"
         "Win32\DLL Release\vc_mswudll\base\evtloopcmn.obj"
         "Win32\DLL Release\vc_mswudll\base\extended.obj"
         "Win32\DLL Release\vc_mswudll\base\ffile.obj"
         "Win32\DLL Release\vc_mswudll\base\file.obj"
         "Win32\DLL Release\vc_mswudll\base\fileback.obj"
         "Win32\DLL Release\vc_mswudll\base\fileconf.obj"
         "Win32\DLL Release\vc_mswudll\base\filefn.obj"
         "Win32\DLL Release\vc_mswudll\base\filename.obj"
         "Win32\DLL Release\vc_mswudll\base\filesys.obj"
         "Win32\DLL Release\vc_mswudll\base\filtall.obj"
         "Win32\DLL Release\vc_mswudll\base\filtfind.obj"
         "Win32\DLL Release\vc_mswudll\base\fmapbase.obj"
         "Win32\DLL Release\vc_mswudll\base\fs_arc.obj"
         "Win32\DLL Release\vc_mswudll\base\fs_filter.obj"
         "Win32\DLL Release\vc_mswudll\base\fs_mem.obj"
         "Win32\DLL Release\vc_mswudll\base\fswatchercmn.obj"
         "Win32\DLL Release\vc_mswudll\base\hash.obj"
         "Win32\DLL Release\vc_mswudll\base\hashmap.obj"
         "Win32\DLL Release\vc_mswudll\base\init.obj"
         "Win32\DLL Release\vc_mswudll\base\intl.obj"
         "Win32\DLL Release\vc_mswudll\base\ipcbase.obj"
         "Win32\DLL Release\vc_mswudll\base\languageinfo.obj"
         "Win32\DLL Release\vc_mswudll\base\list.obj"
         "Win32\DLL Release\vc_mswudll\base\log.obj"
         "Win32\DLL Release\vc_mswudll\base\longlong.obj"
         "Win32\DLL Release\vc_mswudll\base\memory.obj"
         "Win32\DLL Release\vc_mswudll\base\mimecmn.obj"
         "Win32\DLL Release\vc_mswudll\base\module.obj"
         "Win32\DLL Release\vc_mswudll\base\msgout.obj"
         "Win32\DLL Release\vc_mswudll\base\mstream.obj"
         "Win32\DLL Release\vc_mswudll\base\numformatter.obj"
         "Win32\DLL Release\vc_mswudll\base\object.obj"
         "Win32\DLL Release\vc_mswudll\base\platinfo.obj"
         "Win32\DLL Release\vc_mswudll\base\powercmn.obj"
         "Win32\DLL Release\vc_mswudll\base\process.obj"
         "Win32\DLL Release\vc_mswudll\base\regex.obj"
         "Win32\DLL Release\vc_mswudll\base\sstream.obj"
         "Win32\DLL Release\vc_mswudll\base\stdpbase.obj"
         "Win32\DLL Release\vc_mswudll\base\stdstream.obj"
         "Win32\DLL Release\vc_mswudll\base\stopwatch.obj"
         "Win32\DLL Release\vc_mswudll\base\strconv.obj"
         "Win32\DLL Release\vc_mswudll\base\stream.obj"
         "Win32\DLL Release\vc_mswudll\base\string.obj"
         "Win32\DLL Release\vc_mswudll\base\stringimpl.obj"
         "Win32\DLL Release\vc_mswudll\base\stringops.obj"
         "Win32\DLL Release\vc_mswudll\base\strvararg.obj"
         "Win32\DLL Release\vc_mswudll\base\sysopt.obj"
         "Win32\DLL Release\vc_mswudll\base\tarstrm.obj"
         "Win32\DLL Release\vc_mswudll\base\textbuf.obj"
         "Win32\DLL Release\vc_mswudll\base\textfile.obj"
         "Win32\DLL Release\vc_mswudll\base\threadinfo.obj"
         "Win32\DLL Release\vc_mswudll\base\time.obj"
         "Win32\DLL Release\vc_mswudll\base\timercmn.obj"
         "Win32\DLL Release\vc_mswudll\base\timerimpl.obj"
         "Win32\DLL Release\vc_mswudll\base\tokenzr.obj"
         "Win32\DLL Release\vc_mswudll\base\translation.obj"
         "Win32\DLL Release\vc_mswudll\base\txtstrm.obj"
         "Win32\DLL Release\vc_mswudll\base\unichar.obj"
         "Win32\DLL Release\vc_mswudll\base\uri.obj"
         "Win32\DLL Release\vc_mswudll\base\ustring.obj"
         "Win32\DLL Release\vc_mswudll\base\utilscmn.obj"
         "Win32\DLL Release\vc_mswudll\base\variant.obj"
         "Win32\DLL Release\vc_mswudll\base\wfstream.obj"
         "Win32\DLL Release\vc_mswudll\base\wxcrt.obj"
         "Win32\DLL Release\vc_mswudll\base\wxprintf.obj"
         "Win32\DLL Release\vc_mswudll\base\xlocale.obj"
         "Win32\DLL Release\vc_mswudll\base\xti.obj"
         "Win32\DLL Release\vc_mswudll\base\xtistrm.obj"
         "Win32\DLL Release\vc_mswudll\base\zipstrm.obj"
         "Win32\DLL Release\vc_mswudll\base\zstream.obj"
         "Win32\DLL Release\vc_mswudll\base\basemsw.obj"
         "Win32\DLL Release\vc_mswudll\base\crashrpt.obj"
         "Win32\DLL Release\vc_mswudll\base\dde.obj"
         "Win32\DLL Release\vc_mswudll\base\debughlp.obj"
         "Win32\DLL Release\vc_mswudll\base\dir.obj"
         "Win32\DLL Release\vc_mswudll\base\dlmsw.obj"
         "Win32\DLL Release\vc_mswudll\base\evtloopconsole.obj"
         "Win32\DLL Release\vc_mswudll\base\fswatcher.obj"
         "Win32\DLL Release\vc_mswudll\base\main.obj"
         "Win32\DLL Release\vc_mswudll\base\mimetype.obj"
         "Win32\DLL Release\vc_mswudll\base\mslu.obj"
         "Win32\DLL Release\vc_mswudll\base\power.obj"
         "Win32\DLL Release\vc_mswudll\base\regconf.obj"
         "Win32\DLL Release\vc_mswudll\base\registry.obj"
         "Win32\DLL Release\vc_mswudll\base\snglinst.obj"
         "Win32\DLL Release\vc_mswudll\base\stackwalk.obj"
         "Win32\DLL Release\vc_mswudll\base\stdpaths.obj"
         "Win32\DLL Release\vc_mswudll\base\thread.obj"
         "Win32\DLL Release\vc_mswudll\base\timer.obj"
         "Win32\DLL Release\vc_mswudll\base\utils.obj"
         "Win32\DLL Release\vc_mswudll\base\utilsexc.obj"
         "Win32\DLL Release\vc_mswudll\base\volume.obj"
         "Win32\DLL Release\vc_mswudll\base\fswatcherg.obj" /Qvec-report1 
       c:\Users\vdmn\Documents\develop\wxWidgets-git4\wxWidgets-new998\src\common\object.cpp(244): message : LOOP WAS VECTORIZED
       c:\Users\vdmn\Documents\develop\wxWidgets-git4\wxWidgets-new998\include\wx\vector.h(289): message : loop was not vectorized: vectorization possible but seems inefficient
       c:\Program Files (x86)\Microsoft Visual Studio 12.0\VC\include\xstring(1863): message : LOOP WAS VECTORIZED
       c:\Users\vdmn\Documents\develop\wxWidgets-git4\wxWidgets-new998\src\common\strconv.cpp(209): message : LOOP WAS VECTORIZED
       c:\Users\vdmn\Documents\develop\wxWidgets-git4\wxWidgets-new998\src\common\strconv.cpp(1540): message : LOOP WAS VECTORIZED
       c:\Users\vdmn\Documents\develop\wxWidgets-git4\wxWidgets-new998\src\common\strconv.cpp(1696): message : LOOP WAS VECTORIZED
       c:\Users\vdmn\Documents\develop\wxWidgets-git4\wxWidgets-new998\src\common\strconv.cpp(1669): message : LOOP WAS VECTORIZED
       c:\Users\vdmn\Documents\develop\wxWidgets-git4\wxWidgets-new998\include\wx\string.h(2692): message : LOOP WAS VECTORIZED
       c:\Users\vdmn\Documents\develop\wxWidgets-git4\wxWidgets-new998\include\wx\string.h(2688): message : LOOP WAS VECTORIZED
       c:\Users\vdmn\Documents\develop\wxWidgets-git4\wxWidgets-new998\include\wx\string.h(2686): message : LOOP WAS VECTORIZED
       c:\Users\vdmn\Documents\develop\wxWidgets-git4\wxWidgets-new998\include\wx\string.h(2680): message : LOOP WAS VECTORIZED
       c:\Users\vdmn\Documents\develop\wxWidgets-git4\wxWidgets-new998\include\wx\string.h(2554): message : LOOP WAS VECTORIZED
       c:\Users\vdmn\Documents\develop\wxWidgets-git4\wxWidgets-new998\include\wx\string.h(2552): message : LOOP WAS VECTORIZED
       c:\Users\vdmn\Documents\develop\wxWidgets-git4\wxWidgets-new998\include\wx\string.h(2550): message : LOOP WAS VECTORIZED
       c:\Users\vdmn\Documents\develop\wxWidgets-git4\wxWidgets-new998\include\wx\string.h(2548): message : LOOP WAS VECTORIZED
       c:\Users\vdmn\Documents\develop\wxWidgets-git4\wxWidgets-new998\include\wx\string.h(2541): message : LOOP WAS VECTORIZED
       c:\Users\vdmn\Documents\develop\wxWidgets-git4\wxWidgets-new998\include\wx\string.h(1236): message : LOOP WAS VECTORIZED
       c:\Users\vdmn\Documents\develop\wxWidgets-git4\wxWidgets-new998\include\wx\dynarray.h(846): message : LOOP WAS VECTORIZED
       c:\Users\vdmn\Documents\develop\wxWidgets-git4\wxWidgets-new998\include\wx\dynarray.h(846): message : loop was not vectorized: vectorization possible but seems inefficient
       c:\Users\vdmn\Documents\develop\wxWidgets-git4\wxWidgets-new998\src\common\dynarray.cpp(393): message : LOOP WAS VECTORIZED
       c:\Users\vdmn\Documents\develop\wxWidgets-git4\wxWidgets-new998\include\wx\dynarray.h(846): message : loop was not vectorized: vectorization possible but seems inefficient
       c:\Users\vdmn\Documents\develop\wxWidgets-git4\wxWidgets-new998\include\wx\dynarray.h(846): message : LOOP WAS VECTORIZED
       c:\Users\vdmn\Documents\develop\wxWidgets-git4\wxWidgets-new998\src\common\dynarray.cpp(393): message : LOOP WAS VECTORIZED
       c:\Users\vdmn\Documents\develop\wxWidgets-git4\wxWidgets-new998\src\common\dynarray.cpp(393): message : LOOP WAS VECTORIZED
       c:\Users\vdmn\Documents\develop\wxWidgets-git4\wxWidgets-new998\src\common\dynarray.cpp(393): message : LOOP WAS VECTORIZED
       c:\Users\vdmn\Documents\develop\wxWidgets-git4\wxWidgets-new998\include\wx\dynarray.h(849): message : LOOP WAS VECTORIZED
       c:\Users\vdmn\Documents\develop\wxWidgets-git4\wxWidgets-new998\include\wx\dynarray.h(849): message : loop was not vectorized: vectorization possible but seems inefficient
       c:\Users\vdmn\Documents\develop\wxWidgets-git4\wxWidgets-new998\src\common\dynarray.cpp(395): message : LOOP WAS VECTORIZED
       c:\Users\vdmn\Documents\develop\wxWidgets-git4\wxWidgets-new998\include\wx\dynarray.h(849): message : loop was not vectorized: vectorization possible but seems inefficient
       c:\Users\vdmn\Documents\develop\wxWidgets-git4\wxWidgets-new998\include\wx\dynarray.h(849): message : LOOP WAS VECTORIZED
       c:\Users\vdmn\Documents\develop\wxWidgets-git4\wxWidgets-new998\src\common\dynarray.cpp(395): message : LOOP WAS VECTORIZED
       c:\Users\vdmn\Documents\develop\wxWidgets-git4\wxWidgets-new998\src\common\dynarray.cpp(395): message : LOOP WAS VECTORIZED
       c:\Users\vdmn\Documents\develop\wxWidgets-git4\wxWidgets-new998\src\common\dynarray.cpp(395): message : LOOP WAS VECTORIZED
       c:\Users\vdmn\Documents\develop\wxWidgets-git4\wxWidgets-new998\include\wx\dynarray.h(850): message : loop was not vectorized: vectorization possible but seems inefficient
       c:\Users\vdmn\Documents\develop\wxWidgets-git4\wxWidgets-new998\src\common\dynarray.cpp(396): message : LOOP WAS VECTORIZED
       c:\Users\vdmn\Documents\develop\wxWidgets-git4\wxWidgets-new998\include\wx\dynarray.h(850): message : loop was not vectorized: vectorization possible but seems inefficient
       c:\Users\vdmn\Documents\develop\wxWidgets-git4\wxWidgets-new998\include\wx\dynarray.h(850): message : LOOP WAS VECTORIZED
       c:\Users\vdmn\Documents\develop\wxWidgets-git4\wxWidgets-new998\src\common\dynarray.cpp(396): message : LOOP WAS VECTORIZED
       c:\Users\vdmn\Documents\develop\wxWidgets-git4\wxWidgets-new998\include\wx\dynarray.h(851): message : loop was not vectorized: vectorization possible but seems inefficient
       c:\Users\vdmn\Documents\develop\wxWidgets-git4\wxWidgets-new998\src\common\dynarray.cpp(397): message : LOOP WAS VECTORIZED
       c:\Users\vdmn\Documents\develop\wxWidgets-git4\wxWidgets-new998\include\wx\dynarray.h(851): message : loop was not vectorized: vectorization possible but seems inefficient
       c:\Users\vdmn\Documents\develop\wxWidgets-git4\wxWidgets-new998\include\wx\dynarray.h(851): message : LOOP WAS VECTORIZED
       c:\Users\vdmn\Documents\develop\wxWidgets-git4\wxWidgets-new998\src\common\dynarray.cpp(397): message : LOOP WAS VECTORIZED
       c:\Users\vdmn\Documents\develop\wxWidgets-git4\wxWidgets-new998\src\common\dynarray.cpp(398): message : LOOP WAS VECTORIZED
       c:\Users\vdmn\Documents\develop\wxWidgets-git4\wxWidgets-new998\include\wx\dynarray.h(853): message : LOOP WAS VECTORIZED
       c:\Users\vdmn\Documents\develop\wxWidgets-git4\wxWidgets-new998\include\wx\dynarray.h(853): message : loop was not vectorized: vectorization possible but seems inefficient
       c:\Users\vdmn\Documents\develop\wxWidgets-git4\wxWidgets-new998\src\common\dynarray.cpp(399): message : LOOP WAS VECTORIZED
       c:\Users\vdmn\Documents\develop\wxWidgets-git4\wxWidgets-new998\include\wx\dynarray.h(853): message : loop was not vectorized: vectorization possible but seems inefficient
       c:\Users\vdmn\Documents\develop\wxWidgets-git4\wxWidgets-new998\include\wx\dynarray.h(853): message : LOOP WAS VECTORIZED
       c:\Users\vdmn\Documents\develop\wxWidgets-git4\wxWidgets-new998\src\common\dynarray.cpp(399): message : LOOP WAS VECTORIZED
       c:\Users\vdmn\Documents\develop\wxWidgets-git4\wxWidgets-new998\src\common\dynarray.cpp(399): message : LOOP WAS VECTORIZED
       c:\Users\vdmn\Documents\develop\wxWidgets-git4\wxWidgets-new998\src\common\dynarray.cpp(399): message : LOOP WAS VECTORIZED
       c:\Users\vdmn\Documents\develop\wxWidgets-git4\wxWidgets-new998\include\wx\dynarray.h(1034): message : loop was not vectorized: vectorization possible but seems inefficient
       c:\Users\vdmn\Documents\develop\wxWidgets-git4\wxWidgets-new998\include\wx\dynarray.h(1034): message : loop was not vectorized: vectorization possible but seems inefficient
       c:\Users\vdmn\Documents\develop\wxWidgets-git4\wxWidgets-new998\include\wx\vector.h(289): message : loop was not vectorized: vectorization possible but seems inefficient
       c:\Users\vdmn\Documents\develop\wxWidgets-git4\wxWidgets-new998\include\wx\string.h(1240): message : LOOP WAS VECTORIZED
       c:\Users\vdmn\Documents\develop\wxWidgets-git4\wxWidgets-new998\include\wx\string.h(2051): message : LOOP WAS VECTORIZED
       c:\Users\vdmn\Documents\develop\wxWidgets-git4\wxWidgets-new998\src\common\hash.cpp(74): message : LOOP WAS VECTORIZED
       c:\Users\vdmn\Documents\develop\wxWidgets-git4\wxWidgets-new998\src\common\hash.cpp(59): message : BLOCK WAS VECTORIZED
       c:\Users\vdmn\Documents\develop\wxWidgets-git4\wxWidgets-new998\include\wx\hash.h(195): message : BLOCK WAS VECTORIZED
       c:\Users\vdmn\Documents\develop\wxWidgets-git4\wxWidgets-new998\include\wx\hash.h(197): message : LOOP WAS VECTORIZED
       c:\Users\vdmn\Documents\develop\wxWidgets-git4\wxWidgets-new998\include\wx\hash.h(195): message : BLOCK WAS VECTORIZED
       c:\Users\vdmn\Documents\develop\wxWidgets-git4\wxWidgets-new998\include\wx\hash.h(195): message : LOOP WAS VECTORIZED
       c:\Users\vdmn\Documents\develop\wxWidgets-git4\wxWidgets-new998\src\common\fmapbase.cpp(885): message : loop was not vectorized: vectorization possible but seems inefficient
       c:\Users\vdmn\Documents\develop\wxWidgets-git4\wxWidgets-new998\src\common\fmapbase.cpp(890): message : loop was not vectorized: vectorization possible but seems inefficient
       c:\Users\vdmn\Documents\develop\wxWidgets-git4\wxWidgets-new998\src\common\fmapbase.cpp(892): message : loop was not vectorized: vectorization possible but seems inefficient
       c:\Users\vdmn\Documents\develop\wxWidgets-git4\wxWidgets-new998\src\common\fmapbase.cpp(892): message : loop was not vectorized: vectorization possible but seems inefficient
       c:\Users\vdmn\Documents\develop\wxWidgets-git4\wxWidgets-new998\include\wx\datetime.h(2102): message : BLOCK WAS VECTORIZED
       c:\Users\vdmn\Documents\develop\wxWidgets-git4\wxWidgets-new998\include\wx\datetime.h(2124): message : BLOCK WAS VECTORIZED
       c:\Users\vdmn\Documents\develop\wxWidgets-git4\wxWidgets-new998\include\wx\datetime.h(2080): message : BLOCK WAS VECTORIZED
       c:\Users\vdmn\Documents\develop\wxWidgets-git4\wxWidgets-new998\include\wx\datetime.h(2090): message : BLOCK WAS VECTORIZED
       c:\Users\vdmn\Documents\develop\wxWidgets-git4\wxWidgets-new998\include\wx\datetime.h(1403): message : BLOCK WAS VECTORIZED
       c:\Users\vdmn\Documents\develop\wxWidgets-git4\wxWidgets-new998\src\common\datetime.cpp(2101): message : LOOP WAS VECTORIZED
       c:\Users\vdmn\Documents\develop\wxWidgets-git4\wxWidgets-new998\src\common\event.cpp(383): message : BLOCK WAS VECTORIZED
       c:\Users\vdmn\Documents\develop\wxWidgets-git4\wxWidgets-new998\include\wx\event.h(1263): message : BLOCK WAS VECTORIZED
       c:\Users\vdmn\Documents\develop\wxWidgets-git4\wxWidgets-new998\include\wx\event.h(1300): message : BLOCK WAS VECTORIZED
       c:\Users\vdmn\Documents\develop\wxWidgets-git4\wxWidgets-new998\include\wx\event.h(3170): message : BLOCK WAS VECTORIZED
       c:\Users\vdmn\Documents\develop\wxWidgets-git4\wxWidgets-new998\src\common\stream.cpp(929): message : loop was not vectorized: vectorization possible but seems inefficient
       c:\Users\vdmn\Documents\develop\wxWidgets-git4\wxWidgets-new998\include\wx\timer.h(166): message : BLOCK WAS VECTORIZED
       c:\Users\vdmn\Documents\develop\wxWidgets-git4\wxWidgets-new998\include\wx\module.h(31): message : LOOP WAS VECTORIZED
       c:\Users\vdmn\Documents\develop\wxWidgets-git4\wxWidgets-new998\src\common\datetimefmt.cpp(168): message : loop was not vectorized: vectorization possible but seems inefficient
       c:\Users\vdmn\Documents\develop\wxWidgets-git4\wxWidgets-new998\src\common\datetimefmt.cpp(183): message : loop was not vectorized: vectorization possible but seems inefficient
       c:\Users\vdmn\Documents\develop\wxWidgets-git4\wxWidgets-new998\src\common\datetimefmt.cpp(183): message : loop was not vectorized: vectorization possible but seems inefficient
       c:\Users\vdmn\Documents\develop\wxWidgets-git4\wxWidgets-new998\src\common\datetimefmt.cpp(209): message : loop was not vectorized: vectorization possible but seems inefficient
       c:\Users\vdmn\Documents\develop\wxWidgets-git4\wxWidgets-new998\src\common\datetimefmt.cpp(209): message : loop was not vectorized: vectorization possible but seems inefficient
       c:\Users\vdmn\Documents\develop\wxWidgets-git4\wxWidgets-new998\src\common\datetimefmt.cpp(250): message : loop was not vectorized: vectorization possible but seems inefficient
       c:\Users\vdmn\Documents\develop\wxWidgets-git4\wxWidgets-new998\src\common\datetimefmt.cpp(263): message : loop was not vectorized: vectorization possible but seems inefficient
       c:\Users\vdmn\Documents\develop\wxWidgets-git4\wxWidgets-new998\src\common\datetimefmt.cpp(263): message : loop was not vectorized: vectorization possible but seems inefficient
       c:\Users\vdmn\Documents\develop\wxWidgets-git4\wxWidgets-new998\src\common\datetimefmt.cpp(280): message : loop was not vectorized: vectorization possible but seems inefficient
       c:\Users\vdmn\Documents\develop\wxWidgets-git4\wxWidgets-new998\src\common\datetimefmt.cpp(280): message : loop was not vectorized: vectorization possible but seems inefficient
       c:\Users\vdmn\Documents\develop\wxWidgets-git4\wxWidgets-new998\src\common\intl.cpp(1206): message : loop was not vectorized: vectorization possible but seems inefficient
       c:\Users\vdmn\Documents\develop\wxWidgets-git4\wxWidgets-new998\src\common\datetimefmt.cpp(250): message : loop was not vectorized: vectorization possible but seems inefficient
       c:\Users\vdmn\Documents\develop\wxWidgets-git4\wxWidgets-new998\src\common\datetimefmt.cpp(273): message : loop was not vectorized: vectorization possible but seems inefficient
       c:\Users\vdmn\Documents\develop\wxWidgets-git4\wxWidgets-new998\src\common\datetimefmt.cpp(273): message : loop was not vectorized: vectorization possible but seems inefficient
       c:\Users\vdmn\Documents\develop\wxWidgets-git4\wxWidgets-new998\src\common\datetimefmt.cpp(168): message : loop was not vectorized: vectorization possible but seems inefficient
       c:\Users\vdmn\Documents\develop\wxWidgets-git4\wxWidgets-new998\src\common\datetimefmt.cpp(193): message : loop was not vectorized: vectorization possible but seems inefficient
       c:\Users\vdmn\Documents\develop\wxWidgets-git4\wxWidgets-new998\src\common\datetimefmt.cpp(193): message : loop was not vectorized: vectorization possible but seems inefficient
       c:\Users\vdmn\Documents\develop\wxWidgets-git4\wxWidgets-new998\src\common\cmdline.cpp(601): message : loop was not vectorized: vectorization possible but seems inefficient
       c:\Users\vdmn\Documents\develop\wxWidgets-git4\wxWidgets-new998\src\common\cmdline.cpp(618): message : loop was not vectorized: vectorization possible but seems inefficient
       c:\Users\vdmn\Documents\develop\wxWidgets-git4\wxWidgets-new998\src\common\cmdline.cpp(702): message : loop was not vectorized: vectorization possible but seems inefficient
       c:\Users\vdmn\Documents\develop\wxWidgets-git4\wxWidgets-new998\include\wx\event.h(3757): message : LOOP WAS VECTORIZED
       c:\Users\vdmn\Documents\develop\wxWidgets-git4\wxWidgets-new998\include\wx\event.h(3757): message : loop was not vectorized: vectorization possible but seems inefficient
       c:\Users\vdmn\Documents\develop\wxWidgets-git4\wxWidgets-new998\include\wx\dynlib.h(225): message : loop was not vectorized: vectorization possible but seems inefficient
       c:\Users\vdmn\Documents\develop\wxWidgets-git4\wxWidgets-new998\include\wx\dynlib.h(225): message : loop was not vectorized: vectorization possible but seems inefficient
       c:\Users\vdmn\Documents\develop\wxWidgets-git4\wxWidgets-new998\include\wx\dynlib.h(225): message : loop was not vectorized: vectorization possible but seems inefficient
       c:\Users\vdmn\Documents\develop\wxWidgets-git4\wxWidgets-new998\src\common\zipstrm.cpp(702): message : BLOCK WAS VECTORIZED
       c:\Users\vdmn\Documents\develop\wxWidgets-git4\wxWidgets-new998\include\wx\dynarray.h(1034): message : LOOP WAS VECTORIZED
       c:\Users\vdmn\Documents\develop\wxWidgets-git4\wxWidgets-new998\src\common\cmdline.cpp(198): message : loop was not vectorized: vectorization possible but seems inefficient
       c:\Users\vdmn\Documents\develop\wxWidgets-git4\wxWidgets-new998\src\common\cmdline.cpp(198): message : loop was not vectorized: vectorization possible but seems inefficient
       c:\Users\vdmn\Documents\develop\wxWidgets-git4\wxWidgets-new998\src\common\cmdline.cpp(198): message : LOOP WAS VECTORIZED
       c:\Users\vdmn\Documents\develop\wxWidgets-git4\wxWidgets-new998\src\common\cmdline.cpp(199): message : loop was not vectorized: vectorization possible but seems inefficient
       c:\Users\vdmn\Documents\develop\wxWidgets-git4\wxWidgets-new998\src\common\cmdline.cpp(199): message : loop was not vectorized: vectorization possible but seems inefficient
       c:\Users\vdmn\Documents\develop\wxWidgets-git4\wxWidgets-new998\src\common\cmdline.cpp(199): message : LOOP WAS VECTORIZED
       c:\Users\vdmn\Documents\develop\wxWidgets-git4\wxWidgets-new998\src\common\cmdline.cpp(200): message : loop was not vectorized: vectorization possible but seems inefficient
       c:\Users\vdmn\Documents\develop\wxWidgets-git4\wxWidgets-new998\src\common\cmdline.cpp(200): message : loop was not vectorized: vectorization possible but seems inefficient
       c:\Users\vdmn\Documents\develop\wxWidgets-git4\wxWidgets-new998\src\common\cmdline.cpp(200): message : LOOP WAS VECTORIZED
       c:\Users\vdmn\Documents\develop\wxWidgets-git4\wxWidgets-new998\src\common\cmdline.cpp(691): message : loop was not vectorized: vectorization possible but seems inefficient
       c:\Users\vdmn\Documents\develop\wxWidgets-git4\wxWidgets-new998\src\msw\regconf.cpp(374): message : LOOP WAS VECTORIZED
       c:\Users\vdmn\Documents\develop\wxWidgets-git4\wxWidgets-new998\src\msw\registry.cpp(188): message : loop was not vectorized: vectorization possible but seems inefficient
       c:\Users\vdmn\Documents\develop\wxWidgets-git4\wxWidgets-new998\src\msw\registry.cpp(189): message : loop was not vectorized: vectorization possible but seems inefficient
       c:\Users\vdmn\Documents\develop\wxWidgets-git4\wxWidgets-new998\src\msw\registry.cpp(189): message : loop was not vectorized: vectorization possible but seems inefficient
       c:\Users\vdmn\Documents\develop\wxWidgets-git4\wxWidgets-new998\src\msw\registry.cpp(189): message : loop was not vectorized: vectorization possible but seems inefficient
       c:\Users\vdmn\Documents\develop\wxWidgets-git4\wxWidgets-new998\src\msw\registry.cpp(189): message : loop was not vectorized: vectorization possible but seems inefficient
       c:\Users\vdmn\Documents\develop\wxWidgets-git4\wxWidgets-new998\include\wx\datetime.h(1541): message : loop was not vectorized: vectorization possible but seems inefficient
       c:\Users\vdmn\Documents\develop\wxWidgets-git4\wxWidgets-new998\include\wx\datetime.h(1417): message : BLOCK WAS VECTORIZED
       c:\Users\vdmn\Documents\develop\wxWidgets-git4\wxWidgets-new998\src\common\datetime.cpp(378): message : BLOCK WAS VECTORIZED
       c:\Users\vdmn\Documents\develop\wxWidgets-git4\wxWidgets-new998\src\common\datetime.cpp(2101): message : LOOP WAS VECTORIZED
       c:\Users\vdmn\Documents\develop\wxWidgets-git4\wxWidgets-new998\include\wx\datetime.h(1529): message : loop was not vectorized: vectorization possible but seems inefficient
       c:\Users\vdmn\Documents\develop\wxWidgets-git4\wxWidgets-new998\include\wx\datetime.h(1529): message : loop was not vectorized: vectorization possible but seems inefficient
       c:\Users\vdmn\Documents\develop\wxWidgets-git4\wxWidgets-new998\src\common\datetimefmt.cpp(168): message : loop was not vectorized: vectorization possible but seems inefficient
       c:\Users\vdmn\Documents\develop\wxWidgets-git4\wxWidgets-new998\src\common\datetimefmt.cpp(176): message : loop was not vectorized: vectorization possible but seems inefficient
       c:\Users\vdmn\Documents\develop\wxWidgets-git4\wxWidgets-new998\src\common\datetimefmt.cpp(176): message : loop was not vectorized: vectorization possible but seems inefficient
       c:\Users\vdmn\Documents\develop\wxWidgets-git4\wxWidgets-new998\src\common\datetimefmt.cpp(183): message : loop was not vectorized: vectorization possible but seems inefficient
       c:\Users\vdmn\Documents\develop\wxWidgets-git4\wxWidgets-new998\src\common\datetimefmt.cpp(183): message : loop was not vectorized: vectorization possible but seems inefficient
       c:\Users\vdmn\Documents\develop\wxWidgets-git4\wxWidgets-new998\src\common\datetimefmt.cpp(193): message : loop was not vectorized: vectorization possible but seems inefficient
       c:\Users\vdmn\Documents\develop\wxWidgets-git4\wxWidgets-new998\src\common\datetimefmt.cpp(193): message : loop was not vectorized: vectorization possible but seems inefficient
       c:\Users\vdmn\Documents\develop\wxWidgets-git4\wxWidgets-new998\src\common\datetimefmt.cpp(209): message : loop was not vectorized: vectorization possible but seems inefficient
       c:\Users\vdmn\Documents\develop\wxWidgets-git4\wxWidgets-new998\src\common\datetimefmt.cpp(209): message : loop was not vectorized: vectorization possible but seems inefficient
       c:\Users\vdmn\Documents\develop\wxWidgets-git4\wxWidgets-new998\src\common\datetimefmt.cpp(250): message : loop was not vectorized: vectorization possible but seems inefficient
       c:\Users\vdmn\Documents\develop\wxWidgets-git4\wxWidgets-new998\src\common\datetimefmt.cpp(256): message : loop was not vectorized: vectorization possible but seems inefficient
       c:\Users\vdmn\Documents\develop\wxWidgets-git4\wxWidgets-new998\src\common\datetimefmt.cpp(256): message : loop was not vectorized: vectorization possible but seems inefficient
       c:\Users\vdmn\Documents\develop\wxWidgets-git4\wxWidgets-new998\src\common\datetimefmt.cpp(263): message : loop was not vectorized: vectorization possible but seems inefficient
       c:\Users\vdmn\Documents\develop\wxWidgets-git4\wxWidgets-new998\src\common\datetimefmt.cpp(263): message : loop was not vectorized: vectorization possible but seems inefficient
       c:\Users\vdmn\Documents\develop\wxWidgets-git4\wxWidgets-new998\src\common\datetimefmt.cpp(273): message : loop was not vectorized: vectorization possible but seems inefficient
       c:\Users\vdmn\Documents\develop\wxWidgets-git4\wxWidgets-new998\src\common\datetimefmt.cpp(273): message : loop was not vectorized: vectorization possible but seems inefficient
       c:\Users\vdmn\Documents\develop\wxWidgets-git4\wxWidgets-new998\src\common\datetimefmt.cpp(280): message : loop was not vectorized: vectorization possible but seems inefficient
       c:\Users\vdmn\Documents\develop\wxWidgets-git4\wxWidgets-new998\src\common\datetimefmt.cpp(280): message : loop was not vectorized: vectorization possible but seems inefficient
       c:\Users\vdmn\Documents\develop\wxWidgets-git4\wxWidgets-new998\src\common\datetimefmt.cpp(2315): message : loop was not vectorized: vectorization possible but seems inefficient
       c:\Users\vdmn\Documents\develop\wxWidgets-git4\wxWidgets-new998\src\common\datstrm.cpp(390): message : LOOP WAS VECTORIZED
       c:\Users\vdmn\Documents\develop\wxWidgets-git4\wxWidgets-new998\src\common\datstrm.cpp(399): message : LOOP WAS VECTORIZED
       c:\Users\vdmn\Documents\develop\wxWidgets-git4\wxWidgets-new998\src\common\datstrm.cpp(407): message : LOOP WAS VECTORIZED
       c:\Users\vdmn\Documents\develop\wxWidgets-git4\wxWidgets-new998\src\common\datstrm.cpp(407): message : LOOP WAS VECTORIZED
       c:\Users\vdmn\Documents\develop\wxWidgets-git4\wxWidgets-new998\src\common\datstrm.cpp(412): message : LOOP WAS VECTORIZED
       c:\Users\vdmn\Documents\develop\wxWidgets-git4\wxWidgets-new998\src\common\datstrm.cpp(412): message : LOOP WAS VECTORIZED
       c:\Users\vdmn\Documents\develop\wxWidgets-git4\wxWidgets-new998\src\common\datstrm.cpp(444): message : LOOP WAS VECTORIZED
       c:\Users\vdmn\Documents\develop\wxWidgets-git4\wxWidgets-new998\src\common\datstrm.cpp(472): message : LOOP WAS VECTORIZED
       c:\Users\vdmn\Documents\develop\wxWidgets-git4\wxWidgets-new998\src\common\datstrm.cpp(419): message : LOOP WAS VECTORIZED
       c:\Users\vdmn\Documents\develop\wxWidgets-git4\wxWidgets-new998\src\common\datstrm.cpp(419): message : LOOP WAS VECTORIZED
       c:\Users\vdmn\Documents\develop\wxWidgets-git4\wxWidgets-new998\src\common\datstrm.cpp(424): message : LOOP WAS VECTORIZED
       c:\Users\vdmn\Documents\develop\wxWidgets-git4\wxWidgets-new998\src\common\datstrm.cpp(424): message : LOOP WAS VECTORIZED
       c:\Users\vdmn\Documents\develop\wxWidgets-git4\wxWidgets-new998\src\common\datstrm.cpp(101): message : loop was not vectorized: vectorization possible but seems inefficient
       c:\Users\vdmn\Documents\develop\wxWidgets-git4\wxWidgets-new998\src\common\datstrm.cpp(101): message : loop was not vectorized: vectorization possible but seems inefficient
       c:\Users\vdmn\Documents\develop\wxWidgets-git4\wxWidgets-new998\src\common\datstrm.cpp(733): message : LOOP WAS VECTORIZED
       c:\Users\vdmn\Documents\develop\wxWidgets-git4\wxWidgets-new998\src\common\datstrm.cpp(733): message : LOOP WAS VECTORIZED
       c:\Users\vdmn\Documents\develop\wxWidgets-git4\wxWidgets-new998\src\common\datstrm.cpp(738): message : LOOP WAS VECTORIZED
       c:\Users\vdmn\Documents\develop\wxWidgets-git4\wxWidgets-new998\src\common\datstrm.cpp(738): message : LOOP WAS VECTORIZED
       c:\Users\vdmn\Documents\develop\wxWidgets-git4\wxWidgets-new998\src\common\datstrm.cpp(745): message : LOOP WAS VECTORIZED
       c:\Users\vdmn\Documents\develop\wxWidgets-git4\wxWidgets-new998\src\common\datstrm.cpp(745): message : LOOP WAS VECTORIZED
       c:\Users\vdmn\Documents\develop\wxWidgets-git4\wxWidgets-new998\src\common\datstrm.cpp(750): message : LOOP WAS VECTORIZED
       c:\Users\vdmn\Documents\develop\wxWidgets-git4\wxWidgets-new998\src\common\datstrm.cpp(750): message : LOOP WAS VECTORIZED
       c:\Users\vdmn\Documents\develop\wxWidgets-git4\wxWidgets-new998\src\common\datstrm.cpp(613): message : loop was not vectorized: vectorization possible but seems inefficient
       c:\Users\vdmn\Documents\develop\wxWidgets-git4\wxWidgets-new998\src\common\datstrm.cpp(613): message : loop was not vectorized: vectorization possible but seems inefficient
       c:\Users\vdmn\Documents\develop\wxWidgets-git4\wxWidgets-new998\src\common\datstrm.cpp(618): message : loop was not vectorized: vectorization possible but seems inefficient
       c:\Users\vdmn\Documents\develop\wxWidgets-git4\wxWidgets-new998\src\common\datstrm.cpp(618): message : loop was not vectorized: vectorization possible but seems inefficient
       c:\Users\vdmn\Documents\develop\wxWidgets-git4\wxWidgets-new998\include\wx\datetime.h(1413): message : BLOCK WAS VECTORIZED
       c:\Users\vdmn\Documents\develop\wxWidgets-git4\wxWidgets-new998\include\wx\datetime.h(2096): message : BLOCK WAS VECTORIZED
       c:\Users\vdmn\Documents\develop\wxWidgets-git4\wxWidgets-new998\include\wx\datetime.h(1421): message : BLOCK WAS VECTORIZED
       c:\Users\vdmn\Documents\develop\wxWidgets-git4\wxWidgets-new998\include\wx\datetime.h(2113): message : BLOCK WAS VECTORIZED
       c:\Users\vdmn\Documents\develop\wxWidgets-git4\wxWidgets-new998\include\wx\datetime.h(1425): message : BLOCK WAS VECTORIZED
       c:\Users\vdmn\Documents\develop\wxWidgets-git4\wxWidgets-new998\include\wx\datetime.h(1499): message : BLOCK WAS VECTORIZED
       c:\Users\vdmn\Documents\develop\wxWidgets-git4\wxWidgets-new998\include\wx\datetime.h(1492): message : BLOCK WAS VECTORIZED
       c:\Users\vdmn\Documents\develop\wxWidgets-git4\wxWidgets-new998\include\wx\event.h(3206): message : BLOCK WAS VECTORIZED
       c:\Users\vdmn\Documents\develop\wxWidgets-git4\wxWidgets-new998\include\wx\string.h(2043): message : LOOP WAS VECTORIZED
       c:\Users\vdmn\Documents\develop\wxWidgets-git4\wxWidgets-new998\include\wx\string.h(2045): message : LOOP WAS VECTORIZED
       c:\Users\vdmn\Documents\develop\wxWidgets-git4\wxWidgets-new998\include\wx\string.h(2047): message : LOOP WAS VECTORIZED
       c:\Users\vdmn\Documents\develop\wxWidgets-git4\wxWidgets-new998\include\wx\string.h(2049): message : LOOP WAS VECTORIZED
       c:\Users\vdmn\Documents\develop\wxWidgets-git4\wxWidgets-new998\include\wx\string.h(2690): message : LOOP WAS VECTORIZED
       c:\Users\vdmn\Documents\develop\wxWidgets-git4\wxWidgets-new998\include\wx\string.h(2795): message : LOOP WAS VECTORIZED
       c:\Users\vdmn\Documents\develop\wxWidgets-git4\wxWidgets-new998\include\wx\string.h(2840): message : LOOP WAS VECTORIZED
       c:\Users\vdmn\Documents\develop\wxWidgets-git4\wxWidgets-new998\include\wx\string.h(1228): message : LOOP WAS VECTORIZED
       c:\Users\vdmn\Documents\develop\wxWidgets-git4\wxWidgets-new998\include\wx\string.h(1230): message : LOOP WAS VECTORIZED
       c:\Users\vdmn\Documents\develop\wxWidgets-git4\wxWidgets-new998\include\wx\string.h(1234): message : LOOP WAS VECTORIZED
       c:\Users\vdmn\Documents\develop\wxWidgets-git4\wxWidgets-new998\include\wx\string.h(1238): message : LOOP WAS VECTORIZED
       c:\Users\vdmn\Documents\develop\wxWidgets-git4\wxWidgets-new998\include\wx\string.h(1242): message : LOOP WAS VECTORIZED
       c:\Users\vdmn\Documents\develop\wxWidgets-git4\wxWidgets-new998\include\wx\string.h(2928): message : LOOP WAS VECTORIZED
       c:\Users\vdmn\Documents\develop\wxWidgets-git4\wxWidgets-new998\include\wx\string.h(3050): message : LOOP WAS VECTORIZED
       c:\Users\vdmn\Documents\develop\wxWidgets-git4\wxWidgets-new998\include\wx\string.h(1482): message : LOOP WAS VECTORIZED
       c:\Users\vdmn\Documents\develop\wxWidgets-git4\wxWidgets-new998\include\wx\dynarray.h(848): message : loop was not vectorized: vectorization possible but seems inefficient
       c:\Users\vdmn\Documents\develop\wxWidgets-git4\wxWidgets-new998\include\wx\dynarray.h(848): message : loop was not vectorized: vectorization possible but seems inefficient
       c:\Users\vdmn\Documents\develop\wxWidgets-git4\wxWidgets-new998\include\wx\dynarray.h(852): message : LOOP WAS VECTORIZED
       c:\Users\vdmn\Documents\develop\wxWidgets-git4\wxWidgets-new998\include\wx\dynarray.h(852): message : loop was not vectorized: vectorization possible but seems inefficient
       c:\Users\vdmn\Documents\develop\wxWidgets-git4\wxWidgets-new998\include\wx\dynarray.h(852): message : loop was not vectorized: vectorization possible but seems inefficient
       c:\Users\vdmn\Documents\develop\wxWidgets-git4\wxWidgets-new998\include\wx\dynarray.h(1030): message : LOOP WAS VECTORIZED
       c:\Users\vdmn\Documents\develop\wxWidgets-git4\wxWidgets-new998\include\wx\dynarray.h(1030): message : LOOP WAS VECTORIZED
       c:\Users\vdmn\Documents\develop\wxWidgets-git4\wxWidgets-new998\include\wx\dynarray.h(1030): message : LOOP WAS VECTORIZED
       c:\Users\vdmn\Documents\develop\wxWidgets-git4\wxWidgets-new998\include\wx\dynarray.h(1030): message : loop was not vectorized: vectorization possible but seems inefficient
       c:\Users\vdmn\Documents\develop\wxWidgets-git4\wxWidgets-new998\include\wx\dynarray.h(1030): message : LOOP WAS VECTORIZED
       c:\Users\vdmn\Documents\develop\wxWidgets-git4\wxWidgets-new998\include\wx\dynarray.h(1030): message : loop was not vectorized: vectorization possible but seems inefficient
       c:\Users\vdmn\Documents\develop\wxWidgets-git4\wxWidgets-new998\include\wx\dynarray.h(1030): message : LOOP WAS VECTORIZED
       c:\Users\vdmn\Documents\develop\wxWidgets-git4\wxWidgets-new998\include\wx\dynarray.h(1031): message : LOOP WAS VECTORIZED
       c:\Users\vdmn\Documents\develop\wxWidgets-git4\wxWidgets-new998\include\wx\dynarray.h(1031): message : LOOP WAS VECTORIZED
       c:\Users\vdmn\Documents\develop\wxWidgets-git4\wxWidgets-new998\include\wx\dynarray.h(1031): message : loop was not vectorized: vectorization possible but seems inefficient
       c:\Users\vdmn\Documents\develop\wxWidgets-git4\wxWidgets-new998\include\wx\dynarray.h(1031): message : LOOP WAS VECTORIZED
       c:\Users\vdmn\Documents\develop\wxWidgets-git4\wxWidgets-new998\include\wx\dynarray.h(1031): message : loop was not vectorized: vectorization possible but seems inefficient
       c:\Users\vdmn\Documents\develop\wxWidgets-git4\wxWidgets-new998\include\wx\dynarray.h(1032): message : LOOP WAS VECTORIZED
       c:\Users\vdmn\Documents\develop\wxWidgets-git4\wxWidgets-new998\include\wx\dynarray.h(1032): message : LOOP WAS VECTORIZED
       c:\Users\vdmn\Documents\develop\wxWidgets-git4\wxWidgets-new998\include\wx\dynarray.h(1032): message : LOOP WAS VECTORIZED
       c:\Users\vdmn\Documents\develop\wxWidgets-git4\wxWidgets-new998\include\wx\dynarray.h(1032): message : loop was not vectorized: vectorization possible but seems inefficient
       c:\Users\vdmn\Documents\develop\wxWidgets-git4\wxWidgets-new998\include\wx\dynarray.h(1032): message : LOOP WAS VECTORIZED
       c:\Users\vdmn\Documents\develop\wxWidgets-git4\wxWidgets-new998\include\wx\dynarray.h(1032): message : loop was not vectorized: vectorization possible but seems inefficient
       c:\Users\vdmn\Documents\develop\wxWidgets-git4\wxWidgets-new998\include\wx\dynarray.h(1032): message : LOOP WAS VECTORIZED
       c:\Users\vdmn\Documents\develop\wxWidgets-git4\wxWidgets-new998\include\wx\dynarray.h(1033): message : LOOP WAS VECTORIZED
       c:\Users\vdmn\Documents\develop\wxWidgets-git4\wxWidgets-new998\include\wx\dynarray.h(1033): message : LOOP WAS VECTORIZED
       c:\Users\vdmn\Documents\develop\wxWidgets-git4\wxWidgets-new998\include\wx\dynarray.h(1033): message : loop was not vectorized: vectorization possible but seems inefficient
       c:\Users\vdmn\Documents\develop\wxWidgets-git4\wxWidgets-new998\include\wx\dynarray.h(1033): message : LOOP WAS VECTORIZED
       c:\Users\vdmn\Documents\develop\wxWidgets-git4\wxWidgets-new998\include\wx\dynarray.h(1033): message : loop was not vectorized: vectorization possible but seems inefficient
       c:\Users\vdmn\Documents\develop\wxWidgets-git4\wxWidgets-new998\include\wx\dynarray.h(1034): message : LOOP WAS VECTORIZED
       c:\Users\vdmn\Documents\develop\wxWidgets-git4\wxWidgets-new998\include\wx\dynarray.h(1034): message : LOOP WAS VECTORIZED
       c:\Users\vdmn\Documents\develop\wxWidgets-git4\wxWidgets-new998\include\wx\dynarray.h(1034): message : LOOP WAS VECTORIZED
       c:\Users\vdmn\Documents\develop\wxWidgets-git4\wxWidgets-new998\include\wx\dynarray.h(1034): message : LOOP WAS VECTORIZED
       c:\Users\vdmn\Documents\develop\wxWidgets-git4\wxWidgets-new998\include\wx\datetime.h(1529): message : loop was not vectorized: vectorization possible but seems inefficient
       c:\Users\vdmn\Documents\develop\wxWidgets-git4\wxWidgets-new998\include\wx\datetime.h(1529): message : loop was not vectorized: vectorization possible but seems inefficient
       c:\Users\vdmn\Documents\develop\wxWidgets-git4\wxWidgets-new998\include\wx\datetime.h(1529): message : loop was not vectorized: vectorization possible but seems inefficient
       c:\Users\vdmn\Documents\develop\wxWidgets-git4\wxWidgets-new998\include\wx\datetime.h(1541): message : LOOP WAS VECTORIZED
       c:\Users\vdmn\Documents\develop\wxWidgets-git4\wxWidgets-new998\include\wx\datetime.h(1541): message : LOOP WAS VECTORIZED
       c:\Users\vdmn\Documents\develop\wxWidgets-git4\wxWidgets-new998\include\wx\datetime.h(1541): message : LOOP WAS VECTORIZED
       c:\Users\vdmn\Documents\develop\wxWidgets-git4\wxWidgets-new998\include\wx\datetime.h(1541): message : loop was not vectorized: vectorization possible but seems inefficient
       c:\Users\vdmn\Documents\develop\wxWidgets-git4\wxWidgets-new998\include\wx\datetime.h(1541): message : LOOP WAS VECTORIZED
       c:\Users\vdmn\Documents\develop\wxWidgets-git4\wxWidgets-new998\include\wx\datetime.h(1541): message : LOOP WAS VECTORIZED
       c:\Users\vdmn\Documents\develop\wxWidgets-git4\wxWidgets-new998\include\wx\event.h(1342): message : BLOCK WAS VECTORIZED
       c:\Users\vdmn\Documents\develop\wxWidgets-git4\wxWidgets-new998\src\common\event.cpp(404): message : BLOCK WAS VECTORIZED
       c:\Users\vdmn\Documents\develop\wxWidgets-git4\wxWidgets-new998\include\wx\event.h(3227): message : BLOCK WAS VECTORIZED
       c:\Users\vdmn\Documents\develop\wxWidgets-git4\wxWidgets-new998\include\wx\event.h(3757): message : LOOP WAS VECTORIZED
       c:\Users\vdmn\Documents\develop\wxWidgets-git4\wxWidgets-new998\include\wx\event.h(3757): message : LOOP WAS VECTORIZED
       c:\Users\vdmn\Documents\develop\wxWidgets-git4\wxWidgets-new998\include\wx\event.h(3757): message : loop was not vectorized: vectorization possible but seems inefficient
       c:\Users\vdmn\Documents\develop\wxWidgets-git4\wxWidgets-new998\include\wx\event.h(3757): message : LOOP WAS VECTORIZED
       c:\Users\vdmn\Documents\develop\wxWidgets-git4\wxWidgets-new998\include\wx\event.h(3757): message : LOOP WAS VECTORIZED
       c:\Users\vdmn\Documents\develop\wxWidgets-git4\wxWidgets-new998\include\wx\module.h(31): message : LOOP WAS VECTORIZED
       c:\Users\vdmn\Documents\develop\wxWidgets-git4\wxWidgets-new998\include\wx\module.h(31): message : LOOP WAS VECTORIZED
       c:\Users\vdmn\Documents\develop\wxWidgets-git4\wxWidgets-new998\include\wx\module.h(31): message : loop was not vectorized: vectorization possible but seems inefficient
       c:\Users\vdmn\Documents\develop\wxWidgets-git4\wxWidgets-new998\include\wx\module.h(31): message : LOOP WAS VECTORIZED
       c:\Users\vdmn\Documents\develop\wxWidgets-git4\wxWidgets-new998\include\wx\module.h(31): message : loop was not vectorized: vectorization possible but seems inefficient
       c:\Users\vdmn\Documents\develop\wxWidgets-git4\wxWidgets-new998\include\wx\module.h(31): message : LOOP WAS VECTORIZED
       c:\Users\vdmn\Documents\develop\wxWidgets-git4\wxWidgets-new998\include\wx\module.h(80): message : loop was not vectorized: vectorization possible but seems inefficient
       c:\Users\vdmn\Documents\develop\wxWidgets-git4\wxWidgets-new998\src\common\dynarray.cpp(394): message : LOOP WAS VECTORIZED
       c:\Users\vdmn\Documents\develop\wxWidgets-git4\wxWidgets-new998\src\common\dynarray.cpp(398): message : LOOP WAS VECTORIZED
       c:\Users\vdmn\Documents\develop\wxWidgets-git4\wxWidgets-new998\src\common\dynlib.cpp(53): message : LOOP WAS VECTORIZED
       c:\Users\vdmn\Documents\develop\wxWidgets-git4\wxWidgets-new998\src\common\dynlib.cpp(53): message : LOOP WAS VECTORIZED
       c:\Users\vdmn\Documents\develop\wxWidgets-git4\wxWidgets-new998\src\common\event.cpp(127): message : BLOCK WAS VECTORIZED
       c:\Users\vdmn\Documents\develop\wxWidgets-git4\wxWidgets-new998\src\common\file.cpp(312): message : loop was not vectorized: vectorization possible but seems inefficient
       c:\Users\vdmn\Documents\develop\wxWidgets-git4\wxWidgets-new998\include\wx\textbuf.h(151): message : loop was not vectorized: vectorization possible but seems inefficient
       c:\Users\vdmn\Documents\develop\wxWidgets-git4\wxWidgets-new998\src\common\fileconf.cpp(1724): message : loop was not vectorized: vectorization possible but seems inefficient
       c:\Users\vdmn\Documents\develop\wxWidgets-git4\wxWidgets-new998\src\common\fileconf.cpp(1724): message : loop was not vectorized: vectorization possible but seems inefficient
       c:\Users\vdmn\Documents\develop\wxWidgets-git4\wxWidgets-new998\src\common\fileconf.cpp(1724): message : loop was not vectorized: vectorization possible but seems inefficient
       c:\Users\vdmn\Documents\develop\wxWidgets-git4\wxWidgets-new998\src\common\fileconf.cpp(928): message : loop was not vectorized: vectorization possible but seems inefficient
       c:\Users\vdmn\Documents\develop\wxWidgets-git4\wxWidgets-new998\src\common\fileconf.cpp(928): message : loop was not vectorized: vectorization possible but seems inefficient
       c:\Users\vdmn\Documents\develop\wxWidgets-git4\wxWidgets-new998\src\common\fileconf.cpp(928): message : loop was not vectorized: vectorization possible but seems inefficient
       c:\Users\vdmn\Documents\develop\wxWidgets-git4\wxWidgets-new998\src\common\fileconf.cpp(1174): message : loop was not vectorized: vectorization possible but seems inefficient
       c:\Users\vdmn\Documents\develop\wxWidgets-git4\wxWidgets-new998\src\common\fileconf.cpp(1174): message : loop was not vectorized: vectorization possible but seems inefficient
       c:\Users\vdmn\Documents\develop\wxWidgets-git4\wxWidgets-new998\src\common\fileconf.cpp(1174): message : loop was not vectorized: vectorization possible but seems inefficient
       c:\Users\vdmn\Documents\develop\wxWidgets-git4\wxWidgets-new998\src\common\fileconf.cpp(1179): message : loop was not vectorized: vectorization possible but seems inefficient
       c:\Users\vdmn\Documents\develop\wxWidgets-git4\wxWidgets-new998\src\common\fileconf.cpp(1179): message : loop was not vectorized: vectorization possible but seems inefficient
       c:\Users\vdmn\Documents\develop\wxWidgets-git4\wxWidgets-new998\src\common\fileconf.cpp(1179): message : loop was not vectorized: vectorization possible but seems inefficient
       c:\Users\vdmn\Documents\develop\wxWidgets-git4\wxWidgets-new998\src\common\fileconf.cpp(1745): message : loop was not vectorized: vectorization possible but seems inefficient
       c:\Users\vdmn\Documents\develop\wxWidgets-git4\wxWidgets-new998\src\common\fileconf.cpp(1745): message : loop was not vectorized: vectorization possible but seems inefficient
       c:\Users\vdmn\Documents\develop\wxWidgets-git4\wxWidgets-new998\src\common\fileconf.cpp(1745): message : loop was not vectorized: vectorization possible but seems inefficient
       c:\Users\vdmn\Documents\develop\wxWidgets-git4\wxWidgets-new998\src\common\fileconf.cpp(948): message : loop was not vectorized: vectorization possible but seems inefficient
       c:\Users\vdmn\Documents\develop\wxWidgets-git4\wxWidgets-new998\src\common\fileconf.cpp(948): message : loop was not vectorized: vectorization possible but seems inefficient
       c:\Users\vdmn\Documents\develop\wxWidgets-git4\wxWidgets-new998\src\common\fileconf.cpp(948): message : loop was not vectorized: vectorization possible but seems inefficient
       c:\Users\vdmn\Documents\develop\wxWidgets-git4\wxWidgets-new998\include\wx\textbuf.h(50): message : LOOP WAS VECTORIZED
       c:\Users\vdmn\Documents\develop\wxWidgets-git4\wxWidgets-new998\include\wx\textbuf.h(50): message : LOOP WAS VECTORIZED
       c:\Users\vdmn\Documents\develop\wxWidgets-git4\wxWidgets-new998\include\wx\textbuf.h(50): message : loop was not vectorized: vectorization possible but seems inefficient
       c:\Users\vdmn\Documents\develop\wxWidgets-git4\wxWidgets-new998\include\wx\textbuf.h(50): message : LOOP WAS VECTORIZED
       c:\Users\vdmn\Documents\develop\wxWidgets-git4\wxWidgets-new998\include\wx\textbuf.h(50): message : loop was not vectorized: vectorization possible but seems inefficient
       c:\Users\vdmn\Documents\develop\wxWidgets-git4\wxWidgets-new998\src\common\fileconf.cpp(103): message : loop was not vectorized: vectorization possible but seems inefficient
       c:\Users\vdmn\Documents\develop\wxWidgets-git4\wxWidgets-new998\src\common\fileconf.cpp(105): message : loop was not vectorized: vectorization possible but seems inefficient
       c:\Users\vdmn\Documents\develop\wxWidgets-git4\wxWidgets-new998\src\common\fileconf.cpp(1685): message : loop was not vectorized: vectorization possible but seems inefficient
       c:\Users\vdmn\Documents\develop\wxWidgets-git4\wxWidgets-new998\src\common\fileconf.cpp(1692): message : loop was not vectorized: vectorization possible but seems inefficient
       c:\Users\vdmn\Documents\develop\wxWidgets-git4\wxWidgets-new998\src\common\fileconf.cpp(1692): message : loop was not vectorized: vectorization possible but seems inefficient
       c:\Users\vdmn\Documents\develop\wxWidgets-git4\wxWidgets-new998\src\common\filefn.cpp(2007): message : loop was not vectorized: vectorization possible but seems inefficient
       c:\Users\vdmn\Documents\develop\wxWidgets-git4\wxWidgets-new998\src\common\filesys.cpp(562): message : LOOP WAS VECTORIZED
       c:\Users\vdmn\Documents\develop\wxWidgets-git4\wxWidgets-new998\src\common\mimecmn.cpp(191): message : LOOP WAS VECTORIZED
       c:\Users\vdmn\Documents\develop\wxWidgets-git4\wxWidgets-new998\include\wx\mimetype.h(299): message : loop was not vectorized: vectorization possible but seems inefficient
       c:\Users\vdmn\Documents\develop\wxWidgets-git4\wxWidgets-new998\include\wx\mimetype.h(299): message : loop was not vectorized: vectorization possible but seems inefficient
       c:\Users\vdmn\Documents\develop\wxWidgets-git4\wxWidgets-new998\include\wx\mimetype.h(299): message : loop was not vectorized: vectorization possible but seems inefficient
       c:\Users\vdmn\Documents\develop\wxWidgets-git4\wxWidgets-new998\include\wx\mimetype.h(299): message : loop was not vectorized: vectorization possible but seems inefficient
       c:\Users\vdmn\Documents\develop\wxWidgets-git4\wxWidgets-new998\include\wx\mimetype.h(299): message : loop was not vectorized: vectorization possible but seems inefficient
       c:\Users\vdmn\Documents\develop\wxWidgets-git4\wxWidgets-new998\include\wx\mimetype.h(499): message : loop was not vectorized: vectorization possible but seems inefficient
       c:\Users\vdmn\Documents\develop\wxWidgets-git4\wxWidgets-new998\include\wx\mimetype.h(499): message : loop was not vectorized: vectorization possible but seems inefficient
       c:\Users\vdmn\Documents\develop\wxWidgets-git4\wxWidgets-new998\src\zlib\trees.c(803): message : LOOP WAS VECTORIZED
       c:\Users\vdmn\Documents\develop\wxWidgets-git4\wxWidgets-new998\include\wx\fswatcher.h(91): message : BLOCK WAS VECTORIZED
       c:\Users\vdmn\Documents\develop\wxWidgets-git4\wxWidgets-new998\src\common\hash.cpp(375): message : BLOCK WAS VECTORIZED
       c:\Users\vdmn\Documents\develop\wxWidgets-git4\wxWidgets-new998\src\common\hash.cpp(391): message : LOOP WAS VECTORIZED
       c:\Users\vdmn\Documents\develop\wxWidgets-git4\wxWidgets-new998\src\common\intl.cpp(193): message : loop was not vectorized: vectorization possible but seems inefficient
       c:\Users\vdmn\Documents\develop\wxWidgets-git4\wxWidgets-new998\src\common\intl.cpp(194): message : LOOP WAS VECTORIZED
       c:\Users\vdmn\Documents\develop\wxWidgets-git4\wxWidgets-new998\src\common\intl.cpp(194): message : LOOP WAS VECTORIZED
       c:\Users\vdmn\Documents\develop\wxWidgets-git4\wxWidgets-new998\src\common\intl.cpp(193): message : loop was not vectorized: vectorization possible but seems inefficient
       c:\Users\vdmn\Documents\develop\wxWidgets-git4\wxWidgets-new998\src\common\intl.cpp(193): message : loop was not vectorized: vectorization possible but seems inefficient
       c:\Users\vdmn\Documents\develop\wxWidgets-git4\wxWidgets-new998\src\common\intl.cpp(1022): message : loop was not vectorized: vectorization possible but seems inefficient
       c:\Users\vdmn\Documents\develop\wxWidgets-git4\wxWidgets-new998\src\common\intl.cpp(1026): message : loop was not vectorized: vectorization possible but seems inefficient
       c:\Users\vdmn\Documents\develop\wxWidgets-git4\wxWidgets-new998\src\common\intl.cpp(1026): message : loop was not vectorized: vectorization possible but seems inefficient
       c:\Users\vdmn\Documents\develop\wxWidgets-git4\wxWidgets-new998\src\common\intl.cpp(1026): message : loop was not vectorized: vectorization possible but seems inefficient
       c:\Users\vdmn\Documents\develop\wxWidgets-git4\wxWidgets-new998\src\common\intl.cpp(1026): message : loop was not vectorized: vectorization possible but seems inefficient
       c:\Users\vdmn\Documents\develop\wxWidgets-git4\wxWidgets-new998\src\common\intl.cpp(1034): message : loop was not vectorized: vectorization possible but seems inefficient
       c:\Users\vdmn\Documents\develop\wxWidgets-git4\wxWidgets-new998\src\common\intl.cpp(1034): message : loop was not vectorized: vectorization possible but seems inefficient
       c:\Users\vdmn\Documents\develop\wxWidgets-git4\wxWidgets-new998\src\common\mimecmn.cpp(191): message : LOOP WAS VECTORIZED
       c:\Users\vdmn\Documents\develop\wxWidgets-git4\wxWidgets-new998\src\common\platinfo.cpp(315): message : loop was not vectorized: vectorization possible but seems inefficient
       c:\Users\vdmn\Documents\develop\wxWidgets-git4\wxWidgets-new998\src\common\platinfo.cpp(317): message : loop was not vectorized: vectorization possible but seems inefficient
       c:\Users\vdmn\Documents\develop\wxWidgets-git4\wxWidgets-new998\src\common\platinfo.cpp(317): message : loop was not vectorized: vectorization possible but seems inefficient
       c:\Users\vdmn\Documents\develop\wxWidgets-git4\wxWidgets-new998\src\common\platinfo.cpp(330): message : loop was not vectorized: vectorization possible but seems inefficient
       c:\Users\vdmn\Documents\develop\wxWidgets-git4\wxWidgets-new998\src\common\platinfo.cpp(334): message : loop was not vectorized: vectorization possible but seems inefficient
       c:\Users\vdmn\Documents\develop\wxWidgets-git4\wxWidgets-new998\src\common\platinfo.cpp(334): message : loop was not vectorized: vectorization possible but seems inefficient
       c:\Users\vdmn\Documents\develop\wxWidgets-git4\wxWidgets-new998\src\common\platinfo.cpp(334): message : loop was not vectorized: vectorization possible but seems inefficient
       c:\Users\vdmn\Documents\develop\wxWidgets-git4\wxWidgets-new998\src\common\platinfo.cpp(334): message : loop was not vectorized: vectorization possible but seems inefficient
       c:\Users\vdmn\Documents\develop\wxWidgets-git4\wxWidgets-new998\src\common\platinfo.cpp(334): message : loop was not vectorized: vectorization possible but seems inefficient
       c:\Users\vdmn\Documents\develop\wxWidgets-git4\wxWidgets-new998\src\common\platinfo.cpp(334): message : loop was not vectorized: vectorization possible but seems inefficient
       c:\Users\vdmn\Documents\develop\wxWidgets-git4\wxWidgets-new998\include\wx\power.h(55): message : BLOCK WAS VECTORIZED
       c:\Users\vdmn\Documents\develop\wxWidgets-git4\wxWidgets-new998\include\wx\process.h(159): message : BLOCK WAS VECTORIZED
       c:\Users\vdmn\Documents\develop\wxWidgets-git4\wxWidgets-new998\src\regex\regcomp.c(354): message : REVERSED LOOP WAS VECTORIZED
       c:\Users\vdmn\Documents\develop\wxWidgets-git4\wxWidgets-new998\src\regex\regcomp.c(361): message : LOOP WAS VECTORIZED
       c:\Users\vdmn\Documents\develop\wxWidgets-git4\wxWidgets-new998\src\regex\regc_nfa.c(826): message : BLOCK WAS VECTORIZED
       c:\Users\vdmn\Documents\develop\wxWidgets-git4\wxWidgets-new998\src\regex\regc_nfa.c(296): message : LOOP WAS VECTORIZED
       c:\Users\vdmn\Documents\develop\wxWidgets-git4\wxWidgets-new998\src\regex\regc_nfa.c(158): message : BLOCK WAS VECTORIZED
       c:\Users\vdmn\Documents\develop\wxWidgets-git4\wxWidgets-new998\src\regex\regc_nfa.c(959): message : BLOCK WAS VECTORIZED
       c:\Users\vdmn\Documents\develop\wxWidgets-git4\wxWidgets-new998\src\regex\regc_lex.c(79): message : loop was not vectorized: vectorization possible but seems inefficient
       c:\Users\vdmn\Documents\develop\wxWidgets-git4\wxWidgets-new998\src\regex\regcomp.c(595): message : BLOCK WAS VECTORIZED
       c:\Users\vdmn\Documents\develop\wxWidgets-git4\wxWidgets-new998\src\regex\regexec.c(245): message : OUTER LOOP WAS VECTORIZED
       c:\Users\vdmn\Documents\develop\wxWidgets-git4\wxWidgets-new998\src\regex\regexec.c(249): message : OUTER LOOP WAS VECTORIZED
       c:\Users\vdmn\Documents\develop\wxWidgets-git4\wxWidgets-new998\src\common\strconv.cpp(3454): message : LOOP WAS VECTORIZED
       c:\Users\vdmn\Documents\develop\wxWidgets-git4\wxWidgets-new998\src\common\string.cpp(1710): message : LOOP WAS VECTORIZED
       c:\Users\vdmn\Documents\develop\wxWidgets-git4\wxWidgets-new998\src\common\tarstrm.cpp(585): message : LOOP WAS VECTORIZED
       c:\Users\vdmn\Documents\develop\wxWidgets-git4\wxWidgets-new998\src\common\tarstrm.cpp(329): message : LOOP WAS VECTORIZED
       c:\Users\vdmn\Documents\develop\wxWidgets-git4\wxWidgets-new998\src\common\tarstrm.cpp(223): message : LOOP WAS VECTORIZED
       c:\Users\vdmn\Documents\develop\wxWidgets-git4\wxWidgets-new998\src\common\tarstrm.cpp(229): message : LOOP WAS VECTORIZED
       c:\Users\vdmn\Documents\develop\wxWidgets-git4\wxWidgets-new998\src\common\tarstrm.cpp(1274): message : BLOCK WAS VECTORIZED
       c:\Users\vdmn\Documents\develop\wxWidgets-git4\wxWidgets-new998\src\common\tarstrm.cpp(558): message : BLOCK WAS VECTORIZED
       c:\Program Files (x86)\Microsoft Visual Studio 12.0\VC\include\xstring(1179): message : LOOP WAS VECTORIZED
       c:\Program Files (x86)\Microsoft Visual Studio 12.0\VC\include\xstring(1098): message : LOOP WAS VECTORIZED
       c:\Program Files (x86)\Microsoft Visual Studio 12.0\VC\include\xstring(1282): message : LOOP WAS VECTORIZED
       c:\Users\vdmn\Documents\develop\wxWidgets-git4\wxWidgets-new998\include\wx\ustring.h(72): message : LOOP WAS VECTORIZED
       c:\Users\vdmn\Documents\develop\wxWidgets-git4\wxWidgets-new998\include\wx\ustring.h(73): message : LOOP WAS VECTORIZED
       c:\Users\vdmn\Documents\develop\wxWidgets-git4\wxWidgets-new998\include\wx\ustring.h(74): message : LOOP WAS VECTORIZED
       c:\Users\vdmn\Documents\develop\wxWidgets-git4\wxWidgets-new998\include\wx\ustring.h(75): message : LOOP WAS VECTORIZED
       c:\Users\vdmn\Documents\develop\wxWidgets-git4\wxWidgets-new998\include\wx\ustring.h(76): message : LOOP WAS VECTORIZED
       c:\Users\vdmn\Documents\develop\wxWidgets-git4\wxWidgets-new998\include\wx\ustring.h(83): message : LOOP WAS VECTORIZED
       c:\Users\vdmn\Documents\develop\wxWidgets-git4\wxWidgets-new998\src\common\ustring.cpp(42): message : LOOP WAS VECTORIZED
       c:\Users\vdmn\Documents\develop\wxWidgets-git4\wxWidgets-new998\src\common\ustring.cpp(72): message : LOOP WAS VECTORIZED
       c:\Users\vdmn\Documents\develop\wxWidgets-git4\wxWidgets-new998\include\wx\ustring.h(245): message : LOOP WAS VECTORIZED
       c:\Users\vdmn\Documents\develop\wxWidgets-git4\wxWidgets-new998\include\wx\ustring.h(322): message : LOOP WAS VECTORIZED
       c:\Users\vdmn\Documents\develop\wxWidgets-git4\wxWidgets-new998\include\wx\ustring.h(346): message : LOOP WAS VECTORIZED
       c:\Users\vdmn\Documents\develop\wxWidgets-git4\wxWidgets-new998\include\wx\ustring.h(361): message : LOOP WAS VECTORIZED
       c:\Users\vdmn\Documents\develop\wxWidgets-git4\wxWidgets-new998\include\wx\ustring.h(371): message : LOOP WAS VECTORIZED
       c:\Users\vdmn\Documents\develop\wxWidgets-git4\wxWidgets-new998\include\wx\ustring.h(423): message : LOOP WAS VECTORIZED
       c:\Users\vdmn\Documents\develop\wxWidgets-git4\wxWidgets-new998\include\wx\ustring.h(526): message : LOOP WAS VECTORIZED
       c:\Users\vdmn\Documents\develop\wxWidgets-git4\wxWidgets-new998\src\common\utilscmn.cpp(345): message : loop was not vectorized: vectorization possible but seems inefficient
       c:\Users\vdmn\Documents\develop\wxWidgets-git4\wxWidgets-new998\src\common\zipstrm.cpp(805): message : LOOP WAS VECTORIZED
       c:\Users\vdmn\Documents\develop\wxWidgets-git4\wxWidgets-new998\src\zlib\inflate.c(1047): message : LOOP WAS VECTORIZED
       c:\Users\vdmn\Documents\develop\wxWidgets-git4\wxWidgets-new998\src\zlib\inffast.c(290): message : PARTIAL LOOP WAS VECTORIZED
       c:\Users\vdmn\Documents\develop\wxWidgets-git4\wxWidgets-new998\src\zlib\inffast.c(307): message : LOOP WAS VECTORIZED
       c:\Users\vdmn\Documents\develop\wxWidgets-git4\wxWidgets-new998\src\zlib\inftrees.c(117): message : LOOP WAS VECTORIZED
       c:\Users\vdmn\Documents\develop\wxWidgets-git4\wxWidgets-new998\src\zlib\inftrees.c(117): message : LOOP WAS VECTORIZED
       c:\Users\vdmn\Documents\develop\wxWidgets-git4\wxWidgets-new998\src\zlib\inftrees.c(117): message : LOOP WAS VECTORIZED
       c:\Users\vdmn\Documents\develop\wxWidgets-git4\wxWidgets-new998\src\zlib\inflate.c(1047): message : LOOP WAS VECTORIZED
       c:\Users\vdmn\Documents\develop\wxWidgets-git4\wxWidgets-new998\src\msw\dlmsw.cpp(212): message : loop was not vectorized: vectorization possible but seems inefficient
       c:\Users\vdmn\Documents\develop\wxWidgets-git4\wxWidgets-new998\include\wx\vector.h(408): message : LOOP WAS VECTORIZED
       c:\Users\vdmn\Documents\develop\wxWidgets-git4\wxWidgets-new998\include\wx\vector.h(289): message : loop was not vectorized: vectorization possible but seems inefficient
       c:\Users\vdmn\Documents\develop\wxWidgets-git4\wxWidgets-new998\src\zlib\inftrees.c(117): message : LOOP WAS VECTORIZED
       c:\Users\vdmn\Documents\develop\wxWidgets-git4\wxWidgets-new998\src\zlib\inflate.c(1488): message : PARTIAL LOOP WAS VECTORIZED
       c:\Users\vdmn\Documents\develop\wxWidgets-git4\wxWidgets-new998\src\regex\rege_dfa.c(485): message : LOOP WAS VECTORIZED
       c:\Users\vdmn\Documents\develop\wxWidgets-git4\wxWidgets-new998\src\regex\rege_dfa.c(543): message : LOOP WAS VECTORIZED
       c:\Users\vdmn\Documents\develop\wxWidgets-git4\wxWidgets-new998\src\regex\rege_dfa.c(560): message : LOOP WAS VECTORIZED
       c:\Users\vdmn\Documents\develop\wxWidgets-git4\wxWidgets-new998\src\regex\rege_dfa.c(631): message : PARTIAL LOOP WAS VECTORIZED
       c:\Users\vdmn\Documents\develop\wxWidgets-git4\wxWidgets-new998\src\regex\rege_dfa.c(631): message : PARTIAL LOOP WAS VECTORIZED
       c:\Users\vdmn\Documents\develop\wxWidgets-git4\wxWidgets-new998\src\regex\regcomp.c(913): message : LOOP WAS VECTORIZED
       c:\Users\vdmn\Documents\develop\wxWidgets-git4\wxWidgets-new998\src\regex\regcomp.c(1314): message : LOOP WAS VECTORIZED
       c:\Users\vdmn\Documents\develop\wxWidgets-git4\wxWidgets-new998\src\regex\regcomp.c(1314): message : LOOP WAS VECTORIZED
       c:\Users\vdmn\Documents\develop\wxWidgets-git4\wxWidgets-new998\src\regex\regc_cvec.c(66): message : LOOP WAS VECTORIZED
       c:\Users\vdmn\Documents\develop\wxWidgets-git4\wxWidgets-new998\src\regex\regc_locale.c(1017): message : LOOP WAS VECTORIZED
       c:\Users\vdmn\Documents\develop\wxWidgets-git4\wxWidgets-new998\src\regex\regc_locale.c(1061): message : LOOP WAS VECTORIZED
       c:\Users\vdmn\Documents\develop\wxWidgets-git4\wxWidgets-new998\src\regex\regc_locale.c(1025): message : LOOP WAS VECTORIZED
       c:\Users\vdmn\Documents\develop\wxWidgets-git4\wxWidgets-new998\src\regex\regc_locale.c(990): message : LOOP WAS VECTORIZED
       c:\Users\vdmn\Documents\develop\wxWidgets-git4\wxWidgets-new998\src\regex\regc_locale.c(1043): message : LOOP WAS VECTORIZED
       c:\Users\vdmn\Documents\develop\wxWidgets-git4\wxWidgets-new998\src\regex\regc_locale.c(1079): message : LOOP WAS VECTORIZED
       c:\Users\vdmn\Documents\develop\wxWidgets-git4\wxWidgets-new998\src\regex\regc_locale.c(978): message : LOOP WAS VECTORIZED
       c:\Users\vdmn\Documents\develop\wxWidgets-git4\wxWidgets-new998\src\regex\regc_locale.c(973): message : LOOP WAS VECTORIZED
       c:\Users\vdmn\Documents\develop\wxWidgets-git4\wxWidgets-new998\src\regex\regc_locale.c(968): message : LOOP WAS VECTORIZED
       c:\Users\vdmn\Documents\develop\wxWidgets-git4\wxWidgets-new998\src\regex\regc_locale.c(962): message : LOOP WAS VECTORIZED
       c:\Users\vdmn\Documents\develop\wxWidgets-git4\wxWidgets-new998\src\regex\regc_locale.c(944): message : LOOP WAS VECTORIZED
       c:\Users\vdmn\Documents\develop\wxWidgets-git4\wxWidgets-new998\src\regex\regc_locale.c(919): message : LOOP WAS VECTORIZED
       c:\Users\vdmn\Documents\develop\wxWidgets-git4\wxWidgets-new998\src\regex\regc_locale.c(1208): message : LOOP WAS VECTORIZED
       c:\Users\vdmn\Documents\develop\wxWidgets-git4\wxWidgets-new998\src\regex\regc_locale.c(1211): message : LOOP WAS VECTORIZED
       c:\Users\vdmn\Documents\develop\wxWidgets-git4\wxWidgets-new998\src\regex\regcomp.c(1709): message : BLOCK WAS VECTORIZED
       c:\Users\vdmn\Documents\develop\wxWidgets-git4\wxWidgets-new998\src\regex\regcomp.c(1740): message : BLOCK WAS VECTORIZED
       c:\Users\vdmn\Documents\develop\wxWidgets-git4\wxWidgets-new998\src\regex\regc_color.c(466): message : LOOP WAS VECTORIZED
       c:\Users\vdmn\Documents\develop\wxWidgets-git4\wxWidgets-new998\src\regex\regc_locale.c(751): message : LOOP WAS VECTORIZED
       c:\Users\vdmn\Documents\develop\wxWidgets-git4\wxWidgets-new998\src\regex\regc_locale.c(766): message : LOOP WAS VECTORIZED
       c:\Users\vdmn\Documents\develop\wxWidgets-git4\wxWidgets-new998\src\regex\regcomp.c(1375): message : BLOCK WAS VECTORIZED
       c:\Users\vdmn\Documents\develop\wxWidgets-git4\wxWidgets-new998\src\regex\regcomp.c(652): message : BLOCK WAS VECTORIZED
       c:\Users\vdmn\Documents\develop\wxWidgets-git4\wxWidgets-new998\src\regex\regcomp.c(653): message : BLOCK WAS VECTORIZED
       c:\Users\vdmn\Documents\develop\wxWidgets-git4\wxWidgets-new998\src\regex\regcomp.c(723): message : BLOCK WAS VECTORIZED
       c:\Users\vdmn\Documents\develop\wxWidgets-git4\wxWidgets-new998\include\wx\string.h(1232): message : LOOP WAS VECTORIZED
       c:\Users\vdmn\Documents\develop\wxWidgets-git4\wxWidgets-new998\src\common\datetimefmt.cpp(250): message : loop was not vectorized: vectorization possible but seems inefficient
       c:\Users\vdmn\Documents\develop\wxWidgets-git4\wxWidgets-new998\src\common\datetimefmt.cpp(256): message : loop was not vectorized: vectorization possible but seems inefficient
       c:\Users\vdmn\Documents\develop\wxWidgets-git4\wxWidgets-new998\src\common\datetimefmt.cpp(256): message : loop was not vectorized: vectorization possible but seems inefficient
       c:\Users\vdmn\Documents\develop\wxWidgets-git4\wxWidgets-new998\src\common\datetimefmt.cpp(263): message : loop was not vectorized: vectorization possible but seems inefficient
       c:\Users\vdmn\Documents\develop\wxWidgets-git4\wxWidgets-new998\src\common\datetimefmt.cpp(263): message : loop was not vectorized: vectorization possible but seems inefficient
       c:\Users\vdmn\Documents\develop\wxWidgets-git4\wxWidgets-new998\src\common\datetimefmt.cpp(273): message : loop was not vectorized: vectorization possible but seems inefficient
       c:\Users\vdmn\Documents\develop\wxWidgets-git4\wxWidgets-new998\src\common\datetimefmt.cpp(273): message : loop was not vectorized: vectorization possible but seems inefficient
       c:\Users\vdmn\Documents\develop\wxWidgets-git4\wxWidgets-new998\src\common\datetimefmt.cpp(280): message : loop was not vectorized: vectorization possible but seems inefficient
       c:\Users\vdmn\Documents\develop\wxWidgets-git4\wxWidgets-new998\src\common\datetimefmt.cpp(280): message : loop was not vectorized: vectorization possible but seems inefficient
       c:\Users\vdmn\Documents\develop\wxWidgets-git4\wxWidgets-new998\src\common\datetimefmt.cpp(168): message : loop was not vectorized: vectorization possible but seems inefficient
       c:\Users\vdmn\Documents\develop\wxWidgets-git4\wxWidgets-new998\src\common\datetimefmt.cpp(176): message : loop was not vectorized: vectorization possible but seems inefficient
       c:\Users\vdmn\Documents\develop\wxWidgets-git4\wxWidgets-new998\src\common\datetimefmt.cpp(176): message : loop was not vectorized: vectorization possible but seems inefficient
       c:\Users\vdmn\Documents\develop\wxWidgets-git4\wxWidgets-new998\src\common\datetimefmt.cpp(183): message : loop was not vectorized: vectorization possible but seems inefficient
       c:\Users\vdmn\Documents\develop\wxWidgets-git4\wxWidgets-new998\src\common\datetimefmt.cpp(183): message : loop was not vectorized: vectorization possible but seems inefficient
       c:\Users\vdmn\Documents\develop\wxWidgets-git4\wxWidgets-new998\src\common\datetimefmt.cpp(193): message : loop was not vectorized: vectorization possible but seems inefficient
       c:\Users\vdmn\Documents\develop\wxWidgets-git4\wxWidgets-new998\src\common\datetimefmt.cpp(193): message : loop was not vectorized: vectorization possible but seems inefficient
       c:\Users\vdmn\Documents\develop\wxWidgets-git4\wxWidgets-new998\src\common\datetimefmt.cpp(209): message : loop was not vectorized: vectorization possible but seems inefficient
       c:\Users\vdmn\Documents\develop\wxWidgets-git4\wxWidgets-new998\src\common\datetimefmt.cpp(209): message : loop was not vectorized: vectorization possible but seems inefficient
       c:\Users\vdmn\Documents\develop\wxWidgets-git4\wxWidgets-new998\src\common\datetime.cpp(2171): message : loop was not vectorized: vectorization possible but seems inefficient
       c:\Users\vdmn\Documents\develop\wxWidgets-git4\wxWidgets-new998\src\common\fileconf.cpp(2137): message : loop was not vectorized: vectorization possible but seems inefficient
       c:\Users\vdmn\Documents\develop\wxWidgets-git4\wxWidgets-new998\src\common\filesys.cpp(648): message : loop was not vectorized: vectorization possible but seems inefficient
       c:\Users\vdmn\Documents\develop\wxWidgets-git4\wxWidgets-new998\src\common\fileconf.cpp(1652): message : loop was not vectorized: vectorization possible but seems inefficient
       c:\Users\vdmn\Documents\develop\wxWidgets-git4\wxWidgets-new998\src\common\fileconf.cpp(1659): message : loop was not vectorized: vectorization possible but seems inefficient
       c:\Users\vdmn\Documents\develop\wxWidgets-git4\wxWidgets-new998\src\common\fileconf.cpp(1659): message : loop was not vectorized: vectorization possible but seems inefficient
       c:\Users\vdmn\Documents\develop\wxWidgets-git4\wxWidgets-new998\src\common\fileconf.cpp(1713): message : loop was not vectorized: vectorization possible but seems inefficient
       c:\Users\vdmn\Documents\develop\wxWidgets-git4\wxWidgets-new998\src\common\fileconf.cpp(1713): message : loop was not vectorized: vectorization possible but seems inefficient
       c:\Users\vdmn\Documents\develop\wxWidgets-git4\wxWidgets-new998\src\common\fileconf.cpp(1713): message : loop was not vectorized: vectorization possible but seems inefficient
       c:\Users\vdmn\Documents\develop\wxWidgets-git4\wxWidgets-new998\src\regex\rege_dfa.c(429): message : LOOP WAS VECTORIZED
       c:\Users\vdmn\Documents\develop\wxWidgets-git4\wxWidgets-new998\src\regex\rege_dfa.c(432): message : LOOP WAS VECTORIZED
       c:\Users\vdmn\Documents\develop\wxWidgets-git4\wxWidgets-new998\src\regex\rege_dfa.c(441): message : LOOP WAS VECTORIZED
       c:\Users\vdmn\Documents\develop\wxWidgets-git4\wxWidgets-new998\src\msw\debughlp.cpp(494): message : LOOP WAS VECTORIZED
       c:\Users\vdmn\Documents\develop\wxWidgets-git4\wxWidgets-new998\src\msw\debughlp.cpp(393): message : LOOP WAS VECTORIZED
       c:\Users\vdmn\Documents\develop\wxWidgets-git4\wxWidgets-new998\src\common\tarstrm.cpp(1145): message : BLOCK WAS VECTORIZED
       c:\Users\vdmn\Documents\develop\wxWidgets-git4\wxWidgets-new998\src\common\tarstrm.cpp(868): message : LOOP WAS VECTORIZED
       c:\Users\vdmn\Documents\develop\wxWidgets-git4\wxWidgets-new998\src\common\tarstrm.cpp(873): message : LOOP WAS VECTORIZED
       c:\Users\vdmn\Documents\develop\wxWidgets-git4\wxWidgets-new998\src\common\encconv.cpp(150): message : LOOP WAS VECTORIZED
       c:\Users\vdmn\Documents\develop\wxWidgets-git4\wxWidgets-new998\src\common\encconv.cpp(185): message : LOOP WAS VECTORIZED
       c:\Users\vdmn\Documents\develop\wxWidgets-git4\wxWidgets-new998\src\common\encconv.cpp(192): message : LOOP WAS VECTORIZED
       c:\Users\vdmn\Documents\develop\wxWidgets-git4\wxWidgets-new998\src\common\encconv.cpp(197): message : LOOP WAS VECTORIZED
         xilink: executing 'link'
            Creating library ..\..\lib\vc_Win32_dll\wxbase31u_vc_vdm.lib and object ..\..\lib\vc_Win32_dll\wxbase31u_vc_vdm.exp
         wx_vc_vdm_base.vcxproj -> c:\Users\vdmn\Documents\develop\wxWidgets-git4\wxWidgets-new998\build\msw\..\..\lib\vc_Win32_dll\wxbase31u_vc_vdm.dll
     1>Done Building Project "c:\Users\vdmn\Documents\develop\wxWidgets-git4\wxWidgets-new998\build\msw\wx_vc_vdm_base.vcxproj" (Build target(s)).

Build succeeded.

Time Elapsed 00:01:24.12
