C:\USERS\VDMW\DOCUMENTS\VDM\MSYS\1.0\HOME\ROOT\WXWIDGETS-GIT4\WXWIDGETS-MSW2\SAMPLES\COMBO\VC_MSWUDLL\COMBO.EXE
C:\USERS\VDMW\DOCUMENTS\VDM\MSYS\1.0\HOME\ROOT\WXWIDGETS-GIT4\WXWIDGETS-MSW2\SAMPLES\COMBO\VC_MSWUDLL\COMBO.PDB
c:\Users\vdmw\Documents\vdm\msys\1.0\home\root\wxWidgets-git4\wxWidgets-msw2\samples\combo\vc_mswudll\combo\cl.command.1.tlog
c:\Users\vdmw\Documents\vdm\msys\1.0\home\root\wxWidgets-git4\wxWidgets-msw2\samples\combo\vc_mswudll\combo\CL.read.1.tlog
c:\Users\vdmw\Documents\vdm\msys\1.0\home\root\wxWidgets-git4\wxWidgets-msw2\samples\combo\vc_mswudll\combo\CL.write.1.tlog
C:\USERS\VDMW\DOCUMENTS\VDM\MSYS\1.0\HOME\ROOT\WXWIDGETS-GIT4\WXWIDGETS-MSW2\SAMPLES\COMBO\VC_MSWUDLL\COMBO\COMBO.EXE.INTERMEDIATE.MANIFEST
C:\USERS\VDMW\DOCUMENTS\VDM\MSYS\1.0\HOME\ROOT\WXWIDGETS-GIT4\WXWIDGETS-MSW2\SAMPLES\COMBO\VC_MSWUDLL\COMBO\COMBO.OBJ
c:\Users\vdmw\Documents\vdm\msys\1.0\home\root\wxWidgets-git4\wxWidgets-msw2\samples\combo\vc_mswudll\combo\link.command.1.tlog
c:\Users\vdmw\Documents\vdm\msys\1.0\home\root\wxWidgets-git4\wxWidgets-msw2\samples\combo\vc_mswudll\combo\link.read.1.tlog
c:\Users\vdmw\Documents\vdm\msys\1.0\home\root\wxWidgets-git4\wxWidgets-msw2\samples\combo\vc_mswudll\combo\link.write.1.tlog
c:\Users\vdmw\Documents\vdm\msys\1.0\home\root\wxWidgets-git4\wxWidgets-msw2\samples\combo\vc_mswudll\combo\link-cvtres.read.1.tlog
c:\Users\vdmw\Documents\vdm\msys\1.0\home\root\wxWidgets-git4\wxWidgets-msw2\samples\combo\vc_mswudll\combo\link-cvtres.write.1.tlog
c:\Users\vdmw\Documents\vdm\msys\1.0\home\root\wxWidgets-git4\wxWidgets-msw2\samples\combo\vc_mswudll\combo\mt.command.1.tlog
c:\Users\vdmw\Documents\vdm\msys\1.0\home\root\wxWidgets-git4\wxWidgets-msw2\samples\combo\vc_mswudll\combo\mt.read.1.tlog
c:\Users\vdmw\Documents\vdm\msys\1.0\home\root\wxWidgets-git4\wxWidgets-msw2\samples\combo\vc_mswudll\combo\mt.write.1.tlog
c:\Users\vdmw\Documents\vdm\msys\1.0\home\root\wxWidgets-git4\wxWidgets-msw2\samples\combo\vc_mswudll\combo\rc.command.1.tlog
c:\Users\vdmw\Documents\vdm\msys\1.0\home\root\wxWidgets-git4\wxWidgets-msw2\samples\combo\vc_mswudll\combo\rc.read.1.tlog
c:\Users\vdmw\Documents\vdm\msys\1.0\home\root\wxWidgets-git4\wxWidgets-msw2\samples\combo\vc_mswudll\combo\rc.write.1.tlog
C:\USERS\VDMW\DOCUMENTS\VDM\MSYS\1.0\HOME\ROOT\WXWIDGETS-GIT4\WXWIDGETS-MSW2\SAMPLES\COMBO\VC_MSWUDLL\COMBO\SAMPLE.RES
vc_mswudll\combo.pdb
